<?xml version="1.0" encoding="UTF-8"?>
<testsuite name="pl.jerckov.cdc.crm.services.UserServiceRestClientTest" tests="2" skipped="0" failures="0" errors="0" timestamp="2017-12-12T11:36:05" hostname="jedrzej-HP-Pavilion-g6-Notebook-PC" time="0.667">
  <properties/>
  <testcase name="shouldNotFoundUser" classname="pl.jerckov.cdc.crm.services.UserServiceRestClientTest" time="0.343"/>
  <testcase name="shouldGetUser" classname="pl.jerckov.cdc.crm.services.UserServiceRestClientTest" time="0.324"/>
  <system-out><![CDATA[12:36:02.004 [Test worker] INFO org.springframework.cloud.contract.stubrunner.StubDownloaderBuilderProvider - Classpath scanning will be used due to passed propreties
12:36:02.017 [Test worker] DEBUG org.springframework.cloud.contract.stubrunner.StubRunnerFactory - Will download stubs for dependencies [pl.jerckov.cdc:user-service:+:stubs]
12:36:02.028 [Test worker] DEBUG org.springframework.core.io.support.PathMatchingResourcePatternResolver - Resolved classpath location [/META-INF/] to resources [URL [jar:file:/usr/lib/jvm/java-8-openjdk-amd64/jre/lib/ext/sunec.jar!/META-INF/], URL [jar:file:/usr/lib/jvm/java-8-openjdk-amd64/jre/lib/ext/sunjce_provider.jar!/META-INF/], URL [jar:file:/usr/lib/jvm/java-8-openjdk-amd64/jre/lib/ext/sunpkcs11.jar!/META-INF/], URL [jar:file:/usr/lib/jvm/java-8-openjdk-amd64/jre/lib/ext/icedtea-sound.jar!/META-INF/], URL [jar:file:/usr/lib/jvm/java-8-openjdk-amd64/jre/lib/ext/nashorn.jar!/META-INF/], URL [jar:file:/usr/lib/jvm/java-8-openjdk-amd64/jre/lib/ext/zipfs.jar!/META-INF/], URL [jar:file:/usr/lib/jvm/java-8-openjdk-amd64/jre/lib/ext/cldrdata.jar!/META-INF/], URL [jar:file:/usr/lib/jvm/java-8-openjdk-amd64/jre/lib/ext/jaccess.jar!/META-INF/], URL [jar:file:/usr/lib/jvm/java-8-openjdk-amd64/jre/lib/ext/dnsns.jar!/META-INF/], URL [jar:file:/usr/lib/jvm/java-8-openjdk-amd64/jre/lib/ext/localedata.jar!/META-INF/], URL [jar:file:/home/jedrzej/.gradle/caches/modules-2/files-2.1/org.springframework.boot/spring-boot-starter-web/1.5.9.RELEASE/bda9733d5e6ba6d1a97deead1738713dc0631b3e/spring-boot-starter-web-1.5.9.RELEASE.jar!/META-INF/], URL [jar:file:/home/jedrzej/.gradle/caches/modules-2/files-2.1/org.springframework.cloud/spring-cloud-starter-contract-stub-runner/1.2.1.RELEASE/644fc2f14924bae8b283bfc98f1a3ba06e79d8c6/spring-cloud-starter-contract-stub-runner-1.2.1.RELEASE.jar!/META-INF/], URL [jar:file:/home/jedrzej/.gradle/caches/modules-2/files-2.1/org.assertj/assertj-core/3.8.0/b209d90ff2e279bee3e02547ee7b11349c52d0e3/assertj-core-3.8.0.jar!/META-INF/], URL [jar:file:/home/jedrzej/.m2/repository/pl/jerckov/cdc/user-service/1.0.0/user-service-1.0.0-stubs.jar!/META-INF/], URL [jar:file:/home/jedrzej/.gradle/caches/modules-2/files-2.1/org.springframework.boot/spring-boot-starter/1.5.9.RELEASE/6bfb34db2715ee86c6e2337fa145650588b4b1b3/spring-boot-starter-1.5.9.RELEASE.jar!/META-INF/], URL [jar:file:/home/jedrzej/.gradle/caches/modules-2/files-2.1/org.springframework.boot/spring-boot-starter-tomcat/1.5.9.RELEASE/4615056f8a2bcad03ba8cdf410419ee3d101c5bb/spring-boot-starter-tomcat-1.5.9.RELEASE.jar!/META-INF/], URL [jar:file:/home/jedrzej/.gradle/caches/modules-2/files-2.1/org.hibernate/hibernate-validator/5.3.6.Final/4c730be8bf55a8e9a61e79a2f2c079abf48b718/hibernate-validator-5.3.6.Final.jar!/META-INF/], URL [jar:file:/home/jedrzej/.gradle/caches/modules-2/files-2.1/com.fasterxml.jackson.core/jackson-databind/2.8.10/f7b83cb2bc4b88d53961e749e1ad32f49ef017b7/jackson-databind-2.8.10.jar!/META-INF/], URL [jar:file:/home/jedrzej/.gradle/caches/modules-2/files-2.1/org.springframework/spring-web/4.3.13.RELEASE/7cd084992d546165ede3e99bc31ee49c937f0ce7/spring-web-4.3.13.RELEASE.jar!/META-INF/], URL [jar:file:/home/jedrzej/.gradle/caches/modules-2/files-2.1/org.springframework/spring-webmvc/4.3.13.RELEASE/87a095c7a1d13fe433ae6712787238c1dbaa6919/spring-webmvc-4.3.13.RELEASE.jar!/META-INF/], URL [jar:file:/home/jedrzej/.gradle/caches/modules-2/files-2.1/org.springframework.cloud/spring-cloud-contract-stub-runner/1.2.1.RELEASE/e6741b94f6b66cc91d0940b209f2ca812b2093ca/spring-cloud-contract-stub-runner-1.2.1.RELEASE.jar!/META-INF/], URL [jar:file:/home/jedrzej/.gradle/caches/modules-2/files-2.1/org.springframework.integration/spring-integration-java-dsl/1.2.3.RELEASE/18c3f888579e48917093b0c74da809a5ba1f4ea8/spring-integration-java-dsl-1.2.3.RELEASE.jar!/META-INF/], URL [jar:file:/home/jedrzej/.gradle/caches/modules-2/files-2.1/org.springframework.boot/spring-boot-starter-test/1.5.8.RELEASE/20b767f594924b32950286f1236ab7d68ff861f9/spring-boot-starter-test-1.5.8.RELEASE.jar!/META-INF/], URL [jar:file:/home/jedrzej/.gradle/caches/modules-2/files-2.1/org.springframework.cloud/spring-cloud-stream-test-support/1.3.0.RELEASE/d385040309f0b0a20407e62ea4fdab58d1f3c7c9/spring-cloud-stream-test-support-1.3.0.RELEASE.jar!/META-INF/], URL [jar:file:/home/jedrzej/.gradle/caches/modules-2/files-2.1/org.springframework.cloud/spring-cloud-contract-wiremock/1.2.1.RELEASE/b35aee623e66df33d98785037412fb6ad1efcbc9/spring-cloud-contract-wiremock-1.2.1.RELEASE.jar!/META-INF/], URL [jar:file:/home/jedrzej/.gradle/caches/modules-2/files-2.1/org.eclipse.aether/aether-api/1.0.2.v20150114/839f93a5213fb3e233b09bfd6d6b95669f7043c0/aether-api-1.0.2.v20150114.jar!/META-INF/], URL [jar:file:/home/jedrzej/.gradle/caches/modules-2/files-2.1/org.springframework.boot/spring-boot/1.5.9.RELEASE/f472cdf948288796fb31e0bb03f6e7b022b763a0/spring-boot-1.5.9.RELEASE.jar!/META-INF/], URL [jar:file:/home/jedrzej/.gradle/caches/modules-2/files-2.1/org.springframework.boot/spring-boot-autoconfigure/1.5.9.RELEASE/88dd18bdaf317ae40971573a051fd47265f2ed39/spring-boot-autoconfigure-1.5.9.RELEASE.jar!/META-INF/], URL [jar:file:/home/jedrzej/.gradle/caches/modules-2/files-2.1/org.springframework.boot/spring-boot-starter-logging/1.5.9.RELEASE/30fd62a1ce9639759d90d49608501082314c1628/spring-boot-starter-logging-1.5.9.RELEASE.jar!/META-INF/], URL [jar:file:/home/jedrzej/.gradle/caches/modules-2/files-2.1/org.springframework/spring-core/4.3.13.RELEASE/eea18d7f4d01f1baa1b6728b678b5a6fe23c61f6/spring-core-4.3.13.RELEASE.jar!/META-INF/], URL [jar:file:/home/jedrzej/.gradle/caches/modules-2/files-2.1/org.yaml/snakeyaml/1.17/7a27ea250c5130b2922b86dea63cbb1cc10a660c/snakeyaml-1.17.jar!/META-INF/], URL [jar:file:/home/jedrzej/.gradle/caches/modules-2/files-2.1/org.apache.tomcat.embed/tomcat-embed-core/8.5.23/79261793a47f507890ee08f749b9d81774e4f7f0/tomcat-embed-core-8.5.23.jar!/META-INF/], URL [jar:file:/home/jedrzej/.gradle/caches/modules-2/files-2.1/org.apache.tomcat.embed/tomcat-embed-el/8.5.23/98d979cde444dffa6d434c8377d0123b2dfa614c/tomcat-embed-el-8.5.23.jar!/META-INF/], URL [jar:file:/home/jedrzej/.gradle/caches/modules-2/files-2.1/org.apache.tomcat.embed/tomcat-embed-websocket/8.5.23/52f07abcae10dc7e1764304b0877def175c2c833/tomcat-embed-websocket-8.5.23.jar!/META-INF/], URL [jar:file:/home/jedrzej/.gradle/caches/modules-2/files-2.1/javax.validation/validation-api/1.1.0.Final/8613ae82954779d518631e05daa73a6a954817d5/validation-api-1.1.0.Final.jar!/META-INF/], URL [jar:file:/home/jedrzej/.gradle/caches/modules-2/files-2.1/org.jboss.logging/jboss-logging/3.3.0.Final/3616bb87707910296e2c195dc016287080bba5af/jboss-logging-3.3.0.Final.jar!/META-INF/], URL [jar:file:/home/jedrzej/.gradle/caches/modules-2/files-2.1/com.fasterxml/classmate/1.3.1/2ad2fd09dcf5607ca96f8ef432096a96986c40a/classmate-1.3.1.jar!/META-INF/], URL [jar:file:/home/jedrzej/.gradle/caches/modules-2/files-2.1/com.fasterxml.jackson.core/jackson-annotations/2.8.0/45b426f7796b741035581a176744d91090e2e6fb/jackson-annotations-2.8.0.jar!/META-INF/], URL [jar:file:/home/jedrzej/.gradle/caches/modules-2/files-2.1/com.fasterxml.jackson.core/jackson-core/2.8.10/eb21a035c66ad307e66ec8fce37f5d50fd62d039/jackson-core-2.8.10.jar!/META-INF/], URL [jar:file:/home/jedrzej/.gradle/caches/modules-2/files-2.1/org.springframework/spring-aop/4.3.13.RELEASE/61f427b55951f59b50f3c2bd0de3c48960e2a342/spring-aop-4.3.13.RELEASE.jar!/META-INF/], URL [jar:file:/home/jedrzej/.gradle/caches/modules-2/files-2.1/org.springframework/spring-beans/4.3.13.RELEASE/8613a7077722f1d97f8cb3fea4b0b40bfadf4496/spring-beans-4.3.13.RELEASE.jar!/META-INF/], URL [jar:file:/home/jedrzej/.gradle/caches/modules-2/files-2.1/org.springframework/spring-context/4.3.13.RELEASE/6ab1c189a13182fa3256f6bbc68fafdaf8f5a19e/spring-context-4.3.13.RELEASE.jar!/META-INF/], URL [jar:file:/home/jedrzej/.gradle/caches/modules-2/files-2.1/org.springframework/spring-expression/4.3.13.RELEASE/da22bf7df1262e429b49653be6cd5b89b6affe5e/spring-expression-4.3.13.RELEASE.jar!/META-INF/], URL [jar:file:/home/jedrzej/.gradle/caches/modules-2/files-2.1/org.springframework.cloud/spring-cloud-contract-verifier/1.2.1.RELEASE/fac14d3d87c5cf5cf0179bc4b8527a7a6256e100/spring-cloud-contract-verifier-1.2.1.RELEASE.jar!/META-INF/], URL [jar:file:/home/jedrzej/.gradle/caches/modules-2/files-2.1/org.springframework.cloud/spring-cloud-contract-shade/1.2.1.RELEASE/2bbfe9cf32da5cdd3e619436b49249c39a40ed51/spring-cloud-contract-shade-1.2.1.RELEASE.jar!/META-INF/], URL [jar:file:/home/jedrzej/.gradle/caches/modules-2/files-2.1/org.springframework.cloud/spring-cloud-contract-spec/1.2.1.RELEASE/effb5bed670b0e557d1dbe1daf85583295d9b60/spring-cloud-contract-spec-1.2.1.RELEASE.jar!/META-INF/], URL [jar:file:/home/jedrzej/.gradle/caches/modules-2/files-2.1/junit/junit/4.12/2973d150c0dc1fefe998f834810d68f278ea58ec/junit-4.12.jar!/META-INF/], URL [jar:file:/home/jedrzej/.gradle/caches/modules-2/files-2.1/org.springframework.integration/spring-integration-core/4.3.12.RELEASE/8ed9d0e456a297ce6f58af967e6ee44ffd80ef6/spring-integration-core-4.3.12.RELEASE.jar!/META-INF/], URL [jar:file:/home/jedrzej/.gradle/caches/modules-2/files-2.1/org.reactivestreams/reactive-streams/1.0.0/14b8c877d98005ba3941c9257cfe09f6ed0e0d74/reactive-streams-1.0.0.jar!/META-INF/], URL [jar:file:/home/jedrzej/.gradle/caches/modules-2/files-2.1/org.springframework.boot/spring-boot-test/1.5.8.RELEASE/17dedee86d1a9e9bd409d715fd90650ca1049659/spring-boot-test-1.5.8.RELEASE.jar!/META-INF/], URL [jar:file:/home/jedrzej/.gradle/caches/modules-2/files-2.1/org.springframework.boot/spring-boot-test-autoconfigure/1.5.8.RELEASE/a8f986cc4b6ecef1417fe50c20984f12f54d15cc/spring-boot-test-autoconfigure-1.5.8.RELEASE.jar!/META-INF/], URL [jar:file:/home/jedrzej/.gradle/caches/modules-2/files-2.1/com.jayway.jsonpath/json-path/2.2.0/22290d17944bd239fabf5ac69005a60a7ecbbbcb/json-path-2.2.0.jar!/META-INF/], URL [jar:file:/home/jedrzej/.gradle/caches/modules-2/files-2.1/org.mockito/mockito-core/1.10.19/e8546f5bef4e061d8dd73895b4e8f40e3fe6effe/mockito-core-1.10.19.jar!/META-INF/], URL [jar:file:/home/jedrzej/.gradle/caches/modules-2/files-2.1/org.hamcrest/hamcrest-core/1.3/42a25dc3219429f0e5d060061f71acb49bf010a0/hamcrest-core-1.3.jar!/META-INF/], URL [jar:file:/home/jedrzej/.gradle/caches/modules-2/files-2.1/org.hamcrest/hamcrest-library/1.3/4785a3c21320980282f9f33d0d1264a69040538f/hamcrest-library-1.3.jar!/META-INF/], URL [jar:file:/home/jedrzej/.gradle/caches/modules-2/files-2.1/org.skyscreamer/jsonassert/1.4.0/9cdbb373a06f6513e51e8c545ee6a5e981463edb/jsonassert-1.4.0.jar!/META-INF/], URL [jar:file:/home/jedrzej/.gradle/caches/modules-2/files-2.1/org.springframework/spring-test/4.3.12.RELEASE/825a7ac1014528db722a6cc94cceaef2410cb314/spring-test-4.3.12.RELEASE.jar!/META-INF/], URL [jar:file:/home/jedrzej/.gradle/caches/modules-2/files-2.1/org.springframework.cloud/spring-cloud-stream/1.3.0.RELEASE/2a0a4c2dd22474ef156e02c0b4f5560aa7a9077b/spring-cloud-stream-1.3.0.RELEASE.jar!/META-INF/], URL [jar:file:/home/jedrzej/.gradle/caches/modules-2/files-2.1/com.github.tomakehurst/wiremock-standalone/2.11.0/30716bfe7c74060918621183958161d763a1a5bd/wiremock-standalone-2.11.0.jar!/META-INF/], URL [jar:file:/home/jedrzej/.gradle/caches/modules-2/files-2.1/org.apache.httpcomponents/httpclient/4.5.3/d1577ae15f01ef5438c5afc62162457c00a34713/httpclient-4.5.3.jar!/META-INF/], URL [jar:file:/home/jedrzej/.gradle/caches/modules-2/files-2.1/org.apache.tomcat/tomcat-annotations-api/8.5.23/aaf17df9fe0240e9e9d5375d24d5f177174b73d9/tomcat-annotations-api-8.5.23.jar!/META-INF/], URL [jar:file:/home/jedrzej/.gradle/caches/modules-2/files-2.1/org.slf4j/slf4j-api/1.7.25/da76ca59f6a57ee3102f8f9bd9cee742973efa8a/slf4j-api-1.7.25.jar!/META-INF/], URL [jar:file:/home/jedrzej/.gradle/caches/modules-2/files-2.1/com.toomuchcoding.jsonassert/jsonassert/0.4.10/fed101e4c4e4082ed7a4a1ea535777c74c54035f/jsonassert-0.4.10.jar!/META-INF/], URL [jar:file:/home/jedrzej/.gradle/caches/modules-2/files-2.1/org.codehaus.groovy/groovy/2.4.12/a43be367110c491787219f1c128b5b5fc54f1e70/groovy-2.4.12.jar!/META-INF/], URL [jar:file:/home/jedrzej/.gradle/caches/modules-2/files-2.1/org.codehaus.groovy/groovy-nio/2.4.12/b130b26893c6f8dd7bc548637ededa65eb364a82/groovy-nio-2.4.12.jar!/META-INF/], URL [jar:file:/home/jedrzej/.gradle/caches/modules-2/files-2.1/org.codehaus.groovy/groovy-json/2.4.12/810b46f2b359b904c4c7428ad4c03c09094a01ff/groovy-json-2.4.12.jar!/META-INF/], URL [jar:file:/home/jedrzej/.gradle/caches/modules-2/files-2.1/org.codehaus.groovy/groovy-xml/2.4.12/b5c023bbbc8a4bbf9c0b38d731fe31d53f00c64a/groovy-xml-2.4.12.jar!/META-INF/], URL [jar:file:/home/jedrzej/.gradle/caches/modules-2/files-2.1/com.github.jknack/handlebars/4.0.6/ccf00179b6648523e5c64b9b5fb783d89e42401b/handlebars-4.0.6.jar!/META-INF/], URL [jar:file:/home/jedrzej/.gradle/caches/modules-2/files-2.1/dk.brics.automaton/automaton/1.11-8/6ebfa65eb431ff4b715a23be7a750cbc4cc96d0f/automaton-1.11-8.jar!/META-INF/], URL [jar:file:/home/jedrzej/.gradle/caches/modules-2/files-2.1/org.apache.commons/commons-text/1.1/c336bf600f44b88af356c8a85eef4af822b06a4d/commons-text-1.1.jar!/META-INF/], URL [jar:file:/home/jedrzej/.gradle/caches/modules-2/files-2.1/org.springframework/spring-messaging/4.3.11.RELEASE/1e99d0fcc51044594c1ffb484b997dcd864241f6/spring-messaging-4.3.11.RELEASE.jar!/META-INF/], URL [jar:file:/home/jedrzej/.gradle/caches/modules-2/files-2.1/org.springframework/spring-tx/4.3.11.RELEASE/c931ee363d2269f03edfeb83d7d7fe23924ab8a1/spring-tx-4.3.11.RELEASE.jar!/META-INF/], URL [jar:file:/home/jedrzej/.gradle/caches/modules-2/files-2.1/com.vaadin.external.google/android-json/0.0.20131108.vaadin1/fa26d351fe62a6a17f5cda1287c1c6110dec413f/android-json-0.0.20131108.vaadin1.jar!/META-INF/], URL [jar:file:/home/jedrzej/.gradle/caches/modules-2/files-2.1/org.springframework.boot/spring-boot-starter-actuator/1.5.7.RELEASE/c8058080955524edbbacda602f25d1c5fdf2a3a9/spring-boot-starter-actuator-1.5.7.RELEASE.jar!/META-INF/], URL [jar:file:/home/jedrzej/.gradle/caches/modules-2/files-2.1/org.springframework.boot/spring-boot-starter-validation/1.5.7.RELEASE/a2e87bf66a1db8037e1feeba7e7063996fa72090/spring-boot-starter-validation-1.5.7.RELEASE.jar!/META-INF/], URL [jar:file:/home/jedrzej/.gradle/caches/modules-2/files-2.1/org.springframework.integration/spring-integration-jmx/4.3.12.RELEASE/7c20600b244bcc32b0aa5621ba42c9695c676fec/spring-integration-jmx-4.3.12.RELEASE.jar!/META-INF/], URL [jar:file:/home/jedrzej/.gradle/caches/modules-2/files-2.1/org.springframework/spring-tuple/1.0.0.RELEASE/5feaacebc66a885e9f2017063586df2300ce5c68/spring-tuple-1.0.0.RELEASE.jar!/META-INF/], URL [jar:file:/home/jedrzej/.gradle/caches/modules-2/files-2.1/org.springframework.integration/spring-integration-tuple/1.0.0.RELEASE/4ac09adb2ab6857604784b3e61ef02bcdc974928/spring-integration-tuple-1.0.0.RELEASE.jar!/META-INF/], URL [jar:file:/home/jedrzej/.gradle/caches/modules-2/files-2.1/org.apache.httpcomponents/httpcore/4.4.6/e3fd8ced1f52c7574af952e2e6da0df8df08eb82/httpcore-4.4.6.jar!/META-INF/], URL [jar:file:/home/jedrzej/.gradle/caches/modules-2/files-2.1/commons-codec/commons-codec/1.9/9ce04e34240f674bc72680f8b843b1457383161a/commons-codec-1.9.jar!/META-INF/], URL [jar:file:/home/jedrzej/.gradle/caches/modules-2/files-2.1/org.antlr/antlr4-runtime/4.5.1-1/66144204f9d6d7d3f3f775622c2dd7e9bd511d97/antlr4-runtime-4.5.1-1.jar!/META-INF/], URL [jar:file:/home/jedrzej/.gradle/caches/modules-2/files-2.1/org.mozilla/rhino/1.7R4/e982f2136574b9a423186fbaeaaa98dc3e5a5288/rhino-1.7R4.jar!/META-INF/], URL [jar:file:/home/jedrzej/.gradle/caches/modules-2/files-2.1/org.springframework.boot/spring-boot-actuator/1.5.7.RELEASE/ff3124e2359be5e6c0d9cc501bf214413a329fee/spring-boot-actuator-1.5.7.RELEASE.jar!/META-INF/], URL [jar:file:/home/jedrzej/.gradle/caches/modules-2/files-2.1/com.esotericsoftware/kryo-shaded/3.0.3/977d6b42d82de551fcf77dad84ef06c2839e3a74/kryo-shaded-3.0.3.jar!/META-INF/], URL [jar:file:/home/jedrzej/.gradle/caches/modules-2/files-2.1/net.minidev/json-smart/2.2.1/5b9e5df7a62d1279b70dc882b041d249c4f0b002/json-smart-2.2.1.jar!/META-INF/], URL [jar:file:/home/jedrzej/.gradle/caches/modules-2/files-2.1/com.esotericsoftware/minlog/1.3.0/ff07b5f1b01d2f92bb00a337f9a94873712f0827/minlog-1.3.0.jar!/META-INF/], URL [jar:file:/home/jedrzej/.gradle/caches/modules-2/files-2.1/org.objenesis/objenesis/2.1/87c0ea803b69252868d09308b4618f766f135a96/objenesis-2.1.jar!/META-INF/], URL [jar:file:/home/jedrzej/.gradle/caches/modules-2/files-2.1/net.minidev/accessors-smart/1.1/a527213f2fea112a04c9bdf0ec0264e34104cd08/accessors-smart-1.1.jar!/META-INF/], URL [jar:file:/home/jedrzej/.gradle/caches/modules-2/files-2.1/commons-logging/commons-logging/1.2/4bfc12adfe4842bf07b657f0369c4cb522955686/commons-logging-1.2.jar!/META-INF/], URL [jar:file:/home/jedrzej/.gradle/caches/modules-2/files-2.1/ch.qos.logback/logback-classic/1.1.11/ccedfbacef4a6515d2983e3f89ed753d5d4fb665/logback-classic-1.1.11.jar!/META-INF/], URL [jar:file:/home/jedrzej/.gradle/caches/modules-2/files-2.1/org.slf4j/jcl-over-slf4j/1.7.25/f8c32b13ff142a513eeb5b6330b1588dcb2c0461/jcl-over-slf4j-1.7.25.jar!/META-INF/], URL [jar:file:/home/jedrzej/.gradle/caches/modules-2/files-2.1/org.slf4j/jul-to-slf4j/1.7.25/af5364cd6679bfffb114f0dec8a157aaa283b76/jul-to-slf4j-1.7.25.jar!/META-INF/], URL [jar:file:/home/jedrzej/.gradle/caches/modules-2/files-2.1/org.slf4j/log4j-over-slf4j/1.7.25/a87bb47468f47ee7aabbd54f93e133d4215769c3/log4j-over-slf4j-1.7.25.jar!/META-INF/], URL [jar:file:/home/jedrzej/.gradle/caches/modules-2/files-2.1/ch.qos.logback/logback-core/1.1.11/88b8df40340eed549fb07e2613879bf6b006704d/logback-core-1.1.11.jar!/META-INF/], URL [jar:file:/home/jedrzej/.gradle/caches/modules-2/files-2.1/org.springframework.retry/spring-retry/1.2.1.RELEASE/c43fedb7dfc7e0483679c2f20e09776d98f0813f/spring-retry-1.2.1.RELEASE.jar!/META-INF/], URL [jar:file:/home/jedrzej/.gradle/caches/modules-2/files-2.1/org.apache.commons/commons-lang3/3.5/6c6c702c89bfff3cd9e80b04d668c5e190d588c6/commons-lang3-3.5.jar!/META-INF/]]
12:36:02.030 [Test worker] DEBUG org.springframework.core.io.support.PathMatchingResourcePatternResolver - Looking for matching resources in jar file [file:/usr/lib/jvm/java-8-openjdk-amd64/jre/lib/ext/sunec.jar]
12:36:02.033 [Test worker] DEBUG org.springframework.core.io.support.PathMatchingResourcePatternResolver - Looking for matching resources in jar file [file:/usr/lib/jvm/java-8-openjdk-amd64/jre/lib/ext/sunjce_provider.jar]
12:36:02.035 [Test worker] DEBUG org.springframework.core.io.support.PathMatchingResourcePatternResolver - Looking for matching resources in jar file [file:/usr/lib/jvm/java-8-openjdk-amd64/jre/lib/ext/sunpkcs11.jar]
12:36:02.036 [Test worker] DEBUG org.springframework.core.io.support.PathMatchingResourcePatternResolver - Looking for matching resources in jar file [file:/usr/lib/jvm/java-8-openjdk-amd64/jre/lib/ext/icedtea-sound.jar]
12:36:02.037 [Test worker] DEBUG org.springframework.core.io.support.PathMatchingResourcePatternResolver - Looking for matching resources in jar file [file:/usr/lib/jvm/java-8-openjdk-amd64/jre/lib/ext/nashorn.jar]
12:36:02.042 [Test worker] DEBUG org.springframework.core.io.support.PathMatchingResourcePatternResolver - Looking for matching resources in jar file [file:/usr/lib/jvm/java-8-openjdk-amd64/jre/lib/ext/zipfs.jar]
12:36:02.042 [Test worker] DEBUG org.springframework.core.io.support.PathMatchingResourcePatternResolver - Looking for matching resources in jar file [file:/usr/lib/jvm/java-8-openjdk-amd64/jre/lib/ext/cldrdata.jar]
12:36:02.046 [Test worker] DEBUG org.springframework.core.io.support.PathMatchingResourcePatternResolver - Looking for matching resources in jar file [file:/usr/lib/jvm/java-8-openjdk-amd64/jre/lib/ext/jaccess.jar]
12:36:02.046 [Test worker] DEBUG org.springframework.core.io.support.PathMatchingResourcePatternResolver - Looking for matching resources in jar file [file:/usr/lib/jvm/java-8-openjdk-amd64/jre/lib/ext/dnsns.jar]
12:36:02.046 [Test worker] DEBUG org.springframework.core.io.support.PathMatchingResourcePatternResolver - Looking for matching resources in jar file [file:/usr/lib/jvm/java-8-openjdk-amd64/jre/lib/ext/localedata.jar]
12:36:02.048 [Test worker] DEBUG org.springframework.core.io.support.PathMatchingResourcePatternResolver - Looking for matching resources in jar file [file:/home/jedrzej/.gradle/caches/modules-2/files-2.1/org.springframework.boot/spring-boot-starter-web/1.5.9.RELEASE/bda9733d5e6ba6d1a97deead1738713dc0631b3e/spring-boot-starter-web-1.5.9.RELEASE.jar]
12:36:02.049 [Test worker] DEBUG org.springframework.core.io.support.PathMatchingResourcePatternResolver - Looking for matching resources in jar file [file:/home/jedrzej/.gradle/caches/modules-2/files-2.1/org.springframework.cloud/spring-cloud-starter-contract-stub-runner/1.2.1.RELEASE/644fc2f14924bae8b283bfc98f1a3ba06e79d8c6/spring-cloud-starter-contract-stub-runner-1.2.1.RELEASE.jar]
12:36:02.050 [Test worker] DEBUG org.springframework.core.io.support.PathMatchingResourcePatternResolver - Looking for matching resources in jar file [file:/home/jedrzej/.gradle/caches/modules-2/files-2.1/org.assertj/assertj-core/3.8.0/b209d90ff2e279bee3e02547ee7b11349c52d0e3/assertj-core-3.8.0.jar]
12:36:02.052 [Test worker] DEBUG org.springframework.core.io.support.PathMatchingResourcePatternResolver - Looking for matching resources in jar file [file:/home/jedrzej/.m2/repository/pl/jerckov/cdc/user-service/1.0.0/user-service-1.0.0-stubs.jar]
12:36:02.053 [Test worker] DEBUG org.springframework.core.io.support.PathMatchingResourcePatternResolver - Looking for matching resources in jar file [file:/home/jedrzej/.gradle/caches/modules-2/files-2.1/org.springframework.boot/spring-boot-starter/1.5.9.RELEASE/6bfb34db2715ee86c6e2337fa145650588b4b1b3/spring-boot-starter-1.5.9.RELEASE.jar]
12:36:02.054 [Test worker] DEBUG org.springframework.core.io.support.PathMatchingResourcePatternResolver - Looking for matching resources in jar file [file:/home/jedrzej/.gradle/caches/modules-2/files-2.1/org.springframework.boot/spring-boot-starter-tomcat/1.5.9.RELEASE/4615056f8a2bcad03ba8cdf410419ee3d101c5bb/spring-boot-starter-tomcat-1.5.9.RELEASE.jar]
12:36:02.054 [Test worker] DEBUG org.springframework.core.io.support.PathMatchingResourcePatternResolver - Looking for matching resources in jar file [file:/home/jedrzej/.gradle/caches/modules-2/files-2.1/org.hibernate/hibernate-validator/5.3.6.Final/4c730be8bf55a8e9a61e79a2f2c079abf48b718/hibernate-validator-5.3.6.Final.jar]
12:36:02.056 [Test worker] DEBUG org.springframework.core.io.support.PathMatchingResourcePatternResolver - Looking for matching resources in jar file [file:/home/jedrzej/.gradle/caches/modules-2/files-2.1/com.fasterxml.jackson.core/jackson-databind/2.8.10/f7b83cb2bc4b88d53961e749e1ad32f49ef017b7/jackson-databind-2.8.10.jar]
12:36:02.059 [Test worker] DEBUG org.springframework.core.io.support.PathMatchingResourcePatternResolver - Looking for matching resources in jar file [file:/home/jedrzej/.gradle/caches/modules-2/files-2.1/org.springframework/spring-web/4.3.13.RELEASE/7cd084992d546165ede3e99bc31ee49c937f0ce7/spring-web-4.3.13.RELEASE.jar]
12:36:02.061 [Test worker] DEBUG org.springframework.core.io.support.PathMatchingResourcePatternResolver - Looking for matching resources in jar file [file:/home/jedrzej/.gradle/caches/modules-2/files-2.1/org.springframework/spring-webmvc/4.3.13.RELEASE/87a095c7a1d13fe433ae6712787238c1dbaa6919/spring-webmvc-4.3.13.RELEASE.jar]
12:36:02.063 [Test worker] DEBUG org.springframework.core.io.support.PathMatchingResourcePatternResolver - Looking for matching resources in jar file [file:/home/jedrzej/.gradle/caches/modules-2/files-2.1/org.springframework.cloud/spring-cloud-contract-stub-runner/1.2.1.RELEASE/e6741b94f6b66cc91d0940b209f2ca812b2093ca/spring-cloud-contract-stub-runner-1.2.1.RELEASE.jar]
12:36:02.065 [Test worker] DEBUG org.springframework.core.io.support.PathMatchingResourcePatternResolver - Looking for matching resources in jar file [file:/home/jedrzej/.gradle/caches/modules-2/files-2.1/org.springframework.integration/spring-integration-java-dsl/1.2.3.RELEASE/18c3f888579e48917093b0c74da809a5ba1f4ea8/spring-integration-java-dsl-1.2.3.RELEASE.jar]
12:36:02.066 [Test worker] DEBUG org.springframework.core.io.support.PathMatchingResourcePatternResolver - Looking for matching resources in jar file [file:/home/jedrzej/.gradle/caches/modules-2/files-2.1/org.springframework.boot/spring-boot-starter-test/1.5.8.RELEASE/20b767f594924b32950286f1236ab7d68ff861f9/spring-boot-starter-test-1.5.8.RELEASE.jar]
12:36:02.067 [Test worker] DEBUG org.springframework.core.io.support.PathMatchingResourcePatternResolver - Looking for matching resources in jar file [file:/home/jedrzej/.gradle/caches/modules-2/files-2.1/org.springframework.cloud/spring-cloud-stream-test-support/1.3.0.RELEASE/d385040309f0b0a20407e62ea4fdab58d1f3c7c9/spring-cloud-stream-test-support-1.3.0.RELEASE.jar]
12:36:02.068 [Test worker] DEBUG org.springframework.core.io.support.PathMatchingResourcePatternResolver - Looking for matching resources in jar file [file:/home/jedrzej/.gradle/caches/modules-2/files-2.1/org.springframework.cloud/spring-cloud-contract-wiremock/1.2.1.RELEASE/b35aee623e66df33d98785037412fb6ad1efcbc9/spring-cloud-contract-wiremock-1.2.1.RELEASE.jar]
12:36:02.070 [Test worker] DEBUG org.springframework.core.io.support.PathMatchingResourcePatternResolver - Looking for matching resources in jar file [file:/home/jedrzej/.gradle/caches/modules-2/files-2.1/org.eclipse.aether/aether-api/1.0.2.v20150114/839f93a5213fb3e233b09bfd6d6b95669f7043c0/aether-api-1.0.2.v20150114.jar]
12:36:02.071 [Test worker] DEBUG org.springframework.core.io.support.PathMatchingResourcePatternResolver - Looking for matching resources in jar file [file:/home/jedrzej/.gradle/caches/modules-2/files-2.1/org.springframework.boot/spring-boot/1.5.9.RELEASE/f472cdf948288796fb31e0bb03f6e7b022b763a0/spring-boot-1.5.9.RELEASE.jar]
12:36:02.073 [Test worker] DEBUG org.springframework.core.io.support.PathMatchingResourcePatternResolver - Looking for matching resources in jar file [file:/home/jedrzej/.gradle/caches/modules-2/files-2.1/org.springframework.boot/spring-boot-autoconfigure/1.5.9.RELEASE/88dd18bdaf317ae40971573a051fd47265f2ed39/spring-boot-autoconfigure-1.5.9.RELEASE.jar]
12:36:02.076 [Test worker] DEBUG org.springframework.core.io.support.PathMatchingResourcePatternResolver - Looking for matching resources in jar file [file:/home/jedrzej/.gradle/caches/modules-2/files-2.1/org.springframework.boot/spring-boot-starter-logging/1.5.9.RELEASE/30fd62a1ce9639759d90d49608501082314c1628/spring-boot-starter-logging-1.5.9.RELEASE.jar]
12:36:02.076 [Test worker] DEBUG org.springframework.core.io.support.PathMatchingResourcePatternResolver - Looking for matching resources in jar file [file:/home/jedrzej/.gradle/caches/modules-2/files-2.1/org.springframework/spring-core/4.3.13.RELEASE/eea18d7f4d01f1baa1b6728b678b5a6fe23c61f6/spring-core-4.3.13.RELEASE.jar]
12:36:02.078 [Test worker] DEBUG org.springframework.core.io.support.PathMatchingResourcePatternResolver - Looking for matching resources in jar file [file:/home/jedrzej/.gradle/caches/modules-2/files-2.1/org.yaml/snakeyaml/1.17/7a27ea250c5130b2922b86dea63cbb1cc10a660c/snakeyaml-1.17.jar]
12:36:02.079 [Test worker] DEBUG org.springframework.core.io.support.PathMatchingResourcePatternResolver - Looking for matching resources in jar file [file:/home/jedrzej/.gradle/caches/modules-2/files-2.1/org.apache.tomcat.embed/tomcat-embed-core/8.5.23/79261793a47f507890ee08f749b9d81774e4f7f0/tomcat-embed-core-8.5.23.jar]
12:36:02.082 [Test worker] DEBUG org.springframework.core.io.support.PathMatchingResourcePatternResolver - Looking for matching resources in jar file [file:/home/jedrzej/.gradle/caches/modules-2/files-2.1/org.apache.tomcat.embed/tomcat-embed-el/8.5.23/98d979cde444dffa6d434c8377d0123b2dfa614c/tomcat-embed-el-8.5.23.jar]
12:36:02.083 [Test worker] DEBUG org.springframework.core.io.support.PathMatchingResourcePatternResolver - Looking for matching resources in jar file [file:/home/jedrzej/.gradle/caches/modules-2/files-2.1/org.apache.tomcat.embed/tomcat-embed-websocket/8.5.23/52f07abcae10dc7e1764304b0877def175c2c833/tomcat-embed-websocket-8.5.23.jar]
12:36:02.084 [Test worker] DEBUG org.springframework.core.io.support.PathMatchingResourcePatternResolver - Looking for matching resources in jar file [file:/home/jedrzej/.gradle/caches/modules-2/files-2.1/javax.validation/validation-api/1.1.0.Final/8613ae82954779d518631e05daa73a6a954817d5/validation-api-1.1.0.Final.jar]
12:36:02.085 [Test worker] DEBUG org.springframework.core.io.support.PathMatchingResourcePatternResolver - Looking for matching resources in jar file [file:/home/jedrzej/.gradle/caches/modules-2/files-2.1/org.jboss.logging/jboss-logging/3.3.0.Final/3616bb87707910296e2c195dc016287080bba5af/jboss-logging-3.3.0.Final.jar]
12:36:02.085 [Test worker] DEBUG org.springframework.core.io.support.PathMatchingResourcePatternResolver - Looking for matching resources in jar file [file:/home/jedrzej/.gradle/caches/modules-2/files-2.1/com.fasterxml/classmate/1.3.1/2ad2fd09dcf5607ca96f8ef432096a96986c40a/classmate-1.3.1.jar]
12:36:02.086 [Test worker] DEBUG org.springframework.core.io.support.PathMatchingResourcePatternResolver - Looking for matching resources in jar file [file:/home/jedrzej/.gradle/caches/modules-2/files-2.1/com.fasterxml.jackson.core/jackson-annotations/2.8.0/45b426f7796b741035581a176744d91090e2e6fb/jackson-annotations-2.8.0.jar]
12:36:02.086 [Test worker] DEBUG org.springframework.core.io.support.PathMatchingResourcePatternResolver - Looking for matching resources in jar file [file:/home/jedrzej/.gradle/caches/modules-2/files-2.1/com.fasterxml.jackson.core/jackson-core/2.8.10/eb21a035c66ad307e66ec8fce37f5d50fd62d039/jackson-core-2.8.10.jar]
12:36:02.087 [Test worker] DEBUG org.springframework.core.io.support.PathMatchingResourcePatternResolver - Looking for matching resources in jar file [file:/home/jedrzej/.gradle/caches/modules-2/files-2.1/org.springframework/spring-aop/4.3.13.RELEASE/61f427b55951f59b50f3c2bd0de3c48960e2a342/spring-aop-4.3.13.RELEASE.jar]
12:36:02.088 [Test worker] DEBUG org.springframework.core.io.support.PathMatchingResourcePatternResolver - Looking for matching resources in jar file [file:/home/jedrzej/.gradle/caches/modules-2/files-2.1/org.springframework/spring-beans/4.3.13.RELEASE/8613a7077722f1d97f8cb3fea4b0b40bfadf4496/spring-beans-4.3.13.RELEASE.jar]
12:36:02.089 [Test worker] DEBUG org.springframework.core.io.support.PathMatchingResourcePatternResolver - Looking for matching resources in jar file [file:/home/jedrzej/.gradle/caches/modules-2/files-2.1/org.springframework/spring-context/4.3.13.RELEASE/6ab1c189a13182fa3256f6bbc68fafdaf8f5a19e/spring-context-4.3.13.RELEASE.jar]
12:36:02.091 [Test worker] DEBUG org.springframework.core.io.support.PathMatchingResourcePatternResolver - Looking for matching resources in jar file [file:/home/jedrzej/.gradle/caches/modules-2/files-2.1/org.springframework/spring-expression/4.3.13.RELEASE/da22bf7df1262e429b49653be6cd5b89b6affe5e/spring-expression-4.3.13.RELEASE.jar]
12:36:02.092 [Test worker] DEBUG org.springframework.core.io.support.PathMatchingResourcePatternResolver - Looking for matching resources in jar file [file:/home/jedrzej/.gradle/caches/modules-2/files-2.1/org.springframework.cloud/spring-cloud-contract-verifier/1.2.1.RELEASE/fac14d3d87c5cf5cf0179bc4b8527a7a6256e100/spring-cloud-contract-verifier-1.2.1.RELEASE.jar]
12:36:02.093 [Test worker] DEBUG org.springframework.core.io.support.PathMatchingResourcePatternResolver - Looking for matching resources in jar file [file:/home/jedrzej/.gradle/caches/modules-2/files-2.1/org.springframework.cloud/spring-cloud-contract-shade/1.2.1.RELEASE/2bbfe9cf32da5cdd3e619436b49249c39a40ed51/spring-cloud-contract-shade-1.2.1.RELEASE.jar]
12:36:02.098 [Test worker] DEBUG org.springframework.core.io.support.PathMatchingResourcePatternResolver - Looking for matching resources in jar file [file:/home/jedrzej/.gradle/caches/modules-2/files-2.1/org.springframework.cloud/spring-cloud-contract-spec/1.2.1.RELEASE/effb5bed670b0e557d1dbe1daf85583295d9b60/spring-cloud-contract-spec-1.2.1.RELEASE.jar]
12:36:02.099 [Test worker] DEBUG org.springframework.core.io.support.PathMatchingResourcePatternResolver - Looking for matching resources in jar file [file:/home/jedrzej/.gradle/caches/modules-2/files-2.1/junit/junit/4.12/2973d150c0dc1fefe998f834810d68f278ea58ec/junit-4.12.jar]
12:36:02.100 [Test worker] DEBUG org.springframework.core.io.support.PathMatchingResourcePatternResolver - Looking for matching resources in jar file [file:/home/jedrzej/.gradle/caches/modules-2/files-2.1/org.springframework.integration/spring-integration-core/4.3.12.RELEASE/8ed9d0e456a297ce6f58af967e6ee44ffd80ef6/spring-integration-core-4.3.12.RELEASE.jar]
12:36:02.101 [Test worker] DEBUG org.springframework.core.io.support.PathMatchingResourcePatternResolver - Looking for matching resources in jar file [file:/home/jedrzej/.gradle/caches/modules-2/files-2.1/org.reactivestreams/reactive-streams/1.0.0/14b8c877d98005ba3941c9257cfe09f6ed0e0d74/reactive-streams-1.0.0.jar]
12:36:02.102 [Test worker] DEBUG org.springframework.core.io.support.PathMatchingResourcePatternResolver - Looking for matching resources in jar file [file:/home/jedrzej/.gradle/caches/modules-2/files-2.1/org.springframework.boot/spring-boot-test/1.5.8.RELEASE/17dedee86d1a9e9bd409d715fd90650ca1049659/spring-boot-test-1.5.8.RELEASE.jar]
12:36:02.102 [Test worker] DEBUG org.springframework.core.io.support.PathMatchingResourcePatternResolver - Looking for matching resources in jar file [file:/home/jedrzej/.gradle/caches/modules-2/files-2.1/org.springframework.boot/spring-boot-test-autoconfigure/1.5.8.RELEASE/a8f986cc4b6ecef1417fe50c20984f12f54d15cc/spring-boot-test-autoconfigure-1.5.8.RELEASE.jar]
12:36:02.103 [Test worker] DEBUG org.springframework.core.io.support.PathMatchingResourcePatternResolver - Looking for matching resources in jar file [file:/home/jedrzej/.gradle/caches/modules-2/files-2.1/com.jayway.jsonpath/json-path/2.2.0/22290d17944bd239fabf5ac69005a60a7ecbbbcb/json-path-2.2.0.jar]
12:36:02.104 [Test worker] DEBUG org.springframework.core.io.support.PathMatchingResourcePatternResolver - Looking for matching resources in jar file [file:/home/jedrzej/.gradle/caches/modules-2/files-2.1/org.mockito/mockito-core/1.10.19/e8546f5bef4e061d8dd73895b4e8f40e3fe6effe/mockito-core-1.10.19.jar]
12:36:02.106 [Test worker] DEBUG org.springframework.core.io.support.PathMatchingResourcePatternResolver - Looking for matching resources in jar file [file:/home/jedrzej/.gradle/caches/modules-2/files-2.1/org.hamcrest/hamcrest-core/1.3/42a25dc3219429f0e5d060061f71acb49bf010a0/hamcrest-core-1.3.jar]
12:36:02.106 [Test worker] DEBUG org.springframework.core.io.support.PathMatchingResourcePatternResolver - Looking for matching resources in jar file [file:/home/jedrzej/.gradle/caches/modules-2/files-2.1/org.hamcrest/hamcrest-library/1.3/4785a3c21320980282f9f33d0d1264a69040538f/hamcrest-library-1.3.jar]
12:36:02.106 [Test worker] DEBUG org.springframework.core.io.support.PathMatchingResourcePatternResolver - Looking for matching resources in jar file [file:/home/jedrzej/.gradle/caches/modules-2/files-2.1/org.skyscreamer/jsonassert/1.4.0/9cdbb373a06f6513e51e8c545ee6a5e981463edb/jsonassert-1.4.0.jar]
12:36:02.107 [Test worker] DEBUG org.springframework.core.io.support.PathMatchingResourcePatternResolver - Looking for matching resources in jar file [file:/home/jedrzej/.gradle/caches/modules-2/files-2.1/org.springframework/spring-test/4.3.12.RELEASE/825a7ac1014528db722a6cc94cceaef2410cb314/spring-test-4.3.12.RELEASE.jar]
12:36:02.108 [Test worker] DEBUG org.springframework.core.io.support.PathMatchingResourcePatternResolver - Looking for matching resources in jar file [file:/home/jedrzej/.gradle/caches/modules-2/files-2.1/org.springframework.cloud/spring-cloud-stream/1.3.0.RELEASE/2a0a4c2dd22474ef156e02c0b4f5560aa7a9077b/spring-cloud-stream-1.3.0.RELEASE.jar]
12:36:02.108 [Test worker] DEBUG org.springframework.core.io.support.PathMatchingResourcePatternResolver - Looking for matching resources in jar file [file:/home/jedrzej/.gradle/caches/modules-2/files-2.1/com.github.tomakehurst/wiremock-standalone/2.11.0/30716bfe7c74060918621183958161d763a1a5bd/wiremock-standalone-2.11.0.jar]
12:36:02.121 [Test worker] DEBUG org.springframework.core.io.support.PathMatchingResourcePatternResolver - Looking for matching resources in jar file [file:/home/jedrzej/.gradle/caches/modules-2/files-2.1/org.apache.httpcomponents/httpclient/4.5.3/d1577ae15f01ef5438c5afc62162457c00a34713/httpclient-4.5.3.jar]
12:36:02.122 [Test worker] DEBUG org.springframework.core.io.support.PathMatchingResourcePatternResolver - Looking for matching resources in jar file [file:/home/jedrzej/.gradle/caches/modules-2/files-2.1/org.apache.tomcat/tomcat-annotations-api/8.5.23/aaf17df9fe0240e9e9d5375d24d5f177174b73d9/tomcat-annotations-api-8.5.23.jar]
12:36:02.122 [Test worker] DEBUG org.springframework.core.io.support.PathMatchingResourcePatternResolver - Looking for matching resources in jar file [file:/home/jedrzej/.gradle/caches/modules-2/files-2.1/org.slf4j/slf4j-api/1.7.25/da76ca59f6a57ee3102f8f9bd9cee742973efa8a/slf4j-api-1.7.25.jar]
12:36:02.122 [Test worker] DEBUG org.springframework.core.io.support.PathMatchingResourcePatternResolver - Looking for matching resources in jar file [file:/home/jedrzej/.gradle/caches/modules-2/files-2.1/com.toomuchcoding.jsonassert/jsonassert/0.4.10/fed101e4c4e4082ed7a4a1ea535777c74c54035f/jsonassert-0.4.10.jar]
12:36:02.123 [Test worker] DEBUG org.springframework.core.io.support.PathMatchingResourcePatternResolver - Looking for matching resources in jar file [file:/home/jedrzej/.gradle/caches/modules-2/files-2.1/org.codehaus.groovy/groovy/2.4.12/a43be367110c491787219f1c128b5b5fc54f1e70/groovy-2.4.12.jar]
12:36:02.126 [Test worker] DEBUG org.springframework.core.io.support.PathMatchingResourcePatternResolver - Looking for matching resources in jar file [file:/home/jedrzej/.gradle/caches/modules-2/files-2.1/org.codehaus.groovy/groovy-nio/2.4.12/b130b26893c6f8dd7bc548637ededa65eb364a82/groovy-nio-2.4.12.jar]
12:36:02.126 [Test worker] DEBUG org.springframework.core.io.support.PathMatchingResourcePatternResolver - Looking for matching resources in jar file [file:/home/jedrzej/.gradle/caches/modules-2/files-2.1/org.codehaus.groovy/groovy-json/2.4.12/810b46f2b359b904c4c7428ad4c03c09094a01ff/groovy-json-2.4.12.jar]
12:36:02.126 [Test worker] DEBUG org.springframework.core.io.support.PathMatchingResourcePatternResolver - Looking for matching resources in jar file [file:/home/jedrzej/.gradle/caches/modules-2/files-2.1/org.codehaus.groovy/groovy-xml/2.4.12/b5c023bbbc8a4bbf9c0b38d731fe31d53f00c64a/groovy-xml-2.4.12.jar]
12:36:02.127 [Test worker] DEBUG org.springframework.core.io.support.PathMatchingResourcePatternResolver - Looking for matching resources in jar file [file:/home/jedrzej/.gradle/caches/modules-2/files-2.1/com.github.jknack/handlebars/4.0.6/ccf00179b6648523e5c64b9b5fb783d89e42401b/handlebars-4.0.6.jar]
12:36:02.128 [Test worker] DEBUG org.springframework.core.io.support.PathMatchingResourcePatternResolver - Looking for matching resources in jar file [file:/home/jedrzej/.gradle/caches/modules-2/files-2.1/dk.brics.automaton/automaton/1.11-8/6ebfa65eb431ff4b715a23be7a750cbc4cc96d0f/automaton-1.11-8.jar]
12:36:02.128 [Test worker] DEBUG org.springframework.core.io.support.PathMatchingResourcePatternResolver - Looking for matching resources in jar file [file:/home/jedrzej/.gradle/caches/modules-2/files-2.1/org.apache.commons/commons-text/1.1/c336bf600f44b88af356c8a85eef4af822b06a4d/commons-text-1.1.jar]
12:36:02.129 [Test worker] DEBUG org.springframework.core.io.support.PathMatchingResourcePatternResolver - Looking for matching resources in jar file [file:/home/jedrzej/.gradle/caches/modules-2/files-2.1/org.springframework/spring-messaging/4.3.11.RELEASE/1e99d0fcc51044594c1ffb484b997dcd864241f6/spring-messaging-4.3.11.RELEASE.jar]
12:36:02.130 [Test worker] DEBUG org.springframework.core.io.support.PathMatchingResourcePatternResolver - Looking for matching resources in jar file [file:/home/jedrzej/.gradle/caches/modules-2/files-2.1/org.springframework/spring-tx/4.3.11.RELEASE/c931ee363d2269f03edfeb83d7d7fe23924ab8a1/spring-tx-4.3.11.RELEASE.jar]
12:36:02.130 [Test worker] DEBUG org.springframework.core.io.support.PathMatchingResourcePatternResolver - Looking for matching resources in jar file [file:/home/jedrzej/.gradle/caches/modules-2/files-2.1/com.vaadin.external.google/android-json/0.0.20131108.vaadin1/fa26d351fe62a6a17f5cda1287c1c6110dec413f/android-json-0.0.20131108.vaadin1.jar]
12:36:02.132 [Test worker] DEBUG org.springframework.core.io.support.PathMatchingResourcePatternResolver - Looking for matching resources in jar file [file:/home/jedrzej/.gradle/caches/modules-2/files-2.1/org.springframework.boot/spring-boot-starter-actuator/1.5.7.RELEASE/c8058080955524edbbacda602f25d1c5fdf2a3a9/spring-boot-starter-actuator-1.5.7.RELEASE.jar]
12:36:02.133 [Test worker] DEBUG org.springframework.core.io.support.PathMatchingResourcePatternResolver - Looking for matching resources in jar file [file:/home/jedrzej/.gradle/caches/modules-2/files-2.1/org.springframework.boot/spring-boot-starter-validation/1.5.7.RELEASE/a2e87bf66a1db8037e1feeba7e7063996fa72090/spring-boot-starter-validation-1.5.7.RELEASE.jar]
12:36:02.133 [Test worker] DEBUG org.springframework.core.io.support.PathMatchingResourcePatternResolver - Looking for matching resources in jar file [file:/home/jedrzej/.gradle/caches/modules-2/files-2.1/org.springframework.integration/spring-integration-jmx/4.3.12.RELEASE/7c20600b244bcc32b0aa5621ba42c9695c676fec/spring-integration-jmx-4.3.12.RELEASE.jar]
12:36:02.133 [Test worker] DEBUG org.springframework.core.io.support.PathMatchingResourcePatternResolver - Looking for matching resources in jar file [file:/home/jedrzej/.gradle/caches/modules-2/files-2.1/org.springframework/spring-tuple/1.0.0.RELEASE/5feaacebc66a885e9f2017063586df2300ce5c68/spring-tuple-1.0.0.RELEASE.jar]
12:36:02.134 [Test worker] DEBUG org.springframework.core.io.support.PathMatchingResourcePatternResolver - Looking for matching resources in jar file [file:/home/jedrzej/.gradle/caches/modules-2/files-2.1/org.springframework.integration/spring-integration-tuple/1.0.0.RELEASE/4ac09adb2ab6857604784b3e61ef02bcdc974928/spring-integration-tuple-1.0.0.RELEASE.jar]
12:36:02.134 [Test worker] DEBUG org.springframework.core.io.support.PathMatchingResourcePatternResolver - Looking for matching resources in jar file [file:/home/jedrzej/.gradle/caches/modules-2/files-2.1/org.apache.httpcomponents/httpcore/4.4.6/e3fd8ced1f52c7574af952e2e6da0df8df08eb82/httpcore-4.4.6.jar]
12:36:02.135 [Test worker] DEBUG org.springframework.core.io.support.PathMatchingResourcePatternResolver - Looking for matching resources in jar file [file:/home/jedrzej/.gradle/caches/modules-2/files-2.1/commons-codec/commons-codec/1.9/9ce04e34240f674bc72680f8b843b1457383161a/commons-codec-1.9.jar]
12:36:02.136 [Test worker] DEBUG org.springframework.core.io.support.PathMatchingResourcePatternResolver - Looking for matching resources in jar file [file:/home/jedrzej/.gradle/caches/modules-2/files-2.1/org.antlr/antlr4-runtime/4.5.1-1/66144204f9d6d7d3f3f775622c2dd7e9bd511d97/antlr4-runtime-4.5.1-1.jar]
12:36:02.137 [Test worker] DEBUG org.springframework.core.io.support.PathMatchingResourcePatternResolver - Looking for matching resources in jar file [file:/home/jedrzej/.gradle/caches/modules-2/files-2.1/org.mozilla/rhino/1.7R4/e982f2136574b9a423186fbaeaaa98dc3e5a5288/rhino-1.7R4.jar]
12:36:02.139 [Test worker] DEBUG org.springframework.core.io.support.PathMatchingResourcePatternResolver - Looking for matching resources in jar file [file:/home/jedrzej/.gradle/caches/modules-2/files-2.1/org.springframework.boot/spring-boot-actuator/1.5.7.RELEASE/ff3124e2359be5e6c0d9cc501bf214413a329fee/spring-boot-actuator-1.5.7.RELEASE.jar]
12:36:02.141 [Test worker] DEBUG org.springframework.core.io.support.PathMatchingResourcePatternResolver - Looking for matching resources in jar file [file:/home/jedrzej/.gradle/caches/modules-2/files-2.1/com.esotericsoftware/kryo-shaded/3.0.3/977d6b42d82de551fcf77dad84ef06c2839e3a74/kryo-shaded-3.0.3.jar]
12:36:02.141 [Test worker] DEBUG org.springframework.core.io.support.PathMatchingResourcePatternResolver - Looking for matching resources in jar file [file:/home/jedrzej/.gradle/caches/modules-2/files-2.1/net.minidev/json-smart/2.2.1/5b9e5df7a62d1279b70dc882b041d249c4f0b002/json-smart-2.2.1.jar]
12:36:02.142 [Test worker] DEBUG org.springframework.core.io.support.PathMatchingResourcePatternResolver - Looking for matching resources in jar file [file:/home/jedrzej/.gradle/caches/modules-2/files-2.1/com.esotericsoftware/minlog/1.3.0/ff07b5f1b01d2f92bb00a337f9a94873712f0827/minlog-1.3.0.jar]
12:36:02.143 [Test worker] DEBUG org.springframework.core.io.support.PathMatchingResourcePatternResolver - Looking for matching resources in jar file [file:/home/jedrzej/.gradle/caches/modules-2/files-2.1/org.objenesis/objenesis/2.1/87c0ea803b69252868d09308b4618f766f135a96/objenesis-2.1.jar]
12:36:02.143 [Test worker] DEBUG org.springframework.core.io.support.PathMatchingResourcePatternResolver - Looking for matching resources in jar file [file:/home/jedrzej/.gradle/caches/modules-2/files-2.1/net.minidev/accessors-smart/1.1/a527213f2fea112a04c9bdf0ec0264e34104cd08/accessors-smart-1.1.jar]
12:36:02.143 [Test worker] DEBUG org.springframework.core.io.support.PathMatchingResourcePatternResolver - Looking for matching resources in jar file [file:/home/jedrzej/.gradle/caches/modules-2/files-2.1/commons-logging/commons-logging/1.2/4bfc12adfe4842bf07b657f0369c4cb522955686/commons-logging-1.2.jar]
12:36:02.144 [Test worker] DEBUG org.springframework.core.io.support.PathMatchingResourcePatternResolver - Looking for matching resources in jar file [file:/home/jedrzej/.gradle/caches/modules-2/files-2.1/ch.qos.logback/logback-classic/1.1.11/ccedfbacef4a6515d2983e3f89ed753d5d4fb665/logback-classic-1.1.11.jar]
12:36:02.145 [Test worker] DEBUG org.springframework.core.io.support.PathMatchingResourcePatternResolver - Looking for matching resources in jar file [file:/home/jedrzej/.gradle/caches/modules-2/files-2.1/org.slf4j/jcl-over-slf4j/1.7.25/f8c32b13ff142a513eeb5b6330b1588dcb2c0461/jcl-over-slf4j-1.7.25.jar]
12:36:02.145 [Test worker] DEBUG org.springframework.core.io.support.PathMatchingResourcePatternResolver - Looking for matching resources in jar file [file:/home/jedrzej/.gradle/caches/modules-2/files-2.1/org.slf4j/jul-to-slf4j/1.7.25/af5364cd6679bfffb114f0dec8a157aaa283b76/jul-to-slf4j-1.7.25.jar]
12:36:02.145 [Test worker] DEBUG org.springframework.core.io.support.PathMatchingResourcePatternResolver - Looking for matching resources in jar file [file:/home/jedrzej/.gradle/caches/modules-2/files-2.1/org.slf4j/log4j-over-slf4j/1.7.25/a87bb47468f47ee7aabbd54f93e133d4215769c3/log4j-over-slf4j-1.7.25.jar]
12:36:02.146 [Test worker] DEBUG org.springframework.core.io.support.PathMatchingResourcePatternResolver - Looking for matching resources in jar file [file:/home/jedrzej/.gradle/caches/modules-2/files-2.1/ch.qos.logback/logback-core/1.1.11/88b8df40340eed549fb07e2613879bf6b006704d/logback-core-1.1.11.jar]
12:36:02.147 [Test worker] DEBUG org.springframework.core.io.support.PathMatchingResourcePatternResolver - Looking for matching resources in jar file [file:/home/jedrzej/.gradle/caches/modules-2/files-2.1/org.springframework.retry/spring-retry/1.2.1.RELEASE/c43fedb7dfc7e0483679c2f20e09776d98f0813f/spring-retry-1.2.1.RELEASE.jar]
12:36:02.147 [Test worker] DEBUG org.springframework.core.io.support.PathMatchingResourcePatternResolver - Looking for matching resources in jar file [file:/home/jedrzej/.gradle/caches/modules-2/files-2.1/org.apache.commons/commons-lang3/3.5/6c6c702c89bfff3cd9e80b04d668c5e190d588c6/commons-lang3-3.5.jar]
12:36:02.148 [Test worker] DEBUG org.springframework.core.io.support.PathMatchingResourcePatternResolver - Resolved location pattern [classpath*:/META-INF/**/pl.jerckov.cdc/user-service/**/*.*] to resources [URL [jar:file:/home/jedrzej/.m2/repository/pl/jerckov/cdc/user-service/1.0.0/user-service-1.0.0-stubs.jar!/META-INF/pl.jerckov.cdc/user-service/1.0.0/], URL [jar:file:/home/jedrzej/.m2/repository/pl/jerckov/cdc/user-service/1.0.0/user-service-1.0.0-stubs.jar!/META-INF/pl.jerckov.cdc/user-service/1.0.0/contracts/provider/DELETE_users.groovy], URL [jar:file:/home/jedrzej/.m2/repository/pl/jerckov/cdc/user-service/1.0.0/user-service-1.0.0-stubs.jar!/META-INF/pl.jerckov.cdc/user-service/1.0.0/contracts/consumer/ui/POST_users.groovy], URL [jar:file:/home/jedrzej/.m2/repository/pl/jerckov/cdc/user-service/1.0.0/user-service-1.0.0-stubs.jar!/META-INF/pl.jerckov.cdc/user-service/1.0.0/contracts/consumer/crm/GET_users.groovy], URL [jar:file:/home/jedrzej/.m2/repository/pl/jerckov/cdc/user-service/1.0.0/user-service-1.0.0-stubs.jar!/META-INF/pl.jerckov.cdc/user-service/1.0.0/mappings/provider/delete a user.json], URL [jar:file:/home/jedrzej/.m2/repository/pl/jerckov/cdc/user-service/1.0.0/user-service-1.0.0-stubs.jar!/META-INF/pl.jerckov.cdc/user-service/1.0.0/mappings/consumer/ui/create a user.json], URL [jar:file:/home/jedrzej/.m2/repository/pl/jerckov/cdc/user-service/1.0.0/user-service-1.0.0-stubs.jar!/META-INF/pl.jerckov.cdc/user-service/1.0.0/mappings/consumer/crm/get a user.json], URL [jar:file:/home/jedrzej/.m2/repository/pl/jerckov/cdc/user-service/1.0.0/user-service-1.0.0-stubs.jar!/META-INF/pl.jerckov.cdc/user-service/1.0.0/mappings/consumer/crm/user not found.json]]
12:36:02.149 [Test worker] DEBUG org.springframework.core.io.support.PathMatchingResourcePatternResolver - Resolved classpath location [/contracts/] to resources []
12:36:02.149 [Test worker] DEBUG org.springframework.core.io.support.PathMatchingResourcePatternResolver - Resolved location pattern [classpath*:/contracts/**/pl.jerckov.cdc/user-service/**/*.*] to resources []
12:36:02.150 [Test worker] DEBUG org.springframework.core.io.support.PathMatchingResourcePatternResolver - Resolved classpath location [/mappings/] to resources []
12:36:02.150 [Test worker] DEBUG org.springframework.core.io.support.PathMatchingResourcePatternResolver - Resolved location pattern [classpath*:/mappings/**/pl.jerckov.cdc/user-service/**/*.*] to resources []
12:36:02.150 [Test worker] DEBUG org.springframework.cloud.contract.stubrunner.ClasspathStubProvider - For paths [classpath*:/META-INF/**/pl.jerckov.cdc/user-service/**/*.*, classpath*:/contracts/**/pl.jerckov.cdc/user-service/**/*.*, classpath*:/mappings/**/pl.jerckov.cdc/user-service/**/*.*] found following resources [URL [jar:file:/home/jedrzej/.m2/repository/pl/jerckov/cdc/user-service/1.0.0/user-service-1.0.0-stubs.jar!/META-INF/pl.jerckov.cdc/user-service/1.0.0/], URL [jar:file:/home/jedrzej/.m2/repository/pl/jerckov/cdc/user-service/1.0.0/user-service-1.0.0-stubs.jar!/META-INF/pl.jerckov.cdc/user-service/1.0.0/contracts/provider/DELETE_users.groovy], URL [jar:file:/home/jedrzej/.m2/repository/pl/jerckov/cdc/user-service/1.0.0/user-service-1.0.0-stubs.jar!/META-INF/pl.jerckov.cdc/user-service/1.0.0/contracts/consumer/ui/POST_users.groovy], URL [jar:file:/home/jedrzej/.m2/repository/pl/jerckov/cdc/user-service/1.0.0/user-service-1.0.0-stubs.jar!/META-INF/pl.jerckov.cdc/user-service/1.0.0/contracts/consumer/crm/GET_users.groovy], URL [jar:file:/home/jedrzej/.m2/repository/pl/jerckov/cdc/user-service/1.0.0/user-service-1.0.0-stubs.jar!/META-INF/pl.jerckov.cdc/user-service/1.0.0/mappings/provider/delete a user.json], URL [jar:file:/home/jedrzej/.m2/repository/pl/jerckov/cdc/user-service/1.0.0/user-service-1.0.0-stubs.jar!/META-INF/pl.jerckov.cdc/user-service/1.0.0/mappings/consumer/ui/create a user.json], URL [jar:file:/home/jedrzej/.m2/repository/pl/jerckov/cdc/user-service/1.0.0/user-service-1.0.0-stubs.jar!/META-INF/pl.jerckov.cdc/user-service/1.0.0/mappings/consumer/crm/get a user.json], URL [jar:file:/home/jedrzej/.m2/repository/pl/jerckov/cdc/user-service/1.0.0/user-service-1.0.0-stubs.jar!/META-INF/pl.jerckov.cdc/user-service/1.0.0/mappings/consumer/crm/user not found.json]]
12:36:02.164 [Test worker] DEBUG org.springframework.cloud.contract.stubrunner.ClasspathStubProvider - Stored file [/tmp/1513078562150-0/pl.jerckov.cdc/user-service/1.0.0]
12:36:02.168 [Test worker] DEBUG org.springframework.cloud.contract.stubrunner.ClasspathStubProvider - Stored file [/tmp/1513078562150-0/pl.jerckov.cdc/user-service/1.0.0/contracts/provider/DELETE_users.groovy]
12:36:02.170 [Test worker] DEBUG org.springframework.cloud.contract.stubrunner.ClasspathStubProvider - Stored file [/tmp/1513078562150-0/pl.jerckov.cdc/user-service/1.0.0/contracts/consumer/ui/POST_users.groovy]
12:36:02.172 [Test worker] DEBUG org.springframework.cloud.contract.stubrunner.ClasspathStubProvider - Stored file [/tmp/1513078562150-0/pl.jerckov.cdc/user-service/1.0.0/contracts/consumer/crm/GET_users.groovy]
12:36:02.173 [Test worker] DEBUG org.springframework.cloud.contract.stubrunner.ClasspathStubProvider - Stored file [/tmp/1513078562150-0/pl.jerckov.cdc/user-service/1.0.0/mappings/provider/delete a user.json]
12:36:02.175 [Test worker] DEBUG org.springframework.cloud.contract.stubrunner.ClasspathStubProvider - Stored file [/tmp/1513078562150-0/pl.jerckov.cdc/user-service/1.0.0/mappings/consumer/ui/create a user.json]
12:36:02.176 [Test worker] DEBUG org.springframework.cloud.contract.stubrunner.ClasspathStubProvider - Stored file [/tmp/1513078562150-0/pl.jerckov.cdc/user-service/1.0.0/mappings/consumer/crm/get a user.json]
12:36:02.182 [Test worker] DEBUG org.springframework.cloud.contract.stubrunner.ClasspathStubProvider - Stored file [/tmp/1513078562150-0/pl.jerckov.cdc/user-service/1.0.0/mappings/consumer/crm/user not found.json]
12:36:02.182 [Test worker] INFO org.springframework.cloud.contract.stubrunner.ClasspathStubProvider - Unpacked files for [pl.jerckov.cdc:user-service:+] to folder [/tmp/1513078562150-0]
12:36:02.183 [Test worker] DEBUG org.springframework.cloud.contract.stubrunner.StubRunnerFactory - For stub configuration [pl.jerckov.cdc:user-service:+:stubs] the downloaded entry is [pl.jerckov.cdc:user-service:+:stubs=/tmp/1513078562150-0]
12:36:02.205 [Test worker] DEBUG org.springframework.cloud.contract.stubrunner.StubRepository - Found the following contract converters []
12:36:03.356 [Test worker] DEBUG org.springframework.cloud.contract.stubrunner.AvailablePortScanner - Trying to execute closure with port [10829]
12:36:04.187 [Test worker] DEBUG wiremock.org.eclipse.jetty.util.log - Logging to Logger[wiremock.org.eclipse.jetty.util.log] via wiremock.org.eclipse.jetty.util.log.Slf4jLog
12:36:04.228 [Test worker] INFO wiremock.org.eclipse.jetty.util.log - Logging initialized @3229ms
12:36:04.240 [Test worker] DEBUG wiremock.org.eclipse.jetty.util.component.ContainerLifeCycle - wiremock.org.eclipse.jetty.server.Server@77fd386a added {qtp1970282393{STOPPED,8<=0<=10,i=0,q=0},AUTO}
12:36:04.280 [Test worker] DEBUG wiremock.org.eclipse.jetty.util.component.ContainerLifeCycle - HttpConnectionFactory@691fc316{HTTP/1.1} added {HttpConfiguration@48506937{32768/8192,8192/8192,https://:0,[]},POJO}
12:36:04.293 [Test worker] DEBUG wiremock.org.eclipse.jetty.util.component.ContainerLifeCycle - NetworkTrafficServerConnector@48c99580{null}{0.0.0.0:0} added {wiremock.org.eclipse.jetty.server.Server@77fd386a,UNMANAGED}
12:36:04.293 [Test worker] DEBUG wiremock.org.eclipse.jetty.util.component.ContainerLifeCycle - NetworkTrafficServerConnector@48c99580{null}{0.0.0.0:0} added {qtp1970282393{STOPPED,8<=0<=10,i=0,q=0},AUTO}
12:36:04.294 [Test worker] DEBUG wiremock.org.eclipse.jetty.util.component.ContainerLifeCycle - NetworkTrafficServerConnector@48c99580{null}{0.0.0.0:0} added {wiremock.org.eclipse.jetty.util.thread.ScheduledExecutorScheduler@1293e9ea,AUTO}
12:36:04.295 [Test worker] DEBUG wiremock.org.eclipse.jetty.util.component.ContainerLifeCycle - NetworkTrafficServerConnector@48c99580{null}{0.0.0.0:0} added {wiremock.org.eclipse.jetty.io.ArrayByteBufferPool@73f32807,POJO}
12:36:04.295 [Test worker] DEBUG wiremock.org.eclipse.jetty.util.component.ContainerLifeCycle - NetworkTrafficServerConnector@48c99580{null}{0.0.0.0:0} added {HttpConnectionFactory@691fc316{HTTP/1.1},AUTO}
12:36:04.298 [Test worker] DEBUG wiremock.org.eclipse.jetty.util.component.ContainerLifeCycle - NetworkTrafficServerConnector@48c99580{HTTP/1.1}{0.0.0.0:0} added {wiremock.org.eclipse.jetty.server.ServerConnector$ServerConnectorManager@71465bd2,MANAGED}
12:36:04.299 [Test worker] DEBUG wiremock.org.eclipse.jetty.util.component.ContainerLifeCycle - wiremock.org.eclipse.jetty.server.Server@77fd386a added {NetworkTrafficServerConnector@48c99580{HTTP/1.1}{0.0.0.0:10829},AUTO}
12:36:04.322 [Test worker] DEBUG wiremock.org.eclipse.jetty.util.component.ContainerLifeCycle - wiremock.org.eclipse.jetty.server.Server@77fd386a added {w.o.e.j.s.ServletContextHandler@19b0481f{/__admin,null,null},AUTO}
12:36:04.328 [Test worker] DEBUG wiremock.org.eclipse.jetty.util.component.ContainerLifeCycle - w.o.e.j.s.ServletContextHandler@19b0481f{/__admin,null,null} added {wiremock.org.eclipse.jetty.servlet.ServletHandler@3da7ed58,AUTO}
12:36:04.335 [Test worker] DEBUG wiremock.org.eclipse.jetty.util.component.ContainerLifeCycle - wiremock.org.eclipse.jetty.servlet.ServletHandler@3da7ed58 added {wiremock.org.eclipse.jetty.servlet.DefaultServlet-65e21cb4@e07b5d0==wiremock.org.eclipse.jetty.servlet.DefaultServlet,-1,false,AUTO}
12:36:04.336 [Test worker] DEBUG wiremock.org.eclipse.jetty.util.component.ContainerLifeCycle - wiremock.org.eclipse.jetty.servlet.ServletHandler@3da7ed58 added {[/swagger-ui/*]=>wiremock.org.eclipse.jetty.servlet.DefaultServlet-65e21cb4,POJO}
12:36:04.337 [Test worker] DEBUG wiremock.org.eclipse.jetty.util.component.ContainerLifeCycle - wiremock.org.eclipse.jetty.servlet.ServletHandler@3da7ed58 added {wiremock.org.eclipse.jetty.servlet.DefaultServlet-41a09d1b@63c07e88==wiremock.org.eclipse.jetty.servlet.DefaultServlet,-1,false,AUTO}
12:36:04.337 [Test worker] DEBUG wiremock.org.eclipse.jetty.util.component.ContainerLifeCycle - wiremock.org.eclipse.jetty.servlet.ServletHandler@3da7ed58 added {[/recorder/*]=>wiremock.org.eclipse.jetty.servlet.DefaultServlet-41a09d1b,POJO}
12:36:04.338 [Test worker] DEBUG wiremock.org.eclipse.jetty.util.component.ContainerLifeCycle - wiremock.org.eclipse.jetty.servlet.ServletHandler@3da7ed58 added {com.github.tomakehurst.wiremock.servlet.WireMockHandlerDispatchingServlet-7e3b647b@eb2577b4==com.github.tomakehurst.wiremock.servlet.WireMockHandlerDispatchingServlet,-1,false,AUTO}
12:36:04.339 [Test worker] DEBUG wiremock.org.eclipse.jetty.util.component.ContainerLifeCycle - wiremock.org.eclipse.jetty.servlet.ServletHandler@3da7ed58 added {[/]=>com.github.tomakehurst.wiremock.servlet.WireMockHandlerDispatchingServlet-7e3b647b,POJO}
12:36:04.342 [Test worker] DEBUG wiremock.org.eclipse.jetty.util.component.ContainerLifeCycle - wiremock.org.eclipse.jetty.servlet.ServletHandler@3da7ed58 added {wiremock.org.eclipse.jetty.servlets.CrossOriginFilter-523d648d,AUTO}
12:36:04.353 [Test worker] DEBUG wiremock.org.eclipse.jetty.util.component.ContainerLifeCycle - wiremock.org.eclipse.jetty.servlet.ServletHandler@3da7ed58 added {[/*]/[]==1=>wiremock.org.eclipse.jetty.servlets.CrossOriginFilter-523d648d,POJO}
12:36:04.353 [Test worker] DEBUG wiremock.org.eclipse.jetty.util.component.ContainerLifeCycle - wiremock.org.eclipse.jetty.server.Server@77fd386a added {w.o.e.j.s.ServletContextHandler@4965998d{/,null,null},AUTO}
12:36:04.353 [Test worker] DEBUG wiremock.org.eclipse.jetty.util.component.ContainerLifeCycle - w.o.e.j.s.ServletContextHandler@4965998d{/,null,null} added {wiremock.org.eclipse.jetty.servlet.ServletHandler@64da97de,AUTO}
12:36:04.353 [Test worker] DEBUG wiremock.org.eclipse.jetty.util.component.ContainerLifeCycle - wiremock.org.eclipse.jetty.servlet.ServletHandler@64da97de added {wiremock.org.eclipse.jetty.servlet.DefaultServlet-70b74e75@6893057d==wiremock.org.eclipse.jetty.servlet.DefaultServlet,-1,false,AUTO}
12:36:04.354 [Test worker] DEBUG wiremock.org.eclipse.jetty.util.component.ContainerLifeCycle - wiremock.org.eclipse.jetty.servlet.ServletHandler@64da97de added {[/__files/*]=>wiremock.org.eclipse.jetty.servlet.DefaultServlet-70b74e75,POJO}
12:36:04.355 [Test worker] DEBUG wiremock.org.eclipse.jetty.util.component.ContainerLifeCycle - wiremock.org.eclipse.jetty.servlet.ServletHandler@64da97de added {com.github.tomakehurst.wiremock.servlet.WireMockHandlerDispatchingServlet-46777ac0@1b3a267==com.github.tomakehurst.wiremock.servlet.WireMockHandlerDispatchingServlet,-1,false,AUTO}
12:36:04.355 [Test worker] DEBUG wiremock.org.eclipse.jetty.util.component.ContainerLifeCycle - wiremock.org.eclipse.jetty.servlet.ServletHandler@64da97de added {[/]=>com.github.tomakehurst.wiremock.servlet.WireMockHandlerDispatchingServlet-46777ac0,POJO}
12:36:04.370 [Test worker] DEBUG wiremock.org.eclipse.jetty.util.component.ContainerLifeCycle - w.o.e.j.s.ServletContextHandler@4965998d{/,null,null} added {com.github.tomakehurst.wiremock.jetty9.NotFoundHandler@203e2e37,AUTO}
12:36:04.371 [Test worker] DEBUG wiremock.org.eclipse.jetty.util.component.ContainerLifeCycle - wiremock.org.eclipse.jetty.servlet.ServletHandler@64da97de added {wiremock.org.eclipse.jetty.servlets.GzipFilter-79fd616c,AUTO}
12:36:04.372 [Test worker] DEBUG wiremock.org.eclipse.jetty.util.component.ContainerLifeCycle - wiremock.org.eclipse.jetty.servlet.ServletHandler@64da97de added {[/*]/[]==3=>wiremock.org.eclipse.jetty.servlets.GzipFilter-79fd616c,POJO}
12:36:04.372 [Test worker] DEBUG wiremock.org.eclipse.jetty.util.component.ContainerLifeCycle - wiremock.org.eclipse.jetty.servlet.ServletHandler@64da97de added {com.github.tomakehurst.wiremock.servlet.ContentTypeSettingFilter-483dae81,AUTO}
12:36:04.372 [Test worker] DEBUG wiremock.org.eclipse.jetty.util.component.ContainerLifeCycle - wiremock.org.eclipse.jetty.servlet.ServletHandler@64da97de added {[/__files/*]/[]==2=>com.github.tomakehurst.wiremock.servlet.ContentTypeSettingFilter-483dae81,POJO}
12:36:04.373 [Test worker] DEBUG wiremock.org.eclipse.jetty.util.component.ContainerLifeCycle - wiremock.org.eclipse.jetty.servlet.ServletHandler@64da97de added {com.github.tomakehurst.wiremock.servlet.TrailingSlashFilter-1c53edcc,AUTO}
12:36:04.373 [Test worker] DEBUG wiremock.org.eclipse.jetty.util.component.ContainerLifeCycle - wiremock.org.eclipse.jetty.servlet.ServletHandler@64da97de added {[/__files/*]/[]==31=>com.github.tomakehurst.wiremock.servlet.TrailingSlashFilter-1c53edcc,POJO}
12:36:04.379 [Test worker] DEBUG wiremock.org.eclipse.jetty.util.component.ContainerLifeCycle - wiremock.org.eclipse.jetty.server.handler.HandlerCollection@56f2f615[w.o.e.j.s.ServletContextHandler@19b0481f{/__admin,null,null}, w.o.e.j.s.ServletContextHandler@4965998d{/,null,null}] added {w.o.e.j.s.ServletContextHandler@19b0481f{/__admin,null,null},AUTO}
12:36:04.379 [Test worker] DEBUG wiremock.org.eclipse.jetty.util.component.ContainerLifeCycle - wiremock.org.eclipse.jetty.server.handler.HandlerCollection@56f2f615[w.o.e.j.s.ServletContextHandler@19b0481f{/__admin,null,null}, w.o.e.j.s.ServletContextHandler@4965998d{/,null,null}] added {w.o.e.j.s.ServletContextHandler@4965998d{/,null,null},AUTO}
12:36:04.379 [Test worker] DEBUG wiremock.org.eclipse.jetty.util.component.ContainerLifeCycle - wiremock.org.eclipse.jetty.server.Server@77fd386a added {wiremock.org.eclipse.jetty.server.handler.HandlerCollection@56f2f615[w.o.e.j.s.ServletContextHandler@19b0481f{/__admin,null,null}, w.o.e.j.s.ServletContextHandler@4965998d{/,null,null}],AUTO}
12:36:04.387 [Test worker] DEBUG wiremock.org.eclipse.jetty.util.component.AbstractLifeCycle - starting wiremock.org.eclipse.jetty.server.Server@77fd386a
12:36:04.390 [Test worker] INFO wiremock.org.eclipse.jetty.server.Server - jetty-9.2.z-SNAPSHOT
12:36:04.402 [Test worker] DEBUG wiremock.org.eclipse.jetty.server.handler.AbstractHandler - starting wiremock.org.eclipse.jetty.server.Server@77fd386a
12:36:04.403 [Test worker] DEBUG wiremock.org.eclipse.jetty.util.component.AbstractLifeCycle - starting qtp1970282393{STOPPED,8<=0<=10,i=0,q=0}
12:36:04.404 [Test worker] DEBUG wiremock.org.eclipse.jetty.util.component.AbstractLifeCycle - STARTED @3405ms qtp1970282393{STARTED,8<=8<=10,i=8,q=0}
12:36:04.404 [Test worker] DEBUG wiremock.org.eclipse.jetty.util.component.AbstractLifeCycle - starting wiremock.org.eclipse.jetty.server.handler.HandlerCollection@56f2f615[w.o.e.j.s.ServletContextHandler@19b0481f{/__admin,null,null}, w.o.e.j.s.ServletContextHandler@4965998d{/,null,null}]
12:36:04.404 [Test worker] DEBUG wiremock.org.eclipse.jetty.server.handler.AbstractHandler - starting wiremock.org.eclipse.jetty.server.handler.HandlerCollection@56f2f615[w.o.e.j.s.ServletContextHandler@19b0481f{/__admin,null,null}, w.o.e.j.s.ServletContextHandler@4965998d{/,null,null}]
12:36:04.404 [Test worker] DEBUG wiremock.org.eclipse.jetty.util.component.AbstractLifeCycle - starting w.o.e.j.s.ServletContextHandler@19b0481f{/__admin,null,null}
12:36:04.406 [Test worker] DEBUG wiremock.org.eclipse.jetty.server.handler.AbstractHandler - starting w.o.e.j.s.ServletContextHandler@19b0481f{/__admin,null,STARTING}
12:36:04.406 [Test worker] DEBUG wiremock.org.eclipse.jetty.util.component.AbstractLifeCycle - starting wiremock.org.eclipse.jetty.servlet.ServletHandler@3da7ed58
12:36:04.408 [Test worker] DEBUG wiremock.org.eclipse.jetty.servlet.ServletHandler - Chose path=/recorder/* mapped to servlet=wiremock.org.eclipse.jetty.servlet.DefaultServlet-41a09d1b from default=false
12:36:04.409 [Test worker] DEBUG wiremock.org.eclipse.jetty.servlet.ServletHandler - Chose path=/swagger-ui/* mapped to servlet=wiremock.org.eclipse.jetty.servlet.DefaultServlet-65e21cb4 from default=false
12:36:04.409 [Test worker] DEBUG wiremock.org.eclipse.jetty.servlet.ServletHandler - Chose path=/ mapped to servlet=com.github.tomakehurst.wiremock.servlet.WireMockHandlerDispatchingServlet-7e3b647b from default=false
12:36:04.409 [Test worker] DEBUG wiremock.org.eclipse.jetty.servlet.ServletHandler - filterNameMap={wiremock.org.eclipse.jetty.servlets.CrossOriginFilter-523d648d=wiremock.org.eclipse.jetty.servlets.CrossOriginFilter-523d648d}
12:36:04.409 [Test worker] DEBUG wiremock.org.eclipse.jetty.servlet.ServletHandler - pathFilters=[[/*]/[]==1=>wiremock.org.eclipse.jetty.servlets.CrossOriginFilter-523d648d]
12:36:04.409 [Test worker] DEBUG wiremock.org.eclipse.jetty.servlet.ServletHandler - servletFilterMap={}
12:36:04.410 [Test worker] DEBUG wiremock.org.eclipse.jetty.servlet.ServletHandler - servletPathMap={/recorder/*=wiremock.org.eclipse.jetty.servlet.DefaultServlet-41a09d1b@63c07e88==wiremock.org.eclipse.jetty.servlet.DefaultServlet,-1,false, /swagger-ui/*=wiremock.org.eclipse.jetty.servlet.DefaultServlet-65e21cb4@e07b5d0==wiremock.org.eclipse.jetty.servlet.DefaultServlet,-1,false, /=com.github.tomakehurst.wiremock.servlet.WireMockHandlerDispatchingServlet-7e3b647b@eb2577b4==com.github.tomakehurst.wiremock.servlet.WireMockHandlerDispatchingServlet,-1,false}
12:36:04.410 [Test worker] DEBUG wiremock.org.eclipse.jetty.servlet.ServletHandler - servletNameMap={com.github.tomakehurst.wiremock.servlet.WireMockHandlerDispatchingServlet-7e3b647b=com.github.tomakehurst.wiremock.servlet.WireMockHandlerDispatchingServlet-7e3b647b@eb2577b4==com.github.tomakehurst.wiremock.servlet.WireMockHandlerDispatchingServlet,-1,false, wiremock.org.eclipse.jetty.servlet.DefaultServlet-65e21cb4=wiremock.org.eclipse.jetty.servlet.DefaultServlet-65e21cb4@e07b5d0==wiremock.org.eclipse.jetty.servlet.DefaultServlet,-1,false, wiremock.org.eclipse.jetty.servlet.DefaultServlet-41a09d1b=wiremock.org.eclipse.jetty.servlet.DefaultServlet-41a09d1b@63c07e88==wiremock.org.eclipse.jetty.servlet.DefaultServlet,-1,false}
12:36:04.411 [Test worker] DEBUG wiremock.org.eclipse.jetty.server.handler.AbstractHandler - starting wiremock.org.eclipse.jetty.servlet.ServletHandler@3da7ed58
12:36:04.412 [Test worker] DEBUG wiremock.org.eclipse.jetty.util.component.AbstractLifeCycle - STARTED @3413ms wiremock.org.eclipse.jetty.servlet.ServletHandler@3da7ed58
12:36:04.412 [Test worker] DEBUG wiremock.org.eclipse.jetty.util.component.AbstractLifeCycle - starting wiremock.org.eclipse.jetty.servlets.CrossOriginFilter-523d648d
12:36:04.412 [Test worker] DEBUG wiremock.org.eclipse.jetty.util.component.AbstractLifeCycle - STARTED @3413ms wiremock.org.eclipse.jetty.servlets.CrossOriginFilter-523d648d
12:36:04.414 [Test worker] DEBUG wiremock.org.eclipse.jetty.servlet.FilterHolder - Filter.init wiremock.org.eclipse.jetty.servlets.CrossOriginFilter@402057f7
12:36:04.416 [Test worker] DEBUG wiremock.org.eclipse.jetty.servlets.CrossOriginFilter - Cross-origin filter configuration: allowedOrigins = *, allowedMethods = OPTIONS,GET,POST,PUT,PATCH,DELETE, allowedHeaders = X-Requested-With,Content-Type,Accept,Origin,Authorization, preflightMaxAge = 1800, allowCredentials = true,exposedHeaders = ,chainPreflight = false
12:36:04.417 [Test worker] DEBUG wiremock.org.eclipse.jetty.util.component.AbstractLifeCycle - starting com.github.tomakehurst.wiremock.servlet.WireMockHandlerDispatchingServlet-7e3b647b@eb2577b4==com.github.tomakehurst.wiremock.servlet.WireMockHandlerDispatchingServlet,-1,false
12:36:04.419 [Test worker] DEBUG wiremock.org.eclipse.jetty.util.component.AbstractLifeCycle - STARTED @3419ms com.github.tomakehurst.wiremock.servlet.WireMockHandlerDispatchingServlet-7e3b647b@eb2577b4==com.github.tomakehurst.wiremock.servlet.WireMockHandlerDispatchingServlet,-1,false
12:36:04.419 [Test worker] DEBUG wiremock.org.eclipse.jetty.util.component.AbstractLifeCycle - starting wiremock.org.eclipse.jetty.servlet.DefaultServlet-41a09d1b@63c07e88==wiremock.org.eclipse.jetty.servlet.DefaultServlet,-1,false
12:36:04.419 [Test worker] DEBUG wiremock.org.eclipse.jetty.util.component.AbstractLifeCycle - STARTED @3420ms wiremock.org.eclipse.jetty.servlet.DefaultServlet-41a09d1b@63c07e88==wiremock.org.eclipse.jetty.servlet.DefaultServlet,-1,false
12:36:04.420 [Test worker] DEBUG wiremock.org.eclipse.jetty.util.component.AbstractLifeCycle - starting wiremock.org.eclipse.jetty.servlet.DefaultServlet-65e21cb4@e07b5d0==wiremock.org.eclipse.jetty.servlet.DefaultServlet,-1,false
12:36:04.420 [Test worker] DEBUG wiremock.org.eclipse.jetty.util.component.AbstractLifeCycle - STARTED @3421ms wiremock.org.eclipse.jetty.servlet.DefaultServlet-65e21cb4@e07b5d0==wiremock.org.eclipse.jetty.servlet.DefaultServlet,-1,false
12:36:04.421 [Test worker] INFO wiremock.org.eclipse.jetty.server.handler.ContextHandler - Started w.o.e.j.s.ServletContextHandler@19b0481f{/__admin,null,AVAILABLE}
12:36:04.421 [Test worker] DEBUG wiremock.org.eclipse.jetty.util.component.AbstractLifeCycle - STARTED @3422ms w.o.e.j.s.ServletContextHandler@19b0481f{/__admin,null,AVAILABLE}
12:36:04.421 [Test worker] DEBUG wiremock.org.eclipse.jetty.util.component.AbstractLifeCycle - starting w.o.e.j.s.ServletContextHandler@4965998d{/,null,null}
12:36:04.421 [Test worker] DEBUG wiremock.org.eclipse.jetty.server.handler.AbstractHandler - starting w.o.e.j.s.ServletContextHandler@4965998d{/,null,STARTING}
12:36:04.421 [Test worker] DEBUG wiremock.org.eclipse.jetty.util.component.AbstractLifeCycle - starting wiremock.org.eclipse.jetty.servlet.ServletHandler@64da97de
12:36:04.421 [Test worker] DEBUG wiremock.org.eclipse.jetty.servlet.ServletHandler - Chose path=/__files/* mapped to servlet=wiremock.org.eclipse.jetty.servlet.DefaultServlet-70b74e75 from default=false
12:36:04.421 [Test worker] DEBUG wiremock.org.eclipse.jetty.servlet.ServletHandler - Chose path=/ mapped to servlet=com.github.tomakehurst.wiremock.servlet.WireMockHandlerDispatchingServlet-46777ac0 from default=false
12:36:04.422 [Test worker] DEBUG wiremock.org.eclipse.jetty.servlet.ServletHandler - filterNameMap={com.github.tomakehurst.wiremock.servlet.ContentTypeSettingFilter-483dae81=com.github.tomakehurst.wiremock.servlet.ContentTypeSettingFilter-483dae81, com.github.tomakehurst.wiremock.servlet.TrailingSlashFilter-1c53edcc=com.github.tomakehurst.wiremock.servlet.TrailingSlashFilter-1c53edcc, wiremock.org.eclipse.jetty.servlets.GzipFilter-79fd616c=wiremock.org.eclipse.jetty.servlets.GzipFilter-79fd616c}
12:36:04.422 [Test worker] DEBUG wiremock.org.eclipse.jetty.servlet.ServletHandler - pathFilters=[[/*]/[]==3=>wiremock.org.eclipse.jetty.servlets.GzipFilter-79fd616c, [/__files/*]/[]==2=>com.github.tomakehurst.wiremock.servlet.ContentTypeSettingFilter-483dae81, [/__files/*]/[]==31=>com.github.tomakehurst.wiremock.servlet.TrailingSlashFilter-1c53edcc]
12:36:04.422 [Test worker] DEBUG wiremock.org.eclipse.jetty.servlet.ServletHandler - servletFilterMap={}
12:36:04.423 [Test worker] DEBUG wiremock.org.eclipse.jetty.servlet.ServletHandler - servletPathMap={/__files/*=wiremock.org.eclipse.jetty.servlet.DefaultServlet-70b74e75@6893057d==wiremock.org.eclipse.jetty.servlet.DefaultServlet,-1,false, /=com.github.tomakehurst.wiremock.servlet.WireMockHandlerDispatchingServlet-46777ac0@1b3a267==com.github.tomakehurst.wiremock.servlet.WireMockHandlerDispatchingServlet,-1,false}
12:36:04.423 [Test worker] DEBUG wiremock.org.eclipse.jetty.servlet.ServletHandler - servletNameMap={com.github.tomakehurst.wiremock.servlet.WireMockHandlerDispatchingServlet-46777ac0=com.github.tomakehurst.wiremock.servlet.WireMockHandlerDispatchingServlet-46777ac0@1b3a267==com.github.tomakehurst.wiremock.servlet.WireMockHandlerDispatchingServlet,-1,false, wiremock.org.eclipse.jetty.servlet.DefaultServlet-70b74e75=wiremock.org.eclipse.jetty.servlet.DefaultServlet-70b74e75@6893057d==wiremock.org.eclipse.jetty.servlet.DefaultServlet,-1,false}
12:36:04.423 [Test worker] DEBUG wiremock.org.eclipse.jetty.server.handler.AbstractHandler - starting wiremock.org.eclipse.jetty.servlet.ServletHandler@64da97de
12:36:04.423 [Test worker] DEBUG wiremock.org.eclipse.jetty.util.component.AbstractLifeCycle - STARTED @3424ms wiremock.org.eclipse.jetty.servlet.ServletHandler@64da97de
12:36:04.423 [Test worker] DEBUG wiremock.org.eclipse.jetty.util.component.AbstractLifeCycle - starting com.github.tomakehurst.wiremock.jetty9.NotFoundHandler@203e2e37
12:36:04.423 [Test worker] DEBUG wiremock.org.eclipse.jetty.server.handler.AbstractHandler - starting com.github.tomakehurst.wiremock.jetty9.NotFoundHandler@203e2e37
12:36:04.423 [Test worker] DEBUG wiremock.org.eclipse.jetty.util.component.AbstractLifeCycle - STARTED @3425ms com.github.tomakehurst.wiremock.jetty9.NotFoundHandler@203e2e37
12:36:04.424 [Test worker] DEBUG wiremock.org.eclipse.jetty.util.component.AbstractLifeCycle - starting wiremock.org.eclipse.jetty.servlets.GzipFilter-79fd616c
12:36:04.424 [Test worker] DEBUG wiremock.org.eclipse.jetty.util.component.AbstractLifeCycle - STARTED @3425ms wiremock.org.eclipse.jetty.servlets.GzipFilter-79fd616c
12:36:04.431 [Test worker] DEBUG wiremock.org.eclipse.jetty.servlet.FilterHolder - Filter.init wiremock.org.eclipse.jetty.servlets.GzipFilter@51b0b024
12:36:04.431 [Test worker] DEBUG wiremock.org.eclipse.jetty.util.component.AbstractLifeCycle - starting com.github.tomakehurst.wiremock.servlet.ContentTypeSettingFilter-483dae81
12:36:04.432 [Test worker] DEBUG wiremock.org.eclipse.jetty.util.component.AbstractLifeCycle - STARTED @3433ms com.github.tomakehurst.wiremock.servlet.ContentTypeSettingFilter-483dae81
12:36:04.432 [Test worker] DEBUG wiremock.org.eclipse.jetty.servlet.FilterHolder - Filter.init com.github.tomakehurst.wiremock.servlet.ContentTypeSettingFilter@2dc6763f
12:36:04.432 [Test worker] DEBUG wiremock.org.eclipse.jetty.util.component.AbstractLifeCycle - starting com.github.tomakehurst.wiremock.servlet.TrailingSlashFilter-1c53edcc
12:36:04.432 [Test worker] DEBUG wiremock.org.eclipse.jetty.util.component.AbstractLifeCycle - STARTED @3433ms com.github.tomakehurst.wiremock.servlet.TrailingSlashFilter-1c53edcc
12:36:04.432 [Test worker] DEBUG wiremock.org.eclipse.jetty.servlet.FilterHolder - Filter.init com.github.tomakehurst.wiremock.servlet.TrailingSlashFilter@791ab954
12:36:04.433 [Test worker] DEBUG wiremock.org.eclipse.jetty.util.component.AbstractLifeCycle - starting com.github.tomakehurst.wiremock.servlet.WireMockHandlerDispatchingServlet-46777ac0@1b3a267==com.github.tomakehurst.wiremock.servlet.WireMockHandlerDispatchingServlet,-1,false
12:36:04.433 [Test worker] DEBUG wiremock.org.eclipse.jetty.util.component.AbstractLifeCycle - STARTED @3434ms com.github.tomakehurst.wiremock.servlet.WireMockHandlerDispatchingServlet-46777ac0@1b3a267==com.github.tomakehurst.wiremock.servlet.WireMockHandlerDispatchingServlet,-1,false
12:36:04.433 [Test worker] DEBUG wiremock.org.eclipse.jetty.util.component.AbstractLifeCycle - starting wiremock.org.eclipse.jetty.servlet.DefaultServlet-70b74e75@6893057d==wiremock.org.eclipse.jetty.servlet.DefaultServlet,-1,false
12:36:04.433 [Test worker] DEBUG wiremock.org.eclipse.jetty.util.component.AbstractLifeCycle - STARTED @3434ms wiremock.org.eclipse.jetty.servlet.DefaultServlet-70b74e75@6893057d==wiremock.org.eclipse.jetty.servlet.DefaultServlet,-1,false
12:36:04.433 [Test worker] INFO wiremock.org.eclipse.jetty.server.handler.ContextHandler - Started w.o.e.j.s.ServletContextHandler@4965998d{/,null,AVAILABLE}
12:36:04.434 [Test worker] DEBUG wiremock.org.eclipse.jetty.util.component.AbstractLifeCycle - STARTED @3435ms w.o.e.j.s.ServletContextHandler@4965998d{/,null,AVAILABLE}
12:36:04.434 [Test worker] DEBUG wiremock.org.eclipse.jetty.util.component.AbstractLifeCycle - STARTED @3435ms wiremock.org.eclipse.jetty.server.handler.HandlerCollection@56f2f615[w.o.e.j.s.ServletContextHandler@19b0481f{/__admin,null,AVAILABLE}, w.o.e.j.s.ServletContextHandler@4965998d{/,null,AVAILABLE}]
12:36:04.435 [Test worker] DEBUG wiremock.org.eclipse.jetty.util.component.AbstractLifeCycle - starting NetworkTrafficServerConnector@48c99580{HTTP/1.1}{0.0.0.0:10829}
12:36:04.441 [Test worker] DEBUG wiremock.org.eclipse.jetty.util.component.ContainerLifeCycle - NetworkTrafficServerConnector@48c99580{HTTP/1.1}{0.0.0.0:10829} added {sun.nio.ch.ServerSocketChannelImpl[/0:0:0:0:0:0:0:0:10829],POJO}
12:36:04.442 [Test worker] DEBUG wiremock.org.eclipse.jetty.util.component.AbstractLifeCycle - starting wiremock.org.eclipse.jetty.util.thread.ScheduledExecutorScheduler@1293e9ea
12:36:04.444 [Test worker] DEBUG wiremock.org.eclipse.jetty.util.component.AbstractLifeCycle - STARTED @3445ms wiremock.org.eclipse.jetty.util.thread.ScheduledExecutorScheduler@1293e9ea
12:36:04.445 [Test worker] DEBUG wiremock.org.eclipse.jetty.util.component.AbstractLifeCycle - starting HttpConnectionFactory@691fc316{HTTP/1.1}
12:36:04.445 [Test worker] DEBUG wiremock.org.eclipse.jetty.util.component.AbstractLifeCycle - STARTED @3446ms HttpConnectionFactory@691fc316{HTTP/1.1}
12:36:04.446 [Test worker] DEBUG wiremock.org.eclipse.jetty.util.component.AbstractLifeCycle - starting wiremock.org.eclipse.jetty.server.ServerConnector$ServerConnectorManager@71465bd2
12:36:04.451 [Test worker] DEBUG wiremock.org.eclipse.jetty.util.component.AbstractLifeCycle - starting wiremock.org.eclipse.jetty.io.SelectorManager$ManagedSelector@5a63532c keys=-1 selected=-1
12:36:04.452 [Test worker] DEBUG wiremock.org.eclipse.jetty.util.component.AbstractLifeCycle - STARTED @3453ms wiremock.org.eclipse.jetty.io.SelectorManager$ManagedSelector@5a63532c keys=0 selected=0
12:36:04.453 [Test worker] DEBUG wiremock.org.eclipse.jetty.util.component.AbstractLifeCycle - starting wiremock.org.eclipse.jetty.io.SelectorManager$ManagedSelector@2fbed8f4 keys=-1 selected=-1
12:36:04.453 [Test worker] DEBUG wiremock.org.eclipse.jetty.util.component.AbstractLifeCycle - STARTED @3454ms wiremock.org.eclipse.jetty.io.SelectorManager$ManagedSelector@2fbed8f4 keys=0 selected=0
12:36:04.453 [Test worker] DEBUG wiremock.org.eclipse.jetty.util.component.AbstractLifeCycle - STARTED @3455ms wiremock.org.eclipse.jetty.server.ServerConnector$ServerConnectorManager@71465bd2
12:36:04.454 [qtp1970282393-15-selector-ServerConnectorManager@71465bd2/0] DEBUG wiremock.org.eclipse.jetty.io.SelectorManager - Starting Thread[qtp1970282393-15-selector-ServerConnectorManager@71465bd2/0,5,main] on wiremock.org.eclipse.jetty.io.SelectorManager$ManagedSelector@5a63532c keys=0 selected=0
12:36:04.454 [qtp1970282393-17-selector-ServerConnectorManager@71465bd2/1] DEBUG wiremock.org.eclipse.jetty.io.SelectorManager - Starting Thread[qtp1970282393-17-selector-ServerConnectorManager@71465bd2/1,5,main] on wiremock.org.eclipse.jetty.io.SelectorManager$ManagedSelector@2fbed8f4 keys=0 selected=0
12:36:04.455 [qtp1970282393-15-selector-ServerConnectorManager@71465bd2/0] DEBUG wiremock.org.eclipse.jetty.io.SelectorManager - Selector loop waiting on select
12:36:04.455 [Test worker] DEBUG wiremock.org.eclipse.jetty.util.component.ContainerLifeCycle - NetworkTrafficServerConnector@48c99580{HTTP/1.1}{0.0.0.0:10829} added {acceptor-0@1dd33c4,POJO}
12:36:04.455 [Test worker] DEBUG wiremock.org.eclipse.jetty.util.component.ContainerLifeCycle - NetworkTrafficServerConnector@48c99580{HTTP/1.1}{0.0.0.0:10829} added {acceptor-1@587d2273,POJO}
12:36:04.455 [qtp1970282393-17-selector-ServerConnectorManager@71465bd2/1] DEBUG wiremock.org.eclipse.jetty.io.SelectorManager - Selector loop waiting on select
12:36:04.465 [Test worker] INFO wiremock.org.eclipse.jetty.server.NetworkTrafficServerConnector - Started NetworkTrafficServerConnector@48c99580{HTTP/1.1}{0.0.0.0:10829}
12:36:04.466 [Test worker] DEBUG wiremock.org.eclipse.jetty.util.component.AbstractLifeCycle - STARTED @3466ms NetworkTrafficServerConnector@48c99580{HTTP/1.1}{0.0.0.0:10829}
12:36:04.466 [Test worker] INFO wiremock.org.eclipse.jetty.server.Server - Started @3467ms
12:36:04.466 [Test worker] DEBUG wiremock.org.eclipse.jetty.util.component.AbstractLifeCycle - STARTED @3467ms wiremock.org.eclipse.jetty.server.Server@77fd386a
12:36:04.466 [Test worker] INFO org.springframework.cloud.contract.stubrunner.StubServer - Started stub server for project [pl.jerckov.cdc:user-service:+:stubs] on port 10829
12:36:04.961 [qtp1970282393-16-acceptor-0@1dd33c4-NetworkTrafficServerConnector@48c99580{HTTP/1.1}{0.0.0.0:10829}] DEBUG wiremock.org.eclipse.jetty.io.SelectorManager - Queued change wiremock.org.eclipse.jetty.io.SelectorManager$ManagedSelector$Accept@60498884
12:36:04.962 [qtp1970282393-15-selector-ServerConnectorManager@71465bd2/0] DEBUG wiremock.org.eclipse.jetty.io.SelectorManager - Selector loop woken up from select, 0/0 selected
12:36:04.962 [qtp1970282393-15-selector-ServerConnectorManager@71465bd2/0] DEBUG wiremock.org.eclipse.jetty.io.SelectorManager - Running change wiremock.org.eclipse.jetty.io.SelectorManager$ManagedSelector$Accept@60498884
12:36:04.976 [qtp1970282393-15-selector-ServerConnectorManager@71465bd2/0] DEBUG wiremock.org.eclipse.jetty.io.AbstractEndPoint - onOpen NetworkTrafficSelectChannelEndPoint@246cb02e{/127.0.0.1:36120<->10829,Open,in,out,-,-,8/30000,null}{io=0,kio=0,kro=0}
12:36:04.977 [qtp1970282393-15-selector-ServerConnectorManager@71465bd2/0] DEBUG wiremock.org.eclipse.jetty.io.IdleTimeout - NetworkTrafficSelectChannelEndPoint@246cb02e{/127.0.0.1:36120<->10829,Open,in,out,-,-,9/30000,null}{io=0,kio=0,kro=0} idle timeout check, elapsed: 9 ms, remaining: 29991 ms
12:36:05.038 [qtp1970282393-15-selector-ServerConnectorManager@71465bd2/0] DEBUG wiremock.org.eclipse.jetty.server.HttpChannel - new HttpChannelOverHttp@2f8f4aeb{r=0,c=false,a=IDLE,uri=} -> NetworkTrafficSelectChannelEndPoint@246cb02e{/127.0.0.1:36120<->10829,Open,in,out,-,-,71/30000,null}{io=0,kio=0,kro=0},null,HttpChannelState@3f27305c{s=IDLE i=true a=null}
12:36:05.049 [qtp1970282393-15-selector-ServerConnectorManager@71465bd2/0] DEBUG wiremock.org.eclipse.jetty.server.HttpConnection - New HTTP Connection HttpConnection@17963f1[IDLE,NetworkTrafficSelectChannelEndPoint@246cb02e{/127.0.0.1:36120<->10829,Open,in,out,-,-,81/30000,null}{io=0,kio=0,kro=0}][p=HttpParser{s=START,0 of 0},g=HttpGenerator{s=START},c=HttpChannelOverHttp@2f8f4aeb{r=0,c=false,a=IDLE,uri=}]
12:36:05.051 [qtp1970282393-15-selector-ServerConnectorManager@71465bd2/0] DEBUG wiremock.org.eclipse.jetty.io.AbstractConnection - onOpen HttpConnection@17963f1[IDLE,NetworkTrafficSelectChannelEndPoint@246cb02e{/127.0.0.1:36120<->10829,Open,in,out,-,-,83/30000,HttpConnection}{io=0,kio=0,kro=0}][p=HttpParser{s=START,0 of 0},g=HttpGenerator{s=START},c=HttpChannelOverHttp@2f8f4aeb{r=0,c=false,a=IDLE,uri=}]
12:36:05.052 [qtp1970282393-15-selector-ServerConnectorManager@71465bd2/0] DEBUG wiremock.org.eclipse.jetty.io.AbstractConnection - fillInterested HttpConnection@17963f1[IDLE,NetworkTrafficSelectChannelEndPoint@246cb02e{/127.0.0.1:36120<->10829,Open,in,out,-,-,85/30000,HttpConnection}{io=0,kio=0,kro=0}][p=HttpParser{s=START,0 of 0},g=HttpGenerator{s=START},c=HttpChannelOverHttp@2f8f4aeb{r=0,c=false,a=IDLE,uri=}]
12:36:05.053 [qtp1970282393-15-selector-ServerConnectorManager@71465bd2/0] DEBUG wiremock.org.eclipse.jetty.io.AbstractConnection - IDLE-->FILL_INTERESTED HttpConnection@17963f1[FILL_INTERESTED,NetworkTrafficSelectChannelEndPoint@246cb02e{/127.0.0.1:36120<->10829,Open,in,out,-,-,86/30000,HttpConnection}{io=0,kio=0,kro=0}][p=HttpParser{s=START,0 of 0},g=HttpGenerator{s=START},c=HttpChannelOverHttp@2f8f4aeb{r=0,c=false,a=IDLE,uri=}]
12:36:05.054 [qtp1970282393-15-selector-ServerConnectorManager@71465bd2/0] DEBUG wiremock.org.eclipse.jetty.io.SelectChannelEndPoint - Local interests updating 0 -> 1 for NetworkTrafficSelectChannelEndPoint@246cb02e{/127.0.0.1:36120<->10829,Open,in,out,R,-,0/30000,HttpConnection}{io=1,kio=0,kro=0}
12:36:05.055 [qtp1970282393-15-selector-ServerConnectorManager@71465bd2/0] DEBUG wiremock.org.eclipse.jetty.io.SelectorManager - Queued change wiremock.org.eclipse.jetty.io.SelectChannelEndPoint$1@694bd2d4
12:36:05.056 [qtp1970282393-15-selector-ServerConnectorManager@71465bd2/0] DEBUG wiremock.org.eclipse.jetty.io.SelectorManager - Created NetworkTrafficSelectChannelEndPoint@246cb02e{/127.0.0.1:36120<->10829,Open,in,out,R,-,1/30000,HttpConnection}{io=1,kio=0,kro=0}
12:36:05.056 [qtp1970282393-15-selector-ServerConnectorManager@71465bd2/0] DEBUG wiremock.org.eclipse.jetty.io.SelectorManager - Running change wiremock.org.eclipse.jetty.io.SelectChannelEndPoint$1@694bd2d4
12:36:05.057 [qtp1970282393-15-selector-ServerConnectorManager@71465bd2/0] DEBUG wiremock.org.eclipse.jetty.io.SelectChannelEndPoint - Key interests updated 0 -> 1 on NetworkTrafficSelectChannelEndPoint@246cb02e{/127.0.0.1:36120<->10829,Open,in,out,R,-,2/30000,HttpConnection}{io=1,kio=1,kro=0}
12:36:05.057 [qtp1970282393-15-selector-ServerConnectorManager@71465bd2/0] DEBUG wiremock.org.eclipse.jetty.io.SelectorManager - Selector loop waiting on select
12:36:05.057 [qtp1970282393-15-selector-ServerConnectorManager@71465bd2/0] DEBUG wiremock.org.eclipse.jetty.io.SelectorManager - Selector loop woken up from select, 1/1 selected
12:36:05.058 [qtp1970282393-15-selector-ServerConnectorManager@71465bd2/0] DEBUG wiremock.org.eclipse.jetty.io.SelectChannelEndPoint - Key interests updated 1 -> 0 on NetworkTrafficSelectChannelEndPoint@246cb02e{/127.0.0.1:36120<->10829,Open,in,out,R,-,4/30000,HttpConnection}{io=1,kio=0,kro=1}
12:36:05.059 [qtp1970282393-15-selector-ServerConnectorManager@71465bd2/0] DEBUG wiremock.org.eclipse.jetty.io.SelectChannelEndPoint - Local interests updating 1 -> 0 for NetworkTrafficSelectChannelEndPoint@246cb02e{/127.0.0.1:36120<->10829,Open,in,out,R,-,4/30000,HttpConnection}{io=0,kio=0,kro=1}
12:36:05.059 [qtp1970282393-15-selector-ServerConnectorManager@71465bd2/0] DEBUG wiremock.org.eclipse.jetty.io.SelectorManager - Queued change wiremock.org.eclipse.jetty.io.SelectChannelEndPoint$1@694bd2d4
12:36:05.060 [qtp1970282393-15-selector-ServerConnectorManager@71465bd2/0] DEBUG wiremock.org.eclipse.jetty.io.AbstractConnection - FILL_INTERESTED-->FILLING HttpConnection@17963f1[FILLING,NetworkTrafficSelectChannelEndPoint@246cb02e{/127.0.0.1:36120<->10829,Open,in,out,-,-,6/30000,HttpConnection}{io=0,kio=0,kro=1}][p=HttpParser{s=START,0 of 0},g=HttpGenerator{s=START},c=HttpChannelOverHttp@2f8f4aeb{r=0,c=false,a=IDLE,uri=}]
12:36:05.061 [qtp1970282393-15-selector-ServerConnectorManager@71465bd2/0] DEBUG wiremock.org.eclipse.jetty.io.SelectorManager - Running change wiremock.org.eclipse.jetty.io.SelectChannelEndPoint$1@694bd2d4
12:36:05.061 [qtp1970282393-15-selector-ServerConnectorManager@71465bd2/0] DEBUG wiremock.org.eclipse.jetty.io.SelectorManager - Selector loop waiting on select
12:36:05.062 [qtp1970282393-19] DEBUG wiremock.org.eclipse.jetty.server.HttpConnection - HttpConnection@17963f1[FILLING,NetworkTrafficSelectChannelEndPoint@246cb02e{/127.0.0.1:36120<->10829,Open,in,out,-,-,7/30000,HttpConnection}{io=0,kio=0,kro=1}][p=HttpParser{s=START,0 of 0},g=HttpGenerator{s=START},c=HttpChannelOverHttp@2f8f4aeb{r=0,c=false,a=IDLE,uri=}] onFillable HttpChannelState@3f27305c{s=IDLE i=true a=null}
12:36:05.063 [qtp1970282393-19] DEBUG wiremock.org.eclipse.jetty.io.ChannelEndPoint - filled 423 NetworkTrafficSelectChannelEndPoint@246cb02e{/127.0.0.1:36120<->10829,Open,in,out,-,-,8/30000,HttpConnection}{io=0,kio=0,kro=1}
12:36:05.063 [qtp1970282393-19] DEBUG wiremock.org.eclipse.jetty.http.HttpParser - parseNext s=START HeapByteBuffer@2d6956a1[p=0,l=423,c=8192,r=423]={<<<POST /__admin/map...1b777a08e491"\n}>>>\x00\x00\x00\x00\x00\x00\x00\x00\x00\x00\x00\x00\x00\x00\x00\x00\x00...\x00\x00\x00\x00\x00\x00\x00\x00\x00\x00\x00\x00\x00\x00\x00}
12:36:05.063 [qtp1970282393-19] DEBUG wiremock.org.eclipse.jetty.http.HttpParser - START --> SPACE1
12:36:05.065 [qtp1970282393-19] DEBUG wiremock.org.eclipse.jetty.http.HttpParser - SPACE1 --> URI
12:36:05.065 [qtp1970282393-19] DEBUG wiremock.org.eclipse.jetty.http.HttpParser - URI --> SPACE2
12:36:05.065 [qtp1970282393-19] DEBUG wiremock.org.eclipse.jetty.http.HttpParser - SPACE2 --> REQUEST_VERSION
12:36:05.065 [qtp1970282393-19] DEBUG wiremock.org.eclipse.jetty.http.HttpParser - REQUEST_VERSION --> HEADER
12:36:05.066 [qtp1970282393-19] DEBUG wiremock.org.eclipse.jetty.http.HttpParser - HEADER --> HEADER_VALUE
12:36:05.066 [qtp1970282393-19] DEBUG wiremock.org.eclipse.jetty.http.HttpParser - HEADER_VALUE --> HEADER_IN_VALUE
12:36:05.066 [qtp1970282393-19] DEBUG wiremock.org.eclipse.jetty.http.HttpParser - HEADER_IN_VALUE --> HEADER
12:36:05.067 [qtp1970282393-19] DEBUG wiremock.org.eclipse.jetty.http.HttpParser - HEADER --> HEADER_IN_VALUE
12:36:05.068 [qtp1970282393-19] DEBUG wiremock.org.eclipse.jetty.http.HttpParser - HEADER_IN_VALUE --> HEADER
12:36:05.068 [qtp1970282393-19] DEBUG wiremock.org.eclipse.jetty.http.HttpParser - HEADER --> HEADER_VALUE
12:36:05.068 [qtp1970282393-19] DEBUG wiremock.org.eclipse.jetty.http.HttpParser - HEADER_VALUE --> HEADER_IN_VALUE
12:36:05.068 [qtp1970282393-19] DEBUG wiremock.org.eclipse.jetty.http.HttpParser - HEADER_IN_VALUE --> HEADER
12:36:05.070 [qtp1970282393-19] DEBUG wiremock.org.eclipse.jetty.http.HttpParser - HEADER --> HEADER_IN_VALUE
12:36:05.070 [qtp1970282393-19] DEBUG wiremock.org.eclipse.jetty.http.HttpParser - HEADER_IN_VALUE --> HEADER
12:36:05.070 [qtp1970282393-19] DEBUG wiremock.org.eclipse.jetty.http.HttpParser - HEADER --> HEADER_VALUE
12:36:05.070 [qtp1970282393-19] DEBUG wiremock.org.eclipse.jetty.http.HttpParser - HEADER_VALUE --> HEADER_IN_VALUE
12:36:05.071 [qtp1970282393-19] DEBUG wiremock.org.eclipse.jetty.http.HttpParser - HEADER_IN_VALUE --> HEADER
12:36:05.071 [qtp1970282393-19] DEBUG wiremock.org.eclipse.jetty.http.HttpParser - HEADER --> CONTENT
12:36:05.072 [qtp1970282393-19] DEBUG wiremock.org.eclipse.jetty.server.HttpChannel - HttpChannelOverHttp@2f8f4aeb{r=1,c=false,a=IDLE,uri=/__admin/mappings} handle enter
12:36:05.074 [qtp1970282393-19 - /__admin/mappings] DEBUG wiremock.org.eclipse.jetty.server.HttpChannelState - HttpChannelState@3f27305c{s=IDLE i=true a=null} handling IDLE
12:36:05.077 [qtp1970282393-19 - /__admin/mappings] DEBUG wiremock.org.eclipse.jetty.server.HttpChannel - HttpChannelOverHttp@2f8f4aeb{r=1,c=false,a=DISPATCHED,uri=/__admin/mappings} action REQUEST_DISPATCH
12:36:05.079 [qtp1970282393-19 - /__admin/mappings] DEBUG wiremock.org.eclipse.jetty.server.Server - REQUEST POST /__admin/mappings on HttpChannelOverHttp@2f8f4aeb{r=1,c=false,a=DISPATCHED,uri=/__admin/mappings}
12:36:05.081 [qtp1970282393-19 - /__admin/mappings] DEBUG wiremock.org.eclipse.jetty.server.handler.ContextHandler - scope null||/__admin/mappings @ w.o.e.j.s.ServletContextHandler@19b0481f{/__admin,null,AVAILABLE}
12:36:05.082 [qtp1970282393-19 - /__admin/mappings] DEBUG wiremock.org.eclipse.jetty.server.handler.ContextHandler - context=/__admin||/mappings @ w.o.e.j.s.ServletContextHandler@19b0481f{/__admin,null,AVAILABLE}
12:36:05.083 [qtp1970282393-19 - /__admin/mappings] DEBUG wiremock.org.eclipse.jetty.servlet.ServletHandler - servlet /__admin|/mappings|null -> com.github.tomakehurst.wiremock.servlet.WireMockHandlerDispatchingServlet-7e3b647b@eb2577b4==com.github.tomakehurst.wiremock.servlet.WireMockHandlerDispatchingServlet,-1,false
12:36:05.085 [qtp1970282393-19 - /__admin/mappings] DEBUG wiremock.org.eclipse.jetty.servlet.ServletHandler - chain=wiremock.org.eclipse.jetty.servlets.CrossOriginFilter-523d648d->com.github.tomakehurst.wiremock.servlet.WireMockHandlerDispatchingServlet-7e3b647b@eb2577b4==com.github.tomakehurst.wiremock.servlet.WireMockHandlerDispatchingServlet,-1,false
12:36:05.096 [qtp1970282393-19 - /__admin/mappings] DEBUG wiremock.org.eclipse.jetty.servlet.ServletHolder - Servlet.init com.github.tomakehurst.wiremock.servlet.WireMockHandlerDispatchingServlet@7cbb0fe1 for com.github.tomakehurst.wiremock.servlet.WireMockHandlerDispatchingServlet-7e3b647b
12:36:05.097 [qtp1970282393-19 - /__admin/mappings] INFO /__admin - RequestHandlerClass from context returned com.github.tomakehurst.wiremock.http.AdminRequestHandler. Normalized mapped under returned 'null'
12:36:05.098 [qtp1970282393-19 - /__admin/mappings] DEBUG wiremock.org.eclipse.jetty.servlet.ServletHandler - call filter wiremock.org.eclipse.jetty.servlets.CrossOriginFilter-523d648d
12:36:05.098 [qtp1970282393-19 - /__admin/mappings] DEBUG wiremock.org.eclipse.jetty.servlet.ServletHandler - call servlet com.github.tomakehurst.wiremock.servlet.WireMockHandlerDispatchingServlet-7e3b647b@eb2577b4==com.github.tomakehurst.wiremock.servlet.WireMockHandlerDispatchingServlet,-1,true
12:36:05.111 [qtp1970282393-19 - /__admin/mappings] DEBUG wiremock.org.eclipse.jetty.http.HttpParser - parseNext s=CONTENT HeapByteBuffer@2d6956a1[p=198,l=423,c=8192,r=225]={POST /__admin/map.../1.8.0_151)\r\n\r\n<<<{\n  "id" : "a671b...1b777a08e491"\n}>>>\x00\x00\x00\x00\x00\x00\x00\x00\x00\x00\x00\x00\x00\x00\x00\x00\x00...\x00\x00\x00\x00\x00\x00\x00\x00\x00\x00\x00\x00\x00\x00\x00}
12:36:05.111 [qtp1970282393-19 - /__admin/mappings] DEBUG wiremock.org.eclipse.jetty.server.HttpChannel - HttpChannelOverHttp@2f8f4aeb{r=1,c=false,a=DISPATCHED,uri=/__admin/mappings} content java.nio.HeapByteBufferR[pos=198 lim=423 cap=8192]
12:36:05.112 [qtp1970282393-19 - /__admin/mappings] DEBUG wiremock.org.eclipse.jetty.http.HttpParser - parseNext s=CONTENT HeapByteBuffer@2d6956a1[p=423,l=423,c=8192,r=0]={POST /__admin/map...1b777a08e491"\n}<<<>>>\x00\x00\x00\x00\x00\x00\x00\x00\x00\x00\x00\x00\x00\x00\x00\x00\x00...\x00\x00\x00\x00\x00\x00\x00\x00\x00\x00\x00\x00\x00\x00\x00}
12:36:05.112 [qtp1970282393-19 - /__admin/mappings] DEBUG wiremock.org.eclipse.jetty.http.HttpParser - CONTENT --> END
12:36:05.113 [qtp1970282393-19 - /__admin/mappings] DEBUG wiremock.org.eclipse.jetty.server.HttpChannel - HttpChannelOverHttp@2f8f4aeb{r=1,c=false,a=DISPATCHED,uri=/__admin/mappings} messageComplete
12:36:05.113 [qtp1970282393-19 - /__admin/mappings] DEBUG wiremock.org.eclipse.jetty.server.HttpInput - HttpInputOverHTTP@26bed306 EOF
12:36:05.114 [qtp1970282393-19 - /__admin/mappings] DEBUG wiremock.org.eclipse.jetty.io.ChannelEndPoint - filled 0 NetworkTrafficSelectChannelEndPoint@246cb02e{/127.0.0.1:36120<->10829,Open,in,out,-,-,50/30000,HttpConnection}{io=0,kio=0,kro=1}
12:36:05.114 [qtp1970282393-19 - /__admin/mappings] DEBUG wiremock.org.eclipse.jetty.server.HttpConnection - HttpConnection@17963f1[FILLING,NetworkTrafficSelectChannelEndPoint@246cb02e{/127.0.0.1:36120<->10829,Open,in,out,-,-,51/30000,HttpConnection}{io=0,kio=0,kro=1}][p=HttpParser{s=END,225 of 225},g=HttpGenerator{s=START},c=HttpChannelOverHttp@2f8f4aeb{r=1,c=false,a=DISPATCHED,uri=/__admin/mappings}] filled 0
12:36:05.115 [qtp1970282393-19 - /__admin/mappings] DEBUG wiremock.org.eclipse.jetty.server.HttpInput - HttpInputOverHTTP@26bed306 eof EOF
12:36:05.116 [qtp1970282393-19 - /__admin/mappings] DEBUG wiremock.org.eclipse.jetty.server.HttpInput - HttpInputOverHTTP@26bed306 eof EOF
12:36:05.176 [qtp1970282393-19 - /__admin/mappings] INFO WireMock - Received request to /mappings with body {
  "id" : "a671ba71-4758-48d5-bc4e-1b777a08e491",
  "request" : {
    "url" : "/ping",
    "method" : "GET"
  },
  "response" : {
    "status" : 200,
    "body" : "OK"
  },
  "uuid" : "a671ba71-4758-48d5-bc4e-1b777a08e491"
}
12:36:05.400 [qtp1970282393-19 - /__admin/mappings] DEBUG wiremock.org.eclipse.jetty.server.HttpConnection - wiremock.org.eclipse.jetty.server.HttpConnection$SendCallback@4386937a[PROCESSING][i=ResponseInfo{HTTP/1.1 201 null,-1,false},cb=wiremock.org.eclipse.jetty.server.HttpChannel$CommitCallback@72ff7e1b] generate: NEED_HEADER (null,[p=0,l=225,c=32768,r=225],false)@START
12:36:05.401 [qtp1970282393-19 - /__admin/mappings] DEBUG wiremock.org.eclipse.jetty.server.HttpConnection - wiremock.org.eclipse.jetty.server.HttpConnection$SendCallback@4386937a[PROCESSING][i=ResponseInfo{HTTP/1.1 201 null,-1,false},cb=wiremock.org.eclipse.jetty.server.HttpChannel$CommitCallback@72ff7e1b] generate: FLUSH ([p=0,l=119,c=8192,r=119],[p=0,l=225,c=32768,r=225],false)@COMMITTED
12:36:05.402 [qtp1970282393-19 - /__admin/mappings] DEBUG wiremock.org.eclipse.jetty.io.WriteFlusher - write: WriteFlusher@5854cc1b{IDLE} [HeapByteBuffer@88bcc3b[p=0,l=119,c=8192,r=119]={<<<HTTP/1.1 201 Crea...APSHOT)\r\n\r\nE1\r\n>>>\x00\x00\x00\x00\x00\x00\x00\x00\x00\x00\x00\x00\x00\x00\x00\x00\x00...\x00\x00\x00\x00\x00\x00\x00\x00\x00\x00\x00\x00\x00\x00\x00},HeapByteBuffer@18d7497[p=0,l=225,c=32768,r=225]={<<<{\n  "id" : "a671b...1b777a08e491"\n}>>>\x00\x00\x00\x00\x00\x00\x00\x00\x00\x00\x00\x00\x00\x00\x00\x00\x00...\x00\x00\x00\x00\x00\x00\x00\x00\x00\x00\x00\x00\x00\x00\x00}]
12:36:05.403 [qtp1970282393-19 - /__admin/mappings] DEBUG wiremock.org.eclipse.jetty.io.WriteFlusher - update WriteFlusher@5854cc1b{WRITING}:IDLE-->WRITING
12:36:05.406 [qtp1970282393-19 - /__admin/mappings] DEBUG wiremock.org.eclipse.jetty.io.ChannelEndPoint - flushed 119 NetworkTrafficSelectChannelEndPoint@246cb02e{/127.0.0.1:36120<->10829,Open,in,out,-,W,343/30000,HttpConnection}{io=0,kio=0,kro=1}
12:36:05.408 [qtp1970282393-19 - /__admin/mappings] DEBUG wiremock.org.eclipse.jetty.io.ChannelEndPoint - flushed 225 NetworkTrafficSelectChannelEndPoint@246cb02e{/127.0.0.1:36120<->10829,Open,in,out,-,W,0/30000,HttpConnection}{io=0,kio=0,kro=1}
12:36:05.410 [qtp1970282393-19 - /__admin/mappings] DEBUG wiremock.org.eclipse.jetty.io.WriteFlusher - update WriteFlusher@5854cc1b{IDLE}:WRITING-->IDLE
12:36:05.411 [qtp1970282393-19 - /__admin/mappings] DEBUG wiremock.org.eclipse.jetty.server.HttpConnection - wiremock.org.eclipse.jetty.server.HttpConnection$SendCallback@4386937a[PROCESSING][i=ResponseInfo{HTTP/1.1 201 null,-1,false},cb=wiremock.org.eclipse.jetty.server.HttpChannel$CommitCallback@72ff7e1b] generate: DONE ([p=119,l=119,c=8192,r=0],[p=225,l=225,c=32768,r=0],false)@COMMITTED
12:36:05.412 [qtp1970282393-19 - /__admin/mappings] DEBUG wiremock.org.eclipse.jetty.server.HttpConnection - wiremock.org.eclipse.jetty.server.HttpConnection$SendCallback@4386937a[PROCESSING][i=null,cb=Blocker@1756a5a1{null}] generate: CONTINUE (null,[p=0,l=0,c=0,r=0],true)@COMPLETING
12:36:05.414 [qtp1970282393-19 - /__admin/mappings] DEBUG wiremock.org.eclipse.jetty.server.HttpConnection - wiremock.org.eclipse.jetty.server.HttpConnection$SendCallback@4386937a[PROCESSING][i=null,cb=Blocker@1756a5a1{null}] generate: NEED_CHUNK (null,[p=0,l=0,c=0,r=0],true)@COMPLETING
12:36:05.417 [qtp1970282393-19 - /__admin/mappings] DEBUG wiremock.org.eclipse.jetty.server.HttpConnection - wiremock.org.eclipse.jetty.server.HttpConnection$SendCallback@4386937a[PROCESSING][i=null,cb=Blocker@1756a5a1{null}] generate: FLUSH (null,[p=0,l=0,c=0,r=0],true)@COMPLETING
12:36:05.417 [qtp1970282393-19 - /__admin/mappings] DEBUG wiremock.org.eclipse.jetty.io.WriteFlusher - write: WriteFlusher@5854cc1b{IDLE} [HeapByteBuffer@699c8744[p=0,l=7,c=1024,r=7]={<<<\r\n0\r\n\r\n>>>\x00\x00\x00\x00\x00\x00\x00\x00\x00\x00\x00\x00\x00\x00\x00\x00\x00...\x00\x00\x00\x00\x00\x00\x00\x00\x00\x00\x00\x00\x00\x00\x00}]
12:36:05.418 [qtp1970282393-19 - /__admin/mappings] DEBUG wiremock.org.eclipse.jetty.io.WriteFlusher - update WriteFlusher@5854cc1b{WRITING}:IDLE-->WRITING
12:36:05.420 [qtp1970282393-19 - /__admin/mappings] DEBUG wiremock.org.eclipse.jetty.io.ChannelEndPoint - flushed 7 NetworkTrafficSelectChannelEndPoint@246cb02e{/127.0.0.1:36120<->10829,Open,in,out,-,W,10/30000,HttpConnection}{io=0,kio=0,kro=1}
12:36:05.420 [qtp1970282393-19 - /__admin/mappings] DEBUG wiremock.org.eclipse.jetty.io.WriteFlusher - update WriteFlusher@5854cc1b{IDLE}:WRITING-->IDLE
12:36:05.420 [qtp1970282393-19 - /__admin/mappings] DEBUG wiremock.org.eclipse.jetty.server.HttpConnection - wiremock.org.eclipse.jetty.server.HttpConnection$SendCallback@4386937a[PROCESSING][i=null,cb=Blocker@1756a5a1{null}] generate: DONE (null,[p=0,l=0,c=0,r=0],true)@END
12:36:05.420 [qtp1970282393-19 - /__admin/mappings] DEBUG wiremock.org.eclipse.jetty.server.handler.ContextHandler - scope null||/__admin/mappings @ w.o.e.j.s.ServletContextHandler@4965998d{/,null,AVAILABLE}
12:36:05.421 [qtp1970282393-19 - /__admin/mappings] DEBUG wiremock.org.eclipse.jetty.server.Server - RESPONSE /__admin/mappings  201 handled=true
12:36:05.422 [qtp1970282393-19 - /__admin/mappings] DEBUG wiremock.org.eclipse.jetty.server.HttpChannelState - HttpChannelState@3f27305c{s=DISPATCHED i=true a=null} unhandle DISPATCHED
12:36:05.431 [qtp1970282393-19 - /__admin/mappings] DEBUG wiremock.org.eclipse.jetty.http.HttpParser - reset HttpParser{s=END,225 of 225}
12:36:05.431 [qtp1970282393-19 - /__admin/mappings] DEBUG wiremock.org.eclipse.jetty.http.HttpParser - END --> START
12:36:05.432 [qtp1970282393-19] DEBUG wiremock.org.eclipse.jetty.server.HttpChannel - HttpChannelOverHttp@2f8f4aeb{r=1,c=false,a=IDLE,uri=} handle exit, result COMPLETE
12:36:05.433 [qtp1970282393-19] DEBUG wiremock.org.eclipse.jetty.io.ChannelEndPoint - filled 0 NetworkTrafficSelectChannelEndPoint@246cb02e{/127.0.0.1:36120<->10829,Open,in,out,-,-,12/30000,HttpConnection}{io=0,kio=0,kro=1}
12:36:05.433 [qtp1970282393-19] DEBUG wiremock.org.eclipse.jetty.io.ChannelEndPoint - filled 0 NetworkTrafficSelectChannelEndPoint@246cb02e{/127.0.0.1:36120<->10829,Open,in,out,-,-,13/30000,HttpConnection}{io=0,kio=0,kro=1}
12:36:05.434 [qtp1970282393-19] DEBUG wiremock.org.eclipse.jetty.http.HttpParser - parseNext s=START HeapByteBuffer@88bcc3b[p=0,l=0,c=8192,r=0]={<<<>>>HTTP/1.1 201 Crea...\x00\x00\x00\x00\x00\x00\x00\x00\x00\x00\x00\x00\x00\x00\x00}
12:36:05.435 [qtp1970282393-19] DEBUG wiremock.org.eclipse.jetty.io.AbstractConnection - fillInterested HttpConnection@17963f1[FILLING,NetworkTrafficSelectChannelEndPoint@246cb02e{/127.0.0.1:36120<->10829,Open,in,out,-,-,14/30000,HttpConnection}{io=0,kio=0,kro=1}][p=HttpParser{s=START,0 of -1},g=HttpGenerator{s=START},c=HttpChannelOverHttp@2f8f4aeb{r=1,c=false,a=IDLE,uri=}]
12:36:05.436 [qtp1970282393-19] DEBUG wiremock.org.eclipse.jetty.io.AbstractConnection - FILLING-->FILLING_FILL_INTERESTED HttpConnection@17963f1[FILLING_FILL_INTERESTED,NetworkTrafficSelectChannelEndPoint@246cb02e{/127.0.0.1:36120<->10829,Open,in,out,-,-,15/30000,HttpConnection}{io=0,kio=0,kro=1}][p=HttpParser{s=START,0 of -1},g=HttpGenerator{s=START},c=HttpChannelOverHttp@2f8f4aeb{r=1,c=false,a=IDLE,uri=}]
12:36:05.437 [qtp1970282393-19] DEBUG wiremock.org.eclipse.jetty.io.AbstractConnection - FILLING_FILL_INTERESTED-->FILL_INTERESTED HttpConnection@17963f1[FILL_INTERESTED,NetworkTrafficSelectChannelEndPoint@246cb02e{/127.0.0.1:36120<->10829,Open,in,out,-,-,16/30000,HttpConnection}{io=0,kio=0,kro=1}][p=HttpParser{s=START,0 of -1},g=HttpGenerator{s=START},c=HttpChannelOverHttp@2f8f4aeb{r=1,c=false,a=IDLE,uri=}]
12:36:05.438 [qtp1970282393-19] DEBUG wiremock.org.eclipse.jetty.io.SelectChannelEndPoint - Local interests updating 0 -> 1 for NetworkTrafficSelectChannelEndPoint@246cb02e{/127.0.0.1:36120<->10829,Open,in,out,R,-,0/30000,HttpConnection}{io=1,kio=0,kro=1}
12:36:05.438 [qtp1970282393-19] DEBUG wiremock.org.eclipse.jetty.io.SelectorManager - Queued change wiremock.org.eclipse.jetty.io.SelectChannelEndPoint$1@694bd2d4
12:36:05.438 [qtp1970282393-15-selector-ServerConnectorManager@71465bd2/0] DEBUG wiremock.org.eclipse.jetty.io.SelectorManager - Selector loop woken up from select, 0/1 selected
12:36:05.438 [qtp1970282393-15-selector-ServerConnectorManager@71465bd2/0] DEBUG wiremock.org.eclipse.jetty.io.SelectorManager - Running change wiremock.org.eclipse.jetty.io.SelectChannelEndPoint$1@694bd2d4
12:36:05.439 [qtp1970282393-15-selector-ServerConnectorManager@71465bd2/0] DEBUG wiremock.org.eclipse.jetty.io.SelectChannelEndPoint - Key interests updated 0 -> 1 on NetworkTrafficSelectChannelEndPoint@246cb02e{/127.0.0.1:36120<->10829,Open,in,out,R,-,2/30000,HttpConnection}{io=1,kio=1,kro=1}
12:36:05.439 [qtp1970282393-15-selector-ServerConnectorManager@71465bd2/0] DEBUG wiremock.org.eclipse.jetty.io.SelectorManager - Selector loop waiting on select
12:36:05.441 [qtp1970282393-15-selector-ServerConnectorManager@71465bd2/0] DEBUG wiremock.org.eclipse.jetty.io.SelectorManager - Selector loop woken up from select, 1/1 selected
12:36:05.442 [qtp1970282393-15-selector-ServerConnectorManager@71465bd2/0] DEBUG wiremock.org.eclipse.jetty.io.SelectChannelEndPoint - Key interests updated 1 -> 0 on NetworkTrafficSelectChannelEndPoint@246cb02e{/127.0.0.1:36120<->10829,Open,in,out,R,-,4/30000,HttpConnection}{io=1,kio=0,kro=1}
12:36:05.442 [qtp1970282393-15-selector-ServerConnectorManager@71465bd2/0] DEBUG wiremock.org.eclipse.jetty.io.SelectChannelEndPoint - Local interests updating 1 -> 0 for NetworkTrafficSelectChannelEndPoint@246cb02e{/127.0.0.1:36120<->10829,Open,in,out,R,-,5/30000,HttpConnection}{io=0,kio=0,kro=1}
12:36:05.442 [qtp1970282393-15-selector-ServerConnectorManager@71465bd2/0] DEBUG wiremock.org.eclipse.jetty.io.SelectorManager - Queued change wiremock.org.eclipse.jetty.io.SelectChannelEndPoint$1@694bd2d4
12:36:05.443 [qtp1970282393-15-selector-ServerConnectorManager@71465bd2/0] DEBUG wiremock.org.eclipse.jetty.io.AbstractConnection - FILL_INTERESTED-->FILLING HttpConnection@17963f1[FILLING,NetworkTrafficSelectChannelEndPoint@246cb02e{/127.0.0.1:36120<->10829,Open,in,out,-,-,5/30000,HttpConnection}{io=0,kio=0,kro=1}][p=HttpParser{s=START,0 of -1},g=HttpGenerator{s=START},c=HttpChannelOverHttp@2f8f4aeb{r=1,c=false,a=IDLE,uri=}]
12:36:05.443 [qtp1970282393-15-selector-ServerConnectorManager@71465bd2/0] DEBUG wiremock.org.eclipse.jetty.io.SelectorManager - Running change wiremock.org.eclipse.jetty.io.SelectChannelEndPoint$1@694bd2d4
12:36:05.443 [qtp1970282393-15-selector-ServerConnectorManager@71465bd2/0] DEBUG wiremock.org.eclipse.jetty.io.SelectorManager - Selector loop waiting on select
12:36:05.444 [qtp1970282393-20] DEBUG wiremock.org.eclipse.jetty.server.HttpConnection - HttpConnection@17963f1[FILLING,NetworkTrafficSelectChannelEndPoint@246cb02e{/127.0.0.1:36120<->10829,Open,in,out,-,-,6/30000,HttpConnection}{io=0,kio=0,kro=1}][p=HttpParser{s=START,0 of -1},g=HttpGenerator{s=START},c=HttpChannelOverHttp@2f8f4aeb{r=1,c=false,a=IDLE,uri=}] onFillable HttpChannelState@3f27305c{s=IDLE i=true a=null}
12:36:05.445 [qtp1970282393-20] DEBUG wiremock.org.eclipse.jetty.io.ChannelEndPoint - filled 425 NetworkTrafficSelectChannelEndPoint@246cb02e{/127.0.0.1:36120<->10829,Open,in,out,-,-,8/30000,HttpConnection}{io=0,kio=0,kro=1}
12:36:05.445 [qtp1970282393-20] DEBUG wiremock.org.eclipse.jetty.http.HttpParser - parseNext s=START HeapByteBuffer@2d6956a1[p=0,l=425,c=8192,r=425]={<<<POST /__admin/map...5603f9cd3a35"\n}>>>\x00\x00\x00\x00\x00\x00\x00\x00\x00\x00\x00\x00\x00\x00\x00\x00\x00...\x00\x00\x00\x00\x00\x00\x00\x00\x00\x00\x00\x00\x00\x00\x00}
12:36:05.445 [qtp1970282393-20] DEBUG wiremock.org.eclipse.jetty.http.HttpParser - START --> SPACE1
12:36:05.445 [qtp1970282393-20] DEBUG wiremock.org.eclipse.jetty.http.HttpParser - SPACE1 --> URI
12:36:05.445 [qtp1970282393-20] DEBUG wiremock.org.eclipse.jetty.http.HttpParser - URI --> SPACE2
12:36:05.446 [qtp1970282393-20] DEBUG wiremock.org.eclipse.jetty.http.HttpParser - SPACE2 --> REQUEST_VERSION
12:36:05.446 [qtp1970282393-20] DEBUG wiremock.org.eclipse.jetty.http.HttpParser - REQUEST_VERSION --> HEADER
12:36:05.446 [qtp1970282393-20] DEBUG wiremock.org.eclipse.jetty.http.HttpParser - HEADER --> HEADER_VALUE
12:36:05.447 [qtp1970282393-20] DEBUG wiremock.org.eclipse.jetty.http.HttpParser - HEADER_VALUE --> HEADER_IN_VALUE
12:36:05.447 [qtp1970282393-20] DEBUG wiremock.org.eclipse.jetty.http.HttpParser - HEADER_IN_VALUE --> HEADER
12:36:05.447 [qtp1970282393-20] DEBUG wiremock.org.eclipse.jetty.http.HttpParser - HEADER --> HEADER_IN_VALUE
12:36:05.447 [qtp1970282393-20] DEBUG wiremock.org.eclipse.jetty.http.HttpParser - HEADER_IN_VALUE --> HEADER
12:36:05.447 [qtp1970282393-20] DEBUG wiremock.org.eclipse.jetty.http.HttpParser - HEADER --> HEADER_IN_VALUE
12:36:05.447 [qtp1970282393-20] DEBUG wiremock.org.eclipse.jetty.http.HttpParser - HEADER_IN_VALUE --> HEADER
12:36:05.447 [qtp1970282393-20] DEBUG wiremock.org.eclipse.jetty.http.HttpParser - HEADER --> HEADER_IN_VALUE
12:36:05.447 [qtp1970282393-20] DEBUG wiremock.org.eclipse.jetty.http.HttpParser - HEADER_IN_VALUE --> HEADER
12:36:05.448 [qtp1970282393-20] DEBUG wiremock.org.eclipse.jetty.http.HttpParser - HEADER --> HEADER_IN_VALUE
12:36:05.448 [qtp1970282393-20] DEBUG wiremock.org.eclipse.jetty.http.HttpParser - HEADER_IN_VALUE --> HEADER
12:36:05.448 [qtp1970282393-20] DEBUG wiremock.org.eclipse.jetty.http.HttpParser - HEADER --> CONTENT
12:36:05.448 [qtp1970282393-20] DEBUG wiremock.org.eclipse.jetty.server.HttpChannel - HttpChannelOverHttp@2f8f4aeb{r=2,c=false,a=IDLE,uri=/__admin/mappings} handle enter
12:36:05.448 [qtp1970282393-20 - /__admin/mappings] DEBUG wiremock.org.eclipse.jetty.server.HttpChannelState - HttpChannelState@3f27305c{s=IDLE i=true a=null} handling IDLE
12:36:05.448 [qtp1970282393-20 - /__admin/mappings] DEBUG wiremock.org.eclipse.jetty.server.HttpChannel - HttpChannelOverHttp@2f8f4aeb{r=2,c=false,a=DISPATCHED,uri=/__admin/mappings} action REQUEST_DISPATCH
12:36:05.448 [qtp1970282393-20 - /__admin/mappings] DEBUG wiremock.org.eclipse.jetty.server.Server - REQUEST POST /__admin/mappings on HttpChannelOverHttp@2f8f4aeb{r=2,c=false,a=DISPATCHED,uri=/__admin/mappings}
12:36:05.449 [qtp1970282393-20 - /__admin/mappings] DEBUG wiremock.org.eclipse.jetty.server.handler.ContextHandler - scope null||/__admin/mappings @ w.o.e.j.s.ServletContextHandler@19b0481f{/__admin,null,AVAILABLE}
12:36:05.450 [qtp1970282393-20 - /__admin/mappings] DEBUG wiremock.org.eclipse.jetty.server.handler.ContextHandler - context=/__admin||/mappings @ w.o.e.j.s.ServletContextHandler@19b0481f{/__admin,null,AVAILABLE}
12:36:05.450 [qtp1970282393-20 - /__admin/mappings] DEBUG wiremock.org.eclipse.jetty.servlet.ServletHandler - servlet /__admin|/mappings|null -> com.github.tomakehurst.wiremock.servlet.WireMockHandlerDispatchingServlet-7e3b647b@eb2577b4==com.github.tomakehurst.wiremock.servlet.WireMockHandlerDispatchingServlet,-1,true
12:36:05.450 [qtp1970282393-20 - /__admin/mappings] DEBUG wiremock.org.eclipse.jetty.servlet.ServletHandler - chain=wiremock.org.eclipse.jetty.servlets.CrossOriginFilter-523d648d->com.github.tomakehurst.wiremock.servlet.WireMockHandlerDispatchingServlet-7e3b647b@eb2577b4==com.github.tomakehurst.wiremock.servlet.WireMockHandlerDispatchingServlet,-1,true
12:36:05.450 [qtp1970282393-20 - /__admin/mappings] DEBUG wiremock.org.eclipse.jetty.servlet.ServletHandler - call filter wiremock.org.eclipse.jetty.servlets.CrossOriginFilter-523d648d
12:36:05.451 [qtp1970282393-20 - /__admin/mappings] DEBUG wiremock.org.eclipse.jetty.servlet.ServletHandler - call servlet com.github.tomakehurst.wiremock.servlet.WireMockHandlerDispatchingServlet-7e3b647b@eb2577b4==com.github.tomakehurst.wiremock.servlet.WireMockHandlerDispatchingServlet,-1,true
12:36:05.452 [qtp1970282393-20 - /__admin/mappings] DEBUG wiremock.org.eclipse.jetty.http.HttpParser - parseNext s=CONTENT HeapByteBuffer@2d6956a1[p=198,l=425,c=8192,r=227]={POST /__admin/map.../1.8.0_151)\r\n\r\n<<<{\n  "id" : "02862...5603f9cd3a35"\n}>>>\x00\x00\x00\x00\x00\x00\x00\x00\x00\x00\x00\x00\x00\x00\x00\x00\x00...\x00\x00\x00\x00\x00\x00\x00\x00\x00\x00\x00\x00\x00\x00\x00}
12:36:05.452 [qtp1970282393-20 - /__admin/mappings] DEBUG wiremock.org.eclipse.jetty.server.HttpChannel - HttpChannelOverHttp@2f8f4aeb{r=2,c=false,a=DISPATCHED,uri=/__admin/mappings} content java.nio.HeapByteBufferR[pos=198 lim=425 cap=8192]
12:36:05.453 [qtp1970282393-20 - /__admin/mappings] DEBUG wiremock.org.eclipse.jetty.http.HttpParser - parseNext s=CONTENT HeapByteBuffer@2d6956a1[p=425,l=425,c=8192,r=0]={POST /__admin/map...5603f9cd3a35"\n}<<<>>>\x00\x00\x00\x00\x00\x00\x00\x00\x00\x00\x00\x00\x00\x00\x00\x00\x00...\x00\x00\x00\x00\x00\x00\x00\x00\x00\x00\x00\x00\x00\x00\x00}
12:36:05.453 [qtp1970282393-20 - /__admin/mappings] DEBUG wiremock.org.eclipse.jetty.http.HttpParser - CONTENT --> END
12:36:05.454 [qtp1970282393-20 - /__admin/mappings] DEBUG wiremock.org.eclipse.jetty.server.HttpChannel - HttpChannelOverHttp@2f8f4aeb{r=2,c=false,a=DISPATCHED,uri=/__admin/mappings} messageComplete
12:36:05.454 [qtp1970282393-20 - /__admin/mappings] DEBUG wiremock.org.eclipse.jetty.server.HttpInput - HttpInputOverHTTP@26bed306 EOF
12:36:05.455 [qtp1970282393-20 - /__admin/mappings] DEBUG wiremock.org.eclipse.jetty.io.ChannelEndPoint - filled 0 NetworkTrafficSelectChannelEndPoint@246cb02e{/127.0.0.1:36120<->10829,Open,in,out,-,-,9/30000,HttpConnection}{io=0,kio=0,kro=1}
12:36:05.456 [qtp1970282393-20 - /__admin/mappings] DEBUG wiremock.org.eclipse.jetty.server.HttpConnection - HttpConnection@17963f1[FILLING,NetworkTrafficSelectChannelEndPoint@246cb02e{/127.0.0.1:36120<->10829,Open,in,out,-,-,10/30000,HttpConnection}{io=0,kio=0,kro=1}][p=HttpParser{s=END,227 of 227},g=HttpGenerator{s=START},c=HttpChannelOverHttp@2f8f4aeb{r=2,c=false,a=DISPATCHED,uri=/__admin/mappings}] filled 0
12:36:05.456 [qtp1970282393-20 - /__admin/mappings] DEBUG wiremock.org.eclipse.jetty.server.HttpInput - HttpInputOverHTTP@26bed306 eof EOF
12:36:05.457 [qtp1970282393-20 - /__admin/mappings] DEBUG wiremock.org.eclipse.jetty.server.HttpInput - HttpInputOverHTTP@26bed306 eof EOF
12:36:05.457 [qtp1970282393-20 - /__admin/mappings] INFO WireMock - Received request to /mappings with body {
  "id" : "02862c5f-11e8-4b9e-ae27-5603f9cd3a35",
  "request" : {
    "url" : "/health",
    "method" : "GET"
  },
  "response" : {
    "status" : 200,
    "body" : "OK"
  },
  "uuid" : "02862c5f-11e8-4b9e-ae27-5603f9cd3a35"
}
12:36:05.504 [qtp1970282393-20 - /__admin/mappings] DEBUG wiremock.org.eclipse.jetty.server.HttpConnection - wiremock.org.eclipse.jetty.server.HttpConnection$SendCallback@4386937a[PROCESSING][i=ResponseInfo{HTTP/1.1 201 null,-1,false},cb=wiremock.org.eclipse.jetty.server.HttpChannel$CommitCallback@2c6cbe64] generate: NEED_HEADER (null,[p=0,l=227,c=32768,r=227],false)@START
12:36:05.504 [qtp1970282393-20 - /__admin/mappings] DEBUG wiremock.org.eclipse.jetty.server.HttpConnection - wiremock.org.eclipse.jetty.server.HttpConnection$SendCallback@4386937a[PROCESSING][i=ResponseInfo{HTTP/1.1 201 null,-1,false},cb=wiremock.org.eclipse.jetty.server.HttpChannel$CommitCallback@2c6cbe64] generate: FLUSH ([p=0,l=119,c=8192,r=119],[p=0,l=227,c=32768,r=227],false)@COMMITTED
12:36:05.505 [qtp1970282393-20 - /__admin/mappings] DEBUG wiremock.org.eclipse.jetty.io.WriteFlusher - write: WriteFlusher@5854cc1b{IDLE} [HeapByteBuffer@88bcc3b[p=0,l=119,c=8192,r=119]={<<<HTTP/1.1 201 Crea...APSHOT)\r\n\r\nE3\r\n>>>\x00\x00\x00\x00\x00\x00\x00\x00\x00\x00\x00\x00\x00\x00\x00\x00\x00...\x00\x00\x00\x00\x00\x00\x00\x00\x00\x00\x00\x00\x00\x00\x00},HeapByteBuffer@18d7497[p=0,l=227,c=32768,r=227]={<<<{\n  "id" : "02862...5603f9cd3a35"\n}>>>\x00\x00\x00\x00\x00\x00\x00\x00\x00\x00\x00\x00\x00\x00\x00\x00\x00...\x00\x00\x00\x00\x00\x00\x00\x00\x00\x00\x00\x00\x00\x00\x00}]
12:36:05.505 [qtp1970282393-20 - /__admin/mappings] DEBUG wiremock.org.eclipse.jetty.io.WriteFlusher - update WriteFlusher@5854cc1b{WRITING}:IDLE-->WRITING
12:36:05.506 [qtp1970282393-20 - /__admin/mappings] DEBUG wiremock.org.eclipse.jetty.io.ChannelEndPoint - flushed 119 NetworkTrafficSelectChannelEndPoint@246cb02e{/127.0.0.1:36120<->10829,Open,in,out,-,W,61/30000,HttpConnection}{io=0,kio=0,kro=1}
12:36:05.506 [qtp1970282393-20 - /__admin/mappings] DEBUG wiremock.org.eclipse.jetty.io.ChannelEndPoint - flushed 227 NetworkTrafficSelectChannelEndPoint@246cb02e{/127.0.0.1:36120<->10829,Open,in,out,-,W,0/30000,HttpConnection}{io=0,kio=0,kro=1}
12:36:05.506 [qtp1970282393-20 - /__admin/mappings] DEBUG wiremock.org.eclipse.jetty.io.WriteFlusher - update WriteFlusher@5854cc1b{IDLE}:WRITING-->IDLE
12:36:05.507 [qtp1970282393-20 - /__admin/mappings] DEBUG wiremock.org.eclipse.jetty.server.HttpConnection - wiremock.org.eclipse.jetty.server.HttpConnection$SendCallback@4386937a[PROCESSING][i=ResponseInfo{HTTP/1.1 201 null,-1,false},cb=wiremock.org.eclipse.jetty.server.HttpChannel$CommitCallback@2c6cbe64] generate: DONE ([p=119,l=119,c=8192,r=0],[p=227,l=227,c=32768,r=0],false)@COMMITTED
12:36:05.507 [qtp1970282393-20 - /__admin/mappings] DEBUG wiremock.org.eclipse.jetty.server.HttpConnection - wiremock.org.eclipse.jetty.server.HttpConnection$SendCallback@4386937a[PROCESSING][i=null,cb=Blocker@1756a5a1{null}] generate: CONTINUE (null,[p=0,l=0,c=0,r=0],true)@COMPLETING
12:36:05.507 [qtp1970282393-20 - /__admin/mappings] DEBUG wiremock.org.eclipse.jetty.server.HttpConnection - wiremock.org.eclipse.jetty.server.HttpConnection$SendCallback@4386937a[PROCESSING][i=null,cb=Blocker@1756a5a1{null}] generate: NEED_CHUNK (null,[p=0,l=0,c=0,r=0],true)@COMPLETING
12:36:05.508 [qtp1970282393-20 - /__admin/mappings] DEBUG wiremock.org.eclipse.jetty.server.HttpConnection - wiremock.org.eclipse.jetty.server.HttpConnection$SendCallback@4386937a[PROCESSING][i=null,cb=Blocker@1756a5a1{null}] generate: FLUSH (null,[p=0,l=0,c=0,r=0],true)@COMPLETING
12:36:05.508 [qtp1970282393-20 - /__admin/mappings] DEBUG wiremock.org.eclipse.jetty.io.WriteFlusher - write: WriteFlusher@5854cc1b{IDLE} [HeapByteBuffer@699c8744[p=0,l=7,c=1024,r=7]={<<<\r\n0\r\n\r\n>>>\x00\x00\x00\x00\x00\x00\x00\x00\x00\x00\x00\x00\x00\x00\x00\x00\x00...\x00\x00\x00\x00\x00\x00\x00\x00\x00\x00\x00\x00\x00\x00\x00}]
12:36:05.508 [qtp1970282393-20 - /__admin/mappings] DEBUG wiremock.org.eclipse.jetty.io.WriteFlusher - update WriteFlusher@5854cc1b{WRITING}:IDLE-->WRITING
12:36:05.509 [qtp1970282393-20 - /__admin/mappings] DEBUG wiremock.org.eclipse.jetty.io.ChannelEndPoint - flushed 7 NetworkTrafficSelectChannelEndPoint@246cb02e{/127.0.0.1:36120<->10829,Open,in,out,-,W,3/30000,HttpConnection}{io=0,kio=0,kro=1}
12:36:05.512 [qtp1970282393-20 - /__admin/mappings] DEBUG wiremock.org.eclipse.jetty.io.WriteFlusher - update WriteFlusher@5854cc1b{IDLE}:WRITING-->IDLE
12:36:05.514 [qtp1970282393-20 - /__admin/mappings] DEBUG wiremock.org.eclipse.jetty.server.HttpConnection - wiremock.org.eclipse.jetty.server.HttpConnection$SendCallback@4386937a[PROCESSING][i=null,cb=Blocker@1756a5a1{null}] generate: DONE (null,[p=0,l=0,c=0,r=0],true)@END
12:36:05.515 [qtp1970282393-20 - /__admin/mappings] DEBUG wiremock.org.eclipse.jetty.server.handler.ContextHandler - scope null||/__admin/mappings @ w.o.e.j.s.ServletContextHandler@4965998d{/,null,AVAILABLE}
12:36:05.515 [qtp1970282393-20 - /__admin/mappings] DEBUG wiremock.org.eclipse.jetty.server.Server - RESPONSE /__admin/mappings  201 handled=true
12:36:05.516 [qtp1970282393-20 - /__admin/mappings] DEBUG wiremock.org.eclipse.jetty.server.HttpChannelState - HttpChannelState@3f27305c{s=DISPATCHED i=true a=null} unhandle DISPATCHED
12:36:05.517 [qtp1970282393-20 - /__admin/mappings] DEBUG wiremock.org.eclipse.jetty.http.HttpParser - reset HttpParser{s=END,227 of 227}
12:36:05.517 [qtp1970282393-20 - /__admin/mappings] DEBUG wiremock.org.eclipse.jetty.http.HttpParser - END --> START
12:36:05.519 [qtp1970282393-20] DEBUG wiremock.org.eclipse.jetty.server.HttpChannel - HttpChannelOverHttp@2f8f4aeb{r=2,c=false,a=IDLE,uri=} handle exit, result COMPLETE
12:36:05.519 [qtp1970282393-20] DEBUG wiremock.org.eclipse.jetty.io.ChannelEndPoint - filled 0 NetworkTrafficSelectChannelEndPoint@246cb02e{/127.0.0.1:36120<->10829,Open,in,out,-,-,7/30000,HttpConnection}{io=0,kio=0,kro=1}
12:36:05.520 [qtp1970282393-20] DEBUG wiremock.org.eclipse.jetty.io.ChannelEndPoint - filled 0 NetworkTrafficSelectChannelEndPoint@246cb02e{/127.0.0.1:36120<->10829,Open,in,out,-,-,8/30000,HttpConnection}{io=0,kio=0,kro=1}
12:36:05.521 [qtp1970282393-20] DEBUG wiremock.org.eclipse.jetty.http.HttpParser - parseNext s=START HeapByteBuffer@88bcc3b[p=0,l=0,c=8192,r=0]={<<<>>>HTTP/1.1 201 Crea...\x00\x00\x00\x00\x00\x00\x00\x00\x00\x00\x00\x00\x00\x00\x00}
12:36:05.522 [qtp1970282393-20] DEBUG wiremock.org.eclipse.jetty.io.AbstractConnection - fillInterested HttpConnection@17963f1[FILLING,NetworkTrafficSelectChannelEndPoint@246cb02e{/127.0.0.1:36120<->10829,Open,in,out,-,-,10/30000,HttpConnection}{io=0,kio=0,kro=1}][p=HttpParser{s=START,0 of -1},g=HttpGenerator{s=START},c=HttpChannelOverHttp@2f8f4aeb{r=2,c=false,a=IDLE,uri=}]
12:36:05.524 [qtp1970282393-20] DEBUG wiremock.org.eclipse.jetty.io.AbstractConnection - FILLING-->FILLING_FILL_INTERESTED HttpConnection@17963f1[FILLING_FILL_INTERESTED,NetworkTrafficSelectChannelEndPoint@246cb02e{/127.0.0.1:36120<->10829,Open,in,out,-,-,12/30000,HttpConnection}{io=0,kio=0,kro=1}][p=HttpParser{s=START,0 of -1},g=HttpGenerator{s=START},c=HttpChannelOverHttp@2f8f4aeb{r=2,c=false,a=IDLE,uri=}]
12:36:05.525 [qtp1970282393-20] DEBUG wiremock.org.eclipse.jetty.io.AbstractConnection - FILLING_FILL_INTERESTED-->FILL_INTERESTED HttpConnection@17963f1[FILL_INTERESTED,NetworkTrafficSelectChannelEndPoint@246cb02e{/127.0.0.1:36120<->10829,Open,in,out,-,-,12/30000,HttpConnection}{io=0,kio=0,kro=1}][p=HttpParser{s=START,0 of -1},g=HttpGenerator{s=START},c=HttpChannelOverHttp@2f8f4aeb{r=2,c=false,a=IDLE,uri=}]
12:36:05.527 [qtp1970282393-20] DEBUG wiremock.org.eclipse.jetty.io.SelectChannelEndPoint - Local interests updating 0 -> 1 for NetworkTrafficSelectChannelEndPoint@246cb02e{/127.0.0.1:36120<->10829,Open,in,out,R,-,0/30000,HttpConnection}{io=1,kio=0,kro=1}
12:36:05.527 [qtp1970282393-20] DEBUG wiremock.org.eclipse.jetty.io.SelectorManager - Queued change wiremock.org.eclipse.jetty.io.SelectChannelEndPoint$1@694bd2d4
12:36:05.527 [qtp1970282393-15-selector-ServerConnectorManager@71465bd2/0] DEBUG wiremock.org.eclipse.jetty.io.SelectorManager - Selector loop woken up from select, 0/1 selected
12:36:05.528 [qtp1970282393-15-selector-ServerConnectorManager@71465bd2/0] DEBUG wiremock.org.eclipse.jetty.io.SelectorManager - Running change wiremock.org.eclipse.jetty.io.SelectChannelEndPoint$1@694bd2d4
12:36:05.528 [qtp1970282393-15-selector-ServerConnectorManager@71465bd2/0] DEBUG wiremock.org.eclipse.jetty.io.SelectChannelEndPoint - Key interests updated 0 -> 1 on NetworkTrafficSelectChannelEndPoint@246cb02e{/127.0.0.1:36120<->10829,Open,in,out,R,-,1/30000,HttpConnection}{io=1,kio=1,kro=1}
12:36:05.528 [qtp1970282393-15-selector-ServerConnectorManager@71465bd2/0] DEBUG wiremock.org.eclipse.jetty.io.SelectorManager - Selector loop waiting on select
12:36:05.560 [qtp1970282393-15-selector-ServerConnectorManager@71465bd2/0] DEBUG wiremock.org.eclipse.jetty.io.SelectorManager - Selector loop woken up from select, 1/1 selected
12:36:05.561 [qtp1970282393-15-selector-ServerConnectorManager@71465bd2/0] DEBUG wiremock.org.eclipse.jetty.io.SelectChannelEndPoint - Key interests updated 1 -> 0 on NetworkTrafficSelectChannelEndPoint@246cb02e{/127.0.0.1:36120<->10829,Open,in,out,R,-,33/30000,HttpConnection}{io=1,kio=0,kro=1}
12:36:05.561 [qtp1970282393-15-selector-ServerConnectorManager@71465bd2/0] DEBUG wiremock.org.eclipse.jetty.io.SelectChannelEndPoint - Local interests updating 1 -> 0 for NetworkTrafficSelectChannelEndPoint@246cb02e{/127.0.0.1:36120<->10829,Open,in,out,R,-,34/30000,HttpConnection}{io=0,kio=0,kro=1}
12:36:05.561 [qtp1970282393-15-selector-ServerConnectorManager@71465bd2/0] DEBUG wiremock.org.eclipse.jetty.io.SelectorManager - Queued change wiremock.org.eclipse.jetty.io.SelectChannelEndPoint$1@694bd2d4
12:36:05.561 [qtp1970282393-15-selector-ServerConnectorManager@71465bd2/0] DEBUG wiremock.org.eclipse.jetty.io.AbstractConnection - FILL_INTERESTED-->FILLING HttpConnection@17963f1[FILLING,NetworkTrafficSelectChannelEndPoint@246cb02e{/127.0.0.1:36120<->10829,Open,in,out,-,-,34/30000,HttpConnection}{io=0,kio=0,kro=1}][p=HttpParser{s=START,0 of -1},g=HttpGenerator{s=START},c=HttpChannelOverHttp@2f8f4aeb{r=2,c=false,a=IDLE,uri=}]
12:36:05.562 [qtp1970282393-15-selector-ServerConnectorManager@71465bd2/0] DEBUG wiremock.org.eclipse.jetty.io.SelectorManager - Running change wiremock.org.eclipse.jetty.io.SelectChannelEndPoint$1@694bd2d4
12:36:05.562 [qtp1970282393-15-selector-ServerConnectorManager@71465bd2/0] DEBUG wiremock.org.eclipse.jetty.io.SelectorManager - Selector loop waiting on select
12:36:05.562 [qtp1970282393-21] DEBUG wiremock.org.eclipse.jetty.server.HttpConnection - HttpConnection@17963f1[FILLING,NetworkTrafficSelectChannelEndPoint@246cb02e{/127.0.0.1:36120<->10829,Open,in,out,-,-,35/30000,HttpConnection}{io=0,kio=0,kro=1}][p=HttpParser{s=START,0 of -1},g=HttpGenerator{s=START},c=HttpChannelOverHttp@2f8f4aeb{r=2,c=false,a=IDLE,uri=}] onFillable HttpChannelState@3f27305c{s=IDLE i=true a=null}
12:36:05.563 [qtp1970282393-21] DEBUG wiremock.org.eclipse.jetty.io.ChannelEndPoint - filled 747 NetworkTrafficSelectChannelEndPoint@246cb02e{/127.0.0.1:36120<->10829,Open,in,out,-,-,36/30000,HttpConnection}{io=0,kio=0,kro=1}
12:36:05.563 [qtp1970282393-21] DEBUG wiremock.org.eclipse.jetty.http.HttpParser - parseNext s=START HeapByteBuffer@2d6956a1[p=0,l=747,c=8192,r=747]={<<<POST /__admin/map...fa039f4e5d84"\n}>>>\x00\x00\x00\x00\x00\x00\x00\x00\x00\x00\x00\x00\x00\x00\x00\x00\x00...\x00\x00\x00\x00\x00\x00\x00\x00\x00\x00\x00\x00\x00\x00\x00}
12:36:05.563 [qtp1970282393-21] DEBUG wiremock.org.eclipse.jetty.http.HttpParser - START --> SPACE1
12:36:05.563 [qtp1970282393-21] DEBUG wiremock.org.eclipse.jetty.http.HttpParser - SPACE1 --> URI
12:36:05.563 [qtp1970282393-21] DEBUG wiremock.org.eclipse.jetty.http.HttpParser - URI --> SPACE2
12:36:05.563 [qtp1970282393-21] DEBUG wiremock.org.eclipse.jetty.http.HttpParser - SPACE2 --> REQUEST_VERSION
12:36:05.563 [qtp1970282393-21] DEBUG wiremock.org.eclipse.jetty.http.HttpParser - REQUEST_VERSION --> HEADER
12:36:05.563 [qtp1970282393-21] DEBUG wiremock.org.eclipse.jetty.http.HttpParser - HEADER --> HEADER_VALUE
12:36:05.564 [qtp1970282393-21] DEBUG wiremock.org.eclipse.jetty.http.HttpParser - HEADER_VALUE --> HEADER_IN_VALUE
12:36:05.564 [qtp1970282393-21] DEBUG wiremock.org.eclipse.jetty.http.HttpParser - HEADER_IN_VALUE --> HEADER
12:36:05.564 [qtp1970282393-21] DEBUG wiremock.org.eclipse.jetty.http.HttpParser - HEADER --> HEADER_IN_VALUE
12:36:05.564 [qtp1970282393-21] DEBUG wiremock.org.eclipse.jetty.http.HttpParser - HEADER_IN_VALUE --> HEADER
12:36:05.564 [qtp1970282393-21] DEBUG wiremock.org.eclipse.jetty.http.HttpParser - HEADER --> HEADER_IN_VALUE
12:36:05.564 [qtp1970282393-21] DEBUG wiremock.org.eclipse.jetty.http.HttpParser - HEADER_IN_VALUE --> HEADER
12:36:05.564 [qtp1970282393-21] DEBUG wiremock.org.eclipse.jetty.http.HttpParser - HEADER --> HEADER_IN_VALUE
12:36:05.564 [qtp1970282393-21] DEBUG wiremock.org.eclipse.jetty.http.HttpParser - HEADER_IN_VALUE --> HEADER
12:36:05.564 [qtp1970282393-21] DEBUG wiremock.org.eclipse.jetty.http.HttpParser - HEADER --> HEADER_IN_VALUE
12:36:05.564 [qtp1970282393-21] DEBUG wiremock.org.eclipse.jetty.http.HttpParser - HEADER_IN_VALUE --> HEADER
12:36:05.564 [qtp1970282393-21] DEBUG wiremock.org.eclipse.jetty.http.HttpParser - HEADER --> CONTENT
12:36:05.564 [qtp1970282393-21] DEBUG wiremock.org.eclipse.jetty.server.HttpChannel - HttpChannelOverHttp@2f8f4aeb{r=3,c=false,a=IDLE,uri=/__admin/mappings} handle enter
12:36:05.564 [qtp1970282393-21 - /__admin/mappings] DEBUG wiremock.org.eclipse.jetty.server.HttpChannelState - HttpChannelState@3f27305c{s=IDLE i=true a=null} handling IDLE
12:36:05.565 [qtp1970282393-21 - /__admin/mappings] DEBUG wiremock.org.eclipse.jetty.server.HttpChannel - HttpChannelOverHttp@2f8f4aeb{r=3,c=false,a=DISPATCHED,uri=/__admin/mappings} action REQUEST_DISPATCH
12:36:05.565 [qtp1970282393-21 - /__admin/mappings] DEBUG wiremock.org.eclipse.jetty.server.Server - REQUEST POST /__admin/mappings on HttpChannelOverHttp@2f8f4aeb{r=3,c=false,a=DISPATCHED,uri=/__admin/mappings}
12:36:05.565 [qtp1970282393-21 - /__admin/mappings] DEBUG wiremock.org.eclipse.jetty.server.handler.ContextHandler - scope null||/__admin/mappings @ w.o.e.j.s.ServletContextHandler@19b0481f{/__admin,null,AVAILABLE}
12:36:05.565 [qtp1970282393-21 - /__admin/mappings] DEBUG wiremock.org.eclipse.jetty.server.handler.ContextHandler - context=/__admin||/mappings @ w.o.e.j.s.ServletContextHandler@19b0481f{/__admin,null,AVAILABLE}
12:36:05.565 [qtp1970282393-21 - /__admin/mappings] DEBUG wiremock.org.eclipse.jetty.servlet.ServletHandler - servlet /__admin|/mappings|null -> com.github.tomakehurst.wiremock.servlet.WireMockHandlerDispatchingServlet-7e3b647b@eb2577b4==com.github.tomakehurst.wiremock.servlet.WireMockHandlerDispatchingServlet,-1,true
12:36:05.565 [qtp1970282393-21 - /__admin/mappings] DEBUG wiremock.org.eclipse.jetty.servlet.ServletHandler - chain=wiremock.org.eclipse.jetty.servlets.CrossOriginFilter-523d648d->com.github.tomakehurst.wiremock.servlet.WireMockHandlerDispatchingServlet-7e3b647b@eb2577b4==com.github.tomakehurst.wiremock.servlet.WireMockHandlerDispatchingServlet,-1,true
12:36:05.565 [qtp1970282393-21 - /__admin/mappings] DEBUG wiremock.org.eclipse.jetty.servlet.ServletHandler - call filter wiremock.org.eclipse.jetty.servlets.CrossOriginFilter-523d648d
12:36:05.565 [qtp1970282393-21 - /__admin/mappings] DEBUG wiremock.org.eclipse.jetty.servlet.ServletHandler - call servlet com.github.tomakehurst.wiremock.servlet.WireMockHandlerDispatchingServlet-7e3b647b@eb2577b4==com.github.tomakehurst.wiremock.servlet.WireMockHandlerDispatchingServlet,-1,true
12:36:05.566 [qtp1970282393-21 - /__admin/mappings] DEBUG wiremock.org.eclipse.jetty.http.HttpParser - parseNext s=CONTENT HeapByteBuffer@2d6956a1[p=198,l=747,c=8192,r=549]={POST /__admin/map.../1.8.0_151)\r\n\r\n<<<{\n  "id" : "255be...fa039f4e5d84"\n}>>>\x00\x00\x00\x00\x00\x00\x00\x00\x00\x00\x00\x00\x00\x00\x00\x00\x00...\x00\x00\x00\x00\x00\x00\x00\x00\x00\x00\x00\x00\x00\x00\x00}
12:36:05.566 [qtp1970282393-21 - /__admin/mappings] DEBUG wiremock.org.eclipse.jetty.server.HttpChannel - HttpChannelOverHttp@2f8f4aeb{r=3,c=false,a=DISPATCHED,uri=/__admin/mappings} content java.nio.HeapByteBufferR[pos=198 lim=747 cap=8192]
12:36:05.566 [qtp1970282393-21 - /__admin/mappings] DEBUG wiremock.org.eclipse.jetty.http.HttpParser - parseNext s=CONTENT HeapByteBuffer@2d6956a1[p=747,l=747,c=8192,r=0]={POST /__admin/map...fa039f4e5d84"\n}<<<>>>\x00\x00\x00\x00\x00\x00\x00\x00\x00\x00\x00\x00\x00\x00\x00\x00\x00...\x00\x00\x00\x00\x00\x00\x00\x00\x00\x00\x00\x00\x00\x00\x00}
12:36:05.566 [qtp1970282393-21 - /__admin/mappings] DEBUG wiremock.org.eclipse.jetty.http.HttpParser - CONTENT --> END
12:36:05.566 [qtp1970282393-21 - /__admin/mappings] DEBUG wiremock.org.eclipse.jetty.server.HttpChannel - HttpChannelOverHttp@2f8f4aeb{r=3,c=false,a=DISPATCHED,uri=/__admin/mappings} messageComplete
12:36:05.566 [qtp1970282393-21 - /__admin/mappings] DEBUG wiremock.org.eclipse.jetty.server.HttpInput - HttpInputOverHTTP@26bed306 EOF
12:36:05.567 [qtp1970282393-21 - /__admin/mappings] DEBUG wiremock.org.eclipse.jetty.io.ChannelEndPoint - filled 0 NetworkTrafficSelectChannelEndPoint@246cb02e{/127.0.0.1:36120<->10829,Open,in,out,-,-,3/30000,HttpConnection}{io=0,kio=0,kro=1}
12:36:05.567 [qtp1970282393-21 - /__admin/mappings] DEBUG wiremock.org.eclipse.jetty.server.HttpConnection - HttpConnection@17963f1[FILLING,NetworkTrafficSelectChannelEndPoint@246cb02e{/127.0.0.1:36120<->10829,Open,in,out,-,-,4/30000,HttpConnection}{io=0,kio=0,kro=1}][p=HttpParser{s=END,549 of 549},g=HttpGenerator{s=START},c=HttpChannelOverHttp@2f8f4aeb{r=3,c=false,a=DISPATCHED,uri=/__admin/mappings}] filled 0
12:36:05.567 [qtp1970282393-21 - /__admin/mappings] DEBUG wiremock.org.eclipse.jetty.server.HttpInput - HttpInputOverHTTP@26bed306 eof EOF
12:36:05.567 [qtp1970282393-21 - /__admin/mappings] DEBUG wiremock.org.eclipse.jetty.server.HttpInput - HttpInputOverHTTP@26bed306 eof EOF
12:36:05.568 [qtp1970282393-21 - /__admin/mappings] INFO WireMock - Received request to /mappings with body {
  "id" : "255be37a-c816-48c4-a780-fa039f4e5d84",
  "request" : {
    "urlPath" : "/users",
    "method" : "POST",
    "headers" : {
      "Content-Type" : {
        "equalTo" : "application/json"
      }
    },
    "bodyPatterns" : [ {
      "matchesJsonPath" : "$[?(@.['name'] =~ /[a-zA-Z]+/)]"
    } ]
  },
  "response" : {
    "status" : 201,
    "body" : "{\"id\":\"123\"}",
    "headers" : {
      "Content-Type" : "application/json"
    },
    "transformers" : [ "response-template" ]
  },
  "uuid" : "255be37a-c816-48c4-a780-fa039f4e5d84"
}
12:36:05.646 [qtp1970282393-21 - /__admin/mappings] DEBUG wiremock.org.eclipse.jetty.server.HttpConnection - wiremock.org.eclipse.jetty.server.HttpConnection$SendCallback@4386937a[PROCESSING][i=ResponseInfo{HTTP/1.1 201 null,-1,false},cb=wiremock.org.eclipse.jetty.server.HttpChannel$CommitCallback@5d192498] generate: NEED_HEADER (null,[p=0,l=549,c=32768,r=549],false)@START
12:36:05.647 [qtp1970282393-21 - /__admin/mappings] DEBUG wiremock.org.eclipse.jetty.server.HttpConnection - wiremock.org.eclipse.jetty.server.HttpConnection$SendCallback@4386937a[PROCESSING][i=ResponseInfo{HTTP/1.1 201 null,-1,false},cb=wiremock.org.eclipse.jetty.server.HttpChannel$CommitCallback@5d192498] generate: FLUSH ([p=0,l=120,c=8192,r=120],[p=0,l=549,c=32768,r=549],false)@COMMITTED
12:36:05.647 [qtp1970282393-21 - /__admin/mappings] DEBUG wiremock.org.eclipse.jetty.io.WriteFlusher - write: WriteFlusher@5854cc1b{IDLE} [HeapByteBuffer@88bcc3b[p=0,l=120,c=8192,r=120]={<<<HTTP/1.1 201 Crea...PSHOT)\r\n\r\n225\r\n>>>\x00\x00\x00\x00\x00\x00\x00\x00\x00\x00\x00\x00\x00\x00\x00\x00\x00...\x00\x00\x00\x00\x00\x00\x00\x00\x00\x00\x00\x00\x00\x00\x00},HeapByteBuffer@18d7497[p=0,l=549,c=32768,r=549]={<<<{\n  "id" : "255be...fa039f4e5d84"\n}>>>\x00\x00\x00\x00\x00\x00\x00\x00\x00\x00\x00\x00\x00\x00\x00\x00\x00...\x00\x00\x00\x00\x00\x00\x00\x00\x00\x00\x00\x00\x00\x00\x00}]
12:36:05.648 [qtp1970282393-21 - /__admin/mappings] DEBUG wiremock.org.eclipse.jetty.io.WriteFlusher - update WriteFlusher@5854cc1b{WRITING}:IDLE-->WRITING
12:36:05.649 [qtp1970282393-21 - /__admin/mappings] DEBUG wiremock.org.eclipse.jetty.io.ChannelEndPoint - flushed 120 NetworkTrafficSelectChannelEndPoint@246cb02e{/127.0.0.1:36120<->10829,Open,in,out,-,W,86/30000,HttpConnection}{io=0,kio=0,kro=1}
12:36:05.650 [qtp1970282393-21 - /__admin/mappings] DEBUG wiremock.org.eclipse.jetty.io.ChannelEndPoint - flushed 549 NetworkTrafficSelectChannelEndPoint@246cb02e{/127.0.0.1:36120<->10829,Open,in,out,-,W,1/30000,HttpConnection}{io=0,kio=0,kro=1}
12:36:05.650 [qtp1970282393-21 - /__admin/mappings] DEBUG wiremock.org.eclipse.jetty.io.WriteFlusher - update WriteFlusher@5854cc1b{IDLE}:WRITING-->IDLE
12:36:05.651 [qtp1970282393-21 - /__admin/mappings] DEBUG wiremock.org.eclipse.jetty.server.HttpConnection - wiremock.org.eclipse.jetty.server.HttpConnection$SendCallback@4386937a[PROCESSING][i=ResponseInfo{HTTP/1.1 201 null,-1,false},cb=wiremock.org.eclipse.jetty.server.HttpChannel$CommitCallback@5d192498] generate: DONE ([p=120,l=120,c=8192,r=0],[p=549,l=549,c=32768,r=0],false)@COMMITTED
12:36:05.654 [qtp1970282393-21 - /__admin/mappings] DEBUG wiremock.org.eclipse.jetty.server.HttpConnection - wiremock.org.eclipse.jetty.server.HttpConnection$SendCallback@4386937a[PROCESSING][i=null,cb=Blocker@1756a5a1{null}] generate: CONTINUE (null,[p=0,l=0,c=0,r=0],true)@COMPLETING
12:36:05.654 [qtp1970282393-21 - /__admin/mappings] DEBUG wiremock.org.eclipse.jetty.server.HttpConnection - wiremock.org.eclipse.jetty.server.HttpConnection$SendCallback@4386937a[PROCESSING][i=null,cb=Blocker@1756a5a1{null}] generate: NEED_CHUNK (null,[p=0,l=0,c=0,r=0],true)@COMPLETING
12:36:05.655 [qtp1970282393-21 - /__admin/mappings] DEBUG wiremock.org.eclipse.jetty.server.HttpConnection - wiremock.org.eclipse.jetty.server.HttpConnection$SendCallback@4386937a[PROCESSING][i=null,cb=Blocker@1756a5a1{null}] generate: FLUSH (null,[p=0,l=0,c=0,r=0],true)@COMPLETING
12:36:05.655 [qtp1970282393-21 - /__admin/mappings] DEBUG wiremock.org.eclipse.jetty.io.WriteFlusher - write: WriteFlusher@5854cc1b{IDLE} [HeapByteBuffer@699c8744[p=0,l=7,c=1024,r=7]={<<<\r\n0\r\n\r\n>>>\x00\x00\x00\x00\x00\x00\x00\x00\x00\x00\x00\x00\x00\x00\x00\x00\x00...\x00\x00\x00\x00\x00\x00\x00\x00\x00\x00\x00\x00\x00\x00\x00}]
12:36:05.656 [qtp1970282393-21 - /__admin/mappings] DEBUG wiremock.org.eclipse.jetty.io.WriteFlusher - update WriteFlusher@5854cc1b{WRITING}:IDLE-->WRITING
12:36:05.657 [Test worker] DEBUG org.springframework.cloud.contract.stubrunner.provider.wiremock.WireMockHttpServerStub - Registered stub mappings from [/tmp/1513078562150-0/pl.jerckov.cdc/user-service/1.0.0/mappings/consumer/ui/create a user.json]
12:36:05.660 [qtp1970282393-21 - /__admin/mappings] DEBUG wiremock.org.eclipse.jetty.io.ChannelEndPoint - flushed 7 NetworkTrafficSelectChannelEndPoint@246cb02e{/127.0.0.1:36120<->10829,Open,in,out,-,W,9/30000,HttpConnection}{io=0,kio=0,kro=1}
12:36:05.661 [qtp1970282393-21 - /__admin/mappings] DEBUG wiremock.org.eclipse.jetty.io.WriteFlusher - update WriteFlusher@5854cc1b{IDLE}:WRITING-->IDLE
12:36:05.662 [qtp1970282393-21 - /__admin/mappings] DEBUG wiremock.org.eclipse.jetty.server.HttpConnection - wiremock.org.eclipse.jetty.server.HttpConnection$SendCallback@4386937a[PROCESSING][i=null,cb=Blocker@1756a5a1{null}] generate: DONE (null,[p=0,l=0,c=0,r=0],true)@END
12:36:05.663 [qtp1970282393-21 - /__admin/mappings] DEBUG wiremock.org.eclipse.jetty.server.handler.ContextHandler - scope null||/__admin/mappings @ w.o.e.j.s.ServletContextHandler@4965998d{/,null,AVAILABLE}
12:36:05.664 [qtp1970282393-21 - /__admin/mappings] DEBUG wiremock.org.eclipse.jetty.server.Server - RESPONSE /__admin/mappings  201 handled=true
12:36:05.664 [qtp1970282393-21 - /__admin/mappings] DEBUG wiremock.org.eclipse.jetty.server.HttpChannelState - HttpChannelState@3f27305c{s=DISPATCHED i=true a=null} unhandle DISPATCHED
12:36:05.665 [qtp1970282393-21 - /__admin/mappings] DEBUG wiremock.org.eclipse.jetty.http.HttpParser - reset HttpParser{s=END,549 of 549}
12:36:05.666 [qtp1970282393-21 - /__admin/mappings] DEBUG wiremock.org.eclipse.jetty.http.HttpParser - END --> START
12:36:05.666 [qtp1970282393-21] DEBUG wiremock.org.eclipse.jetty.server.HttpChannel - HttpChannelOverHttp@2f8f4aeb{r=3,c=false,a=IDLE,uri=} handle exit, result COMPLETE
12:36:05.667 [qtp1970282393-21] DEBUG wiremock.org.eclipse.jetty.io.ChannelEndPoint - filled 566 NetworkTrafficSelectChannelEndPoint@246cb02e{/127.0.0.1:36120<->10829,Open,in,out,-,-,5/30000,HttpConnection}{io=0,kio=0,kro=1}
12:36:05.668 [qtp1970282393-21] DEBUG wiremock.org.eclipse.jetty.http.HttpParser - parseNext s=START HeapByteBuffer@88bcc3b[p=0,l=566,c=8192,r=566]={<<<POST /__admin/map...bb97064f2c37"\n}>>>\x00\x00\x00\x00\x00\x00\x00\x00\x00\x00\x00\x00\x00\x00\x00\x00\x00...\x00\x00\x00\x00\x00\x00\x00\x00\x00\x00\x00\x00\x00\x00\x00}
12:36:05.668 [qtp1970282393-21] DEBUG wiremock.org.eclipse.jetty.http.HttpParser - START --> SPACE1
12:36:05.669 [qtp1970282393-21] DEBUG wiremock.org.eclipse.jetty.http.HttpParser - SPACE1 --> URI
12:36:05.670 [qtp1970282393-21] DEBUG wiremock.org.eclipse.jetty.http.HttpParser - URI --> SPACE2
12:36:05.670 [qtp1970282393-21] DEBUG wiremock.org.eclipse.jetty.http.HttpParser - SPACE2 --> REQUEST_VERSION
12:36:05.670 [qtp1970282393-21] DEBUG wiremock.org.eclipse.jetty.http.HttpParser - REQUEST_VERSION --> HEADER
12:36:05.670 [qtp1970282393-21] DEBUG wiremock.org.eclipse.jetty.http.HttpParser - HEADER --> HEADER_VALUE
12:36:05.670 [qtp1970282393-21] DEBUG wiremock.org.eclipse.jetty.http.HttpParser - HEADER_VALUE --> HEADER_IN_VALUE
12:36:05.671 [qtp1970282393-21] DEBUG wiremock.org.eclipse.jetty.http.HttpParser - HEADER_IN_VALUE --> HEADER
12:36:05.671 [qtp1970282393-21] DEBUG wiremock.org.eclipse.jetty.http.HttpParser - HEADER --> HEADER_IN_VALUE
12:36:05.672 [qtp1970282393-21] DEBUG wiremock.org.eclipse.jetty.http.HttpParser - HEADER_IN_VALUE --> HEADER
12:36:05.672 [qtp1970282393-21] DEBUG wiremock.org.eclipse.jetty.http.HttpParser - HEADER --> HEADER_IN_VALUE
12:36:05.673 [qtp1970282393-21] DEBUG wiremock.org.eclipse.jetty.http.HttpParser - HEADER_IN_VALUE --> HEADER
12:36:05.673 [qtp1970282393-21] DEBUG wiremock.org.eclipse.jetty.http.HttpParser - HEADER --> HEADER_IN_VALUE
12:36:05.673 [qtp1970282393-21] DEBUG wiremock.org.eclipse.jetty.http.HttpParser - HEADER_IN_VALUE --> HEADER
12:36:05.673 [qtp1970282393-21] DEBUG wiremock.org.eclipse.jetty.http.HttpParser - HEADER --> HEADER_IN_VALUE
12:36:05.674 [qtp1970282393-21] DEBUG wiremock.org.eclipse.jetty.http.HttpParser - HEADER_IN_VALUE --> HEADER
12:36:05.674 [qtp1970282393-21] DEBUG wiremock.org.eclipse.jetty.http.HttpParser - HEADER --> CONTENT
12:36:05.675 [qtp1970282393-21] DEBUG wiremock.org.eclipse.jetty.server.HttpChannel - HttpChannelOverHttp@2f8f4aeb{r=4,c=false,a=IDLE,uri=/__admin/mappings} handle enter
12:36:05.675 [qtp1970282393-21 - /__admin/mappings] DEBUG wiremock.org.eclipse.jetty.server.HttpChannelState - HttpChannelState@3f27305c{s=IDLE i=true a=null} handling IDLE
12:36:05.676 [qtp1970282393-21 - /__admin/mappings] DEBUG wiremock.org.eclipse.jetty.server.HttpChannel - HttpChannelOverHttp@2f8f4aeb{r=4,c=false,a=DISPATCHED,uri=/__admin/mappings} action REQUEST_DISPATCH
12:36:05.676 [qtp1970282393-21 - /__admin/mappings] DEBUG wiremock.org.eclipse.jetty.server.Server - REQUEST POST /__admin/mappings on HttpChannelOverHttp@2f8f4aeb{r=4,c=false,a=DISPATCHED,uri=/__admin/mappings}
12:36:05.677 [qtp1970282393-21 - /__admin/mappings] DEBUG wiremock.org.eclipse.jetty.server.handler.ContextHandler - scope null||/__admin/mappings @ w.o.e.j.s.ServletContextHandler@19b0481f{/__admin,null,AVAILABLE}
12:36:05.677 [qtp1970282393-21 - /__admin/mappings] DEBUG wiremock.org.eclipse.jetty.server.handler.ContextHandler - context=/__admin||/mappings @ w.o.e.j.s.ServletContextHandler@19b0481f{/__admin,null,AVAILABLE}
12:36:05.678 [qtp1970282393-21 - /__admin/mappings] DEBUG wiremock.org.eclipse.jetty.servlet.ServletHandler - servlet /__admin|/mappings|null -> com.github.tomakehurst.wiremock.servlet.WireMockHandlerDispatchingServlet-7e3b647b@eb2577b4==com.github.tomakehurst.wiremock.servlet.WireMockHandlerDispatchingServlet,-1,true
12:36:05.678 [qtp1970282393-21 - /__admin/mappings] DEBUG wiremock.org.eclipse.jetty.servlet.ServletHandler - chain=wiremock.org.eclipse.jetty.servlets.CrossOriginFilter-523d648d->com.github.tomakehurst.wiremock.servlet.WireMockHandlerDispatchingServlet-7e3b647b@eb2577b4==com.github.tomakehurst.wiremock.servlet.WireMockHandlerDispatchingServlet,-1,true
12:36:05.678 [qtp1970282393-21 - /__admin/mappings] DEBUG wiremock.org.eclipse.jetty.servlet.ServletHandler - call filter wiremock.org.eclipse.jetty.servlets.CrossOriginFilter-523d648d
12:36:05.679 [qtp1970282393-21 - /__admin/mappings] DEBUG wiremock.org.eclipse.jetty.servlet.ServletHandler - call servlet com.github.tomakehurst.wiremock.servlet.WireMockHandlerDispatchingServlet-7e3b647b@eb2577b4==com.github.tomakehurst.wiremock.servlet.WireMockHandlerDispatchingServlet,-1,true
12:36:05.679 [qtp1970282393-21 - /__admin/mappings] DEBUG wiremock.org.eclipse.jetty.http.HttpParser - parseNext s=CONTENT HeapByteBuffer@88bcc3b[p=198,l=566,c=8192,r=368]={POST /__admin/map.../1.8.0_151)\r\n\r\n<<<{\n  "id" : "b8362...bb97064f2c37"\n}>>>\x00\x00\x00\x00\x00\x00\x00\x00\x00\x00\x00\x00\x00\x00\x00\x00\x00...\x00\x00\x00\x00\x00\x00\x00\x00\x00\x00\x00\x00\x00\x00\x00}
12:36:05.679 [qtp1970282393-21 - /__admin/mappings] DEBUG wiremock.org.eclipse.jetty.server.HttpChannel - HttpChannelOverHttp@2f8f4aeb{r=4,c=false,a=DISPATCHED,uri=/__admin/mappings} content java.nio.HeapByteBufferR[pos=198 lim=566 cap=8192]
12:36:05.680 [qtp1970282393-21 - /__admin/mappings] DEBUG wiremock.org.eclipse.jetty.http.HttpParser - parseNext s=CONTENT HeapByteBuffer@88bcc3b[p=566,l=566,c=8192,r=0]={POST /__admin/map...bb97064f2c37"\n}<<<>>>\x00\x00\x00\x00\x00\x00\x00\x00\x00\x00\x00\x00\x00\x00\x00\x00\x00...\x00\x00\x00\x00\x00\x00\x00\x00\x00\x00\x00\x00\x00\x00\x00}
12:36:05.680 [qtp1970282393-21 - /__admin/mappings] DEBUG wiremock.org.eclipse.jetty.http.HttpParser - CONTENT --> END
12:36:05.680 [qtp1970282393-21 - /__admin/mappings] DEBUG wiremock.org.eclipse.jetty.server.HttpChannel - HttpChannelOverHttp@2f8f4aeb{r=4,c=false,a=DISPATCHED,uri=/__admin/mappings} messageComplete
12:36:05.681 [qtp1970282393-21 - /__admin/mappings] DEBUG wiremock.org.eclipse.jetty.server.HttpInput - HttpInputOverHTTP@26bed306 EOF
12:36:05.681 [qtp1970282393-21 - /__admin/mappings] DEBUG wiremock.org.eclipse.jetty.io.ChannelEndPoint - filled 0 NetworkTrafficSelectChannelEndPoint@246cb02e{/127.0.0.1:36120<->10829,Open,in,out,-,-,13/30000,HttpConnection}{io=0,kio=0,kro=1}
12:36:05.682 [qtp1970282393-21 - /__admin/mappings] DEBUG wiremock.org.eclipse.jetty.server.HttpConnection - HttpConnection@17963f1[FILLING,NetworkTrafficSelectChannelEndPoint@246cb02e{/127.0.0.1:36120<->10829,Open,in,out,-,-,14/30000,HttpConnection}{io=0,kio=0,kro=1}][p=HttpParser{s=END,368 of 368},g=HttpGenerator{s=START},c=HttpChannelOverHttp@2f8f4aeb{r=4,c=false,a=DISPATCHED,uri=/__admin/mappings}] filled 0
12:36:05.682 [qtp1970282393-21 - /__admin/mappings] DEBUG wiremock.org.eclipse.jetty.server.HttpInput - HttpInputOverHTTP@26bed306 eof EOF
12:36:05.683 [qtp1970282393-21 - /__admin/mappings] DEBUG wiremock.org.eclipse.jetty.server.HttpInput - HttpInputOverHTTP@26bed306 eof EOF
12:36:05.684 [qtp1970282393-21 - /__admin/mappings] INFO WireMock - Received request to /mappings with body {
  "id" : "b8362373-25e1-4871-b35c-bb97064f2c37",
  "request" : {
    "urlPath" : "/users/123",
    "method" : "GET"
  },
  "response" : {
    "status" : 200,
    "body" : "{\"name\":\"Kowalski\"}",
    "headers" : {
      "Content-Type" : "application/json"
    },
    "transformers" : [ "response-template" ]
  },
  "uuid" : "b8362373-25e1-4871-b35c-bb97064f2c37"
}
12:36:05.691 [qtp1970282393-21 - /__admin/mappings] DEBUG wiremock.org.eclipse.jetty.server.HttpConnection - wiremock.org.eclipse.jetty.server.HttpConnection$SendCallback@4386937a[PROCESSING][i=ResponseInfo{HTTP/1.1 201 null,-1,false},cb=wiremock.org.eclipse.jetty.server.HttpChannel$CommitCallback@53dec14b] generate: NEED_HEADER (null,[p=0,l=368,c=32768,r=368],false)@START
12:36:05.693 [qtp1970282393-21 - /__admin/mappings] DEBUG wiremock.org.eclipse.jetty.server.HttpConnection - wiremock.org.eclipse.jetty.server.HttpConnection$SendCallback@4386937a[PROCESSING][i=ResponseInfo{HTTP/1.1 201 null,-1,false},cb=wiremock.org.eclipse.jetty.server.HttpChannel$CommitCallback@53dec14b] generate: FLUSH ([p=0,l=120,c=8192,r=120],[p=0,l=368,c=32768,r=368],false)@COMMITTED
12:36:05.694 [qtp1970282393-21 - /__admin/mappings] DEBUG wiremock.org.eclipse.jetty.io.WriteFlusher - write: WriteFlusher@5854cc1b{IDLE} [HeapByteBuffer@2d6956a1[p=0,l=120,c=8192,r=120]={<<<HTTP/1.1 201 Crea...PSHOT)\r\n\r\n170\r\n>>>nnection: Keep-Al...\x00\x00\x00\x00\x00\x00\x00\x00\x00\x00\x00\x00\x00\x00\x00},HeapByteBuffer@18d7497[p=0,l=368,c=32768,r=368]={<<<{\n  "id" : "b8362...bb97064f2c37"\n}>>>":\\"123\\"}",\n    ...\x00\x00\x00\x00\x00\x00\x00\x00\x00\x00\x00\x00\x00\x00\x00}]
12:36:05.695 [qtp1970282393-21 - /__admin/mappings] DEBUG wiremock.org.eclipse.jetty.io.WriteFlusher - update WriteFlusher@5854cc1b{WRITING}:IDLE-->WRITING
12:36:05.696 [qtp1970282393-21 - /__admin/mappings] DEBUG wiremock.org.eclipse.jetty.io.ChannelEndPoint - flushed 120 NetworkTrafficSelectChannelEndPoint@246cb02e{/127.0.0.1:36120<->10829,Open,in,out,-,W,27/30000,HttpConnection}{io=0,kio=0,kro=1}
12:36:05.697 [qtp1970282393-21 - /__admin/mappings] DEBUG wiremock.org.eclipse.jetty.io.ChannelEndPoint - flushed 368 NetworkTrafficSelectChannelEndPoint@246cb02e{/127.0.0.1:36120<->10829,Open,in,out,-,W,0/30000,HttpConnection}{io=0,kio=0,kro=1}
12:36:05.697 [qtp1970282393-21 - /__admin/mappings] DEBUG wiremock.org.eclipse.jetty.io.WriteFlusher - update WriteFlusher@5854cc1b{IDLE}:WRITING-->IDLE
12:36:05.698 [qtp1970282393-21 - /__admin/mappings] DEBUG wiremock.org.eclipse.jetty.server.HttpConnection - wiremock.org.eclipse.jetty.server.HttpConnection$SendCallback@4386937a[PROCESSING][i=ResponseInfo{HTTP/1.1 201 null,-1,false},cb=wiremock.org.eclipse.jetty.server.HttpChannel$CommitCallback@53dec14b] generate: DONE ([p=120,l=120,c=8192,r=0],[p=368,l=368,c=32768,r=0],false)@COMMITTED
12:36:05.699 [qtp1970282393-21 - /__admin/mappings] DEBUG wiremock.org.eclipse.jetty.server.HttpConnection - wiremock.org.eclipse.jetty.server.HttpConnection$SendCallback@4386937a[PROCESSING][i=null,cb=Blocker@1756a5a1{null}] generate: CONTINUE (null,[p=0,l=0,c=0,r=0],true)@COMPLETING
12:36:05.699 [qtp1970282393-21 - /__admin/mappings] DEBUG wiremock.org.eclipse.jetty.server.HttpConnection - wiremock.org.eclipse.jetty.server.HttpConnection$SendCallback@4386937a[PROCESSING][i=null,cb=Blocker@1756a5a1{null}] generate: NEED_CHUNK (null,[p=0,l=0,c=0,r=0],true)@COMPLETING
12:36:05.700 [qtp1970282393-21 - /__admin/mappings] DEBUG wiremock.org.eclipse.jetty.server.HttpConnection - wiremock.org.eclipse.jetty.server.HttpConnection$SendCallback@4386937a[PROCESSING][i=null,cb=Blocker@1756a5a1{null}] generate: FLUSH (null,[p=0,l=0,c=0,r=0],true)@COMPLETING
12:36:05.700 [qtp1970282393-21 - /__admin/mappings] DEBUG wiremock.org.eclipse.jetty.io.WriteFlusher - write: WriteFlusher@5854cc1b{IDLE} [HeapByteBuffer@699c8744[p=0,l=7,c=1024,r=7]={<<<\r\n0\r\n\r\n>>>\x00\x00\x00\x00\x00\x00\x00\x00\x00\x00\x00\x00\x00\x00\x00\x00\x00...\x00\x00\x00\x00\x00\x00\x00\x00\x00\x00\x00\x00\x00\x00\x00}]
12:36:05.701 [qtp1970282393-21 - /__admin/mappings] DEBUG wiremock.org.eclipse.jetty.io.WriteFlusher - update WriteFlusher@5854cc1b{WRITING}:IDLE-->WRITING
12:36:05.701 [Test worker] DEBUG org.springframework.cloud.contract.stubrunner.provider.wiremock.WireMockHttpServerStub - Registered stub mappings from [/tmp/1513078562150-0/pl.jerckov.cdc/user-service/1.0.0/mappings/consumer/crm/get a user.json]
12:36:05.704 [qtp1970282393-21 - /__admin/mappings] DEBUG wiremock.org.eclipse.jetty.io.ChannelEndPoint - flushed 7 NetworkTrafficSelectChannelEndPoint@246cb02e{/127.0.0.1:36120<->10829,Open,in,out,-,W,7/30000,HttpConnection}{io=0,kio=0,kro=1}
12:36:05.706 [qtp1970282393-21 - /__admin/mappings] DEBUG wiremock.org.eclipse.jetty.io.WriteFlusher - update WriteFlusher@5854cc1b{IDLE}:WRITING-->IDLE
12:36:05.707 [qtp1970282393-21 - /__admin/mappings] DEBUG wiremock.org.eclipse.jetty.server.HttpConnection - wiremock.org.eclipse.jetty.server.HttpConnection$SendCallback@4386937a[PROCESSING][i=null,cb=Blocker@1756a5a1{null}] generate: DONE (null,[p=0,l=0,c=0,r=0],true)@END
12:36:05.707 [qtp1970282393-21 - /__admin/mappings] DEBUG wiremock.org.eclipse.jetty.server.handler.ContextHandler - scope null||/__admin/mappings @ w.o.e.j.s.ServletContextHandler@4965998d{/,null,AVAILABLE}
12:36:05.708 [qtp1970282393-21 - /__admin/mappings] DEBUG wiremock.org.eclipse.jetty.server.Server - RESPONSE /__admin/mappings  201 handled=true
12:36:05.708 [qtp1970282393-21 - /__admin/mappings] DEBUG wiremock.org.eclipse.jetty.server.HttpChannelState - HttpChannelState@3f27305c{s=DISPATCHED i=true a=null} unhandle DISPATCHED
12:36:05.709 [qtp1970282393-21 - /__admin/mappings] DEBUG wiremock.org.eclipse.jetty.http.HttpParser - reset HttpParser{s=END,368 of 368}
12:36:05.709 [qtp1970282393-21 - /__admin/mappings] DEBUG wiremock.org.eclipse.jetty.http.HttpParser - END --> START
12:36:05.709 [qtp1970282393-21] DEBUG wiremock.org.eclipse.jetty.server.HttpChannel - HttpChannelOverHttp@2f8f4aeb{r=4,c=false,a=IDLE,uri=} handle exit, result COMPLETE
12:36:05.710 [qtp1970282393-21] DEBUG wiremock.org.eclipse.jetty.io.ChannelEndPoint - filled 459 NetworkTrafficSelectChannelEndPoint@246cb02e{/127.0.0.1:36120<->10829,Open,in,out,-,-,4/30000,HttpConnection}{io=0,kio=0,kro=1}
12:36:05.711 [qtp1970282393-21] DEBUG wiremock.org.eclipse.jetty.http.HttpParser - parseNext s=START HeapByteBuffer@2d6956a1[p=0,l=459,c=8192,r=459]={<<<POST /__admin/map...29c8adc31223"\n}>>> : "$[?(@.['name'...\x00\x00\x00\x00\x00\x00\x00\x00\x00\x00\x00\x00\x00\x00\x00}
12:36:05.711 [qtp1970282393-21] DEBUG wiremock.org.eclipse.jetty.http.HttpParser - START --> SPACE1
12:36:05.711 [qtp1970282393-21] DEBUG wiremock.org.eclipse.jetty.http.HttpParser - SPACE1 --> URI
12:36:05.712 [qtp1970282393-21] DEBUG wiremock.org.eclipse.jetty.http.HttpParser - URI --> SPACE2
12:36:05.712 [qtp1970282393-21] DEBUG wiremock.org.eclipse.jetty.http.HttpParser - SPACE2 --> REQUEST_VERSION
12:36:05.712 [qtp1970282393-21] DEBUG wiremock.org.eclipse.jetty.http.HttpParser - REQUEST_VERSION --> HEADER
12:36:05.712 [qtp1970282393-21] DEBUG wiremock.org.eclipse.jetty.http.HttpParser - HEADER --> HEADER_VALUE
12:36:05.712 [qtp1970282393-21] DEBUG wiremock.org.eclipse.jetty.http.HttpParser - HEADER_VALUE --> HEADER_IN_VALUE
12:36:05.713 [qtp1970282393-21] DEBUG wiremock.org.eclipse.jetty.http.HttpParser - HEADER_IN_VALUE --> HEADER
12:36:05.713 [qtp1970282393-21] DEBUG wiremock.org.eclipse.jetty.http.HttpParser - HEADER --> HEADER_IN_VALUE
12:36:05.714 [qtp1970282393-21] DEBUG wiremock.org.eclipse.jetty.http.HttpParser - HEADER_IN_VALUE --> HEADER
12:36:05.714 [qtp1970282393-21] DEBUG wiremock.org.eclipse.jetty.http.HttpParser - HEADER --> HEADER_IN_VALUE
12:36:05.714 [qtp1970282393-21] DEBUG wiremock.org.eclipse.jetty.http.HttpParser - HEADER_IN_VALUE --> HEADER
12:36:05.715 [qtp1970282393-21] DEBUG wiremock.org.eclipse.jetty.http.HttpParser - HEADER --> HEADER_IN_VALUE
12:36:05.715 [qtp1970282393-21] DEBUG wiremock.org.eclipse.jetty.http.HttpParser - HEADER_IN_VALUE --> HEADER
12:36:05.715 [qtp1970282393-21] DEBUG wiremock.org.eclipse.jetty.http.HttpParser - HEADER --> HEADER_IN_VALUE
12:36:05.715 [qtp1970282393-21] DEBUG wiremock.org.eclipse.jetty.http.HttpParser - HEADER_IN_VALUE --> HEADER
12:36:05.716 [qtp1970282393-21] DEBUG wiremock.org.eclipse.jetty.http.HttpParser - HEADER --> CONTENT
12:36:05.716 [qtp1970282393-21] DEBUG wiremock.org.eclipse.jetty.server.HttpChannel - HttpChannelOverHttp@2f8f4aeb{r=5,c=false,a=IDLE,uri=/__admin/mappings} handle enter
12:36:05.716 [qtp1970282393-21 - /__admin/mappings] DEBUG wiremock.org.eclipse.jetty.server.HttpChannelState - HttpChannelState@3f27305c{s=IDLE i=true a=null} handling IDLE
12:36:05.716 [qtp1970282393-21 - /__admin/mappings] DEBUG wiremock.org.eclipse.jetty.server.HttpChannel - HttpChannelOverHttp@2f8f4aeb{r=5,c=false,a=DISPATCHED,uri=/__admin/mappings} action REQUEST_DISPATCH
12:36:05.716 [qtp1970282393-21 - /__admin/mappings] DEBUG wiremock.org.eclipse.jetty.server.Server - REQUEST POST /__admin/mappings on HttpChannelOverHttp@2f8f4aeb{r=5,c=false,a=DISPATCHED,uri=/__admin/mappings}
12:36:05.717 [qtp1970282393-21 - /__admin/mappings] DEBUG wiremock.org.eclipse.jetty.server.handler.ContextHandler - scope null||/__admin/mappings @ w.o.e.j.s.ServletContextHandler@19b0481f{/__admin,null,AVAILABLE}
12:36:05.718 [qtp1970282393-21 - /__admin/mappings] DEBUG wiremock.org.eclipse.jetty.server.handler.ContextHandler - context=/__admin||/mappings @ w.o.e.j.s.ServletContextHandler@19b0481f{/__admin,null,AVAILABLE}
12:36:05.718 [qtp1970282393-21 - /__admin/mappings] DEBUG wiremock.org.eclipse.jetty.servlet.ServletHandler - servlet /__admin|/mappings|null -> com.github.tomakehurst.wiremock.servlet.WireMockHandlerDispatchingServlet-7e3b647b@eb2577b4==com.github.tomakehurst.wiremock.servlet.WireMockHandlerDispatchingServlet,-1,true
12:36:05.719 [qtp1970282393-21 - /__admin/mappings] DEBUG wiremock.org.eclipse.jetty.servlet.ServletHandler - chain=wiremock.org.eclipse.jetty.servlets.CrossOriginFilter-523d648d->com.github.tomakehurst.wiremock.servlet.WireMockHandlerDispatchingServlet-7e3b647b@eb2577b4==com.github.tomakehurst.wiremock.servlet.WireMockHandlerDispatchingServlet,-1,true
12:36:05.719 [qtp1970282393-21 - /__admin/mappings] DEBUG wiremock.org.eclipse.jetty.servlet.ServletHandler - call filter wiremock.org.eclipse.jetty.servlets.CrossOriginFilter-523d648d
12:36:05.719 [qtp1970282393-21 - /__admin/mappings] DEBUG wiremock.org.eclipse.jetty.servlet.ServletHandler - call servlet com.github.tomakehurst.wiremock.servlet.WireMockHandlerDispatchingServlet-7e3b647b@eb2577b4==com.github.tomakehurst.wiremock.servlet.WireMockHandlerDispatchingServlet,-1,true
12:36:05.720 [qtp1970282393-21 - /__admin/mappings] DEBUG wiremock.org.eclipse.jetty.http.HttpParser - parseNext s=CONTENT HeapByteBuffer@2d6956a1[p=198,l=459,c=8192,r=261]={POST /__admin/map.../1.8.0_151)\r\n\r\n<<<{\n  "id" : "23d40...29c8adc31223"\n}>>> : "$[?(@.['name'...\x00\x00\x00\x00\x00\x00\x00\x00\x00\x00\x00\x00\x00\x00\x00}
12:36:05.720 [qtp1970282393-21 - /__admin/mappings] DEBUG wiremock.org.eclipse.jetty.server.HttpChannel - HttpChannelOverHttp@2f8f4aeb{r=5,c=false,a=DISPATCHED,uri=/__admin/mappings} content java.nio.HeapByteBufferR[pos=198 lim=459 cap=8192]
12:36:05.721 [qtp1970282393-21 - /__admin/mappings] DEBUG wiremock.org.eclipse.jetty.http.HttpParser - parseNext s=CONTENT HeapByteBuffer@2d6956a1[p=459,l=459,c=8192,r=0]={POST /__admin/map...29c8adc31223"\n}<<<>>> : "$[?(@.['name'...\x00\x00\x00\x00\x00\x00\x00\x00\x00\x00\x00\x00\x00\x00\x00}
12:36:05.721 [qtp1970282393-21 - /__admin/mappings] DEBUG wiremock.org.eclipse.jetty.http.HttpParser - CONTENT --> END
12:36:05.722 [qtp1970282393-21 - /__admin/mappings] DEBUG wiremock.org.eclipse.jetty.server.HttpChannel - HttpChannelOverHttp@2f8f4aeb{r=5,c=false,a=DISPATCHED,uri=/__admin/mappings} messageComplete
12:36:05.722 [qtp1970282393-21 - /__admin/mappings] DEBUG wiremock.org.eclipse.jetty.server.HttpInput - HttpInputOverHTTP@26bed306 EOF
12:36:05.723 [qtp1970282393-21 - /__admin/mappings] DEBUG wiremock.org.eclipse.jetty.io.ChannelEndPoint - filled 0 NetworkTrafficSelectChannelEndPoint@246cb02e{/127.0.0.1:36120<->10829,Open,in,out,-,-,12/30000,HttpConnection}{io=0,kio=0,kro=1}
12:36:05.723 [qtp1970282393-21 - /__admin/mappings] DEBUG wiremock.org.eclipse.jetty.server.HttpConnection - HttpConnection@17963f1[FILLING,NetworkTrafficSelectChannelEndPoint@246cb02e{/127.0.0.1:36120<->10829,Open,in,out,-,-,13/30000,HttpConnection}{io=0,kio=0,kro=1}][p=HttpParser{s=END,261 of 261},g=HttpGenerator{s=START},c=HttpChannelOverHttp@2f8f4aeb{r=5,c=false,a=DISPATCHED,uri=/__admin/mappings}] filled 0
12:36:05.724 [qtp1970282393-21 - /__admin/mappings] DEBUG wiremock.org.eclipse.jetty.server.HttpInput - HttpInputOverHTTP@26bed306 eof EOF
12:36:05.724 [qtp1970282393-21 - /__admin/mappings] DEBUG wiremock.org.eclipse.jetty.server.HttpInput - HttpInputOverHTTP@26bed306 eof EOF
12:36:05.725 [qtp1970282393-21 - /__admin/mappings] INFO WireMock - Received request to /mappings with body {
  "id" : "23d4065d-f049-4575-b8c4-29c8adc31223",
  "request" : {
    "urlPath" : "/users/456",
    "method" : "GET"
  },
  "response" : {
    "status" : 404,
    "transformers" : [ "response-template" ]
  },
  "uuid" : "23d4065d-f049-4575-b8c4-29c8adc31223"
}
12:36:05.731 [qtp1970282393-21 - /__admin/mappings] DEBUG wiremock.org.eclipse.jetty.server.HttpConnection - wiremock.org.eclipse.jetty.server.HttpConnection$SendCallback@4386937a[PROCESSING][i=ResponseInfo{HTTP/1.1 201 null,-1,false},cb=wiremock.org.eclipse.jetty.server.HttpChannel$CommitCallback@57e14fe8] generate: NEED_HEADER (null,[p=0,l=261,c=32768,r=261],false)@START
12:36:05.731 [qtp1970282393-21 - /__admin/mappings] DEBUG wiremock.org.eclipse.jetty.server.HttpConnection - wiremock.org.eclipse.jetty.server.HttpConnection$SendCallback@4386937a[PROCESSING][i=ResponseInfo{HTTP/1.1 201 null,-1,false},cb=wiremock.org.eclipse.jetty.server.HttpChannel$CommitCallback@57e14fe8] generate: FLUSH ([p=0,l=120,c=8192,r=120],[p=0,l=261,c=32768,r=261],false)@COMMITTED
12:36:05.732 [qtp1970282393-21 - /__admin/mappings] DEBUG wiremock.org.eclipse.jetty.io.WriteFlusher - write: WriteFlusher@5854cc1b{IDLE} [HeapByteBuffer@88bcc3b[p=0,l=120,c=8192,r=120]={<<<HTTP/1.1 201 Crea...PSHOT)\r\n\r\n105\r\n>>>nnection: Keep-Al...\x00\x00\x00\x00\x00\x00\x00\x00\x00\x00\x00\x00\x00\x00\x00},HeapByteBuffer@18d7497[p=0,l=261,c=32768,r=261]={<<<{\n  "id" : "23d40...29c8adc31223"\n}>>>   },\n    "transf...\x00\x00\x00\x00\x00\x00\x00\x00\x00\x00\x00\x00\x00\x00\x00}]
12:36:05.732 [qtp1970282393-21 - /__admin/mappings] DEBUG wiremock.org.eclipse.jetty.io.WriteFlusher - update WriteFlusher@5854cc1b{WRITING}:IDLE-->WRITING
12:36:05.733 [qtp1970282393-21 - /__admin/mappings] DEBUG wiremock.org.eclipse.jetty.io.ChannelEndPoint - flushed 120 NetworkTrafficSelectChannelEndPoint@246cb02e{/127.0.0.1:36120<->10829,Open,in,out,-,W,23/30000,HttpConnection}{io=0,kio=0,kro=1}
12:36:05.734 [qtp1970282393-21 - /__admin/mappings] DEBUG wiremock.org.eclipse.jetty.io.ChannelEndPoint - flushed 261 NetworkTrafficSelectChannelEndPoint@246cb02e{/127.0.0.1:36120<->10829,Open,in,out,-,W,0/30000,HttpConnection}{io=0,kio=0,kro=1}
12:36:05.735 [qtp1970282393-21 - /__admin/mappings] DEBUG wiremock.org.eclipse.jetty.io.WriteFlusher - update WriteFlusher@5854cc1b{IDLE}:WRITING-->IDLE
12:36:05.735 [qtp1970282393-21 - /__admin/mappings] DEBUG wiremock.org.eclipse.jetty.server.HttpConnection - wiremock.org.eclipse.jetty.server.HttpConnection$SendCallback@4386937a[PROCESSING][i=ResponseInfo{HTTP/1.1 201 null,-1,false},cb=wiremock.org.eclipse.jetty.server.HttpChannel$CommitCallback@57e14fe8] generate: DONE ([p=120,l=120,c=8192,r=0],[p=261,l=261,c=32768,r=0],false)@COMMITTED
12:36:05.736 [qtp1970282393-21 - /__admin/mappings] DEBUG wiremock.org.eclipse.jetty.server.HttpConnection - wiremock.org.eclipse.jetty.server.HttpConnection$SendCallback@4386937a[PROCESSING][i=null,cb=Blocker@1756a5a1{null}] generate: CONTINUE (null,[p=0,l=0,c=0,r=0],true)@COMPLETING
12:36:05.736 [qtp1970282393-21 - /__admin/mappings] DEBUG wiremock.org.eclipse.jetty.server.HttpConnection - wiremock.org.eclipse.jetty.server.HttpConnection$SendCallback@4386937a[PROCESSING][i=null,cb=Blocker@1756a5a1{null}] generate: NEED_CHUNK (null,[p=0,l=0,c=0,r=0],true)@COMPLETING
12:36:05.737 [qtp1970282393-21 - /__admin/mappings] DEBUG wiremock.org.eclipse.jetty.server.HttpConnection - wiremock.org.eclipse.jetty.server.HttpConnection$SendCallback@4386937a[PROCESSING][i=null,cb=Blocker@1756a5a1{null}] generate: FLUSH (null,[p=0,l=0,c=0,r=0],true)@COMPLETING
12:36:05.737 [qtp1970282393-21 - /__admin/mappings] DEBUG wiremock.org.eclipse.jetty.io.WriteFlusher - write: WriteFlusher@5854cc1b{IDLE} [HeapByteBuffer@699c8744[p=0,l=7,c=1024,r=7]={<<<\r\n0\r\n\r\n>>>\x00\x00\x00\x00\x00\x00\x00\x00\x00\x00\x00\x00\x00\x00\x00\x00\x00...\x00\x00\x00\x00\x00\x00\x00\x00\x00\x00\x00\x00\x00\x00\x00}]
12:36:05.738 [qtp1970282393-21 - /__admin/mappings] DEBUG wiremock.org.eclipse.jetty.io.WriteFlusher - update WriteFlusher@5854cc1b{WRITING}:IDLE-->WRITING
12:36:05.738 [Test worker] DEBUG org.springframework.cloud.contract.stubrunner.provider.wiremock.WireMockHttpServerStub - Registered stub mappings from [/tmp/1513078562150-0/pl.jerckov.cdc/user-service/1.0.0/mappings/consumer/crm/user not found.json]
12:36:05.741 [qtp1970282393-21 - /__admin/mappings] DEBUG wiremock.org.eclipse.jetty.io.ChannelEndPoint - flushed 7 NetworkTrafficSelectChannelEndPoint@246cb02e{/127.0.0.1:36120<->10829,Open,in,out,-,W,7/30000,HttpConnection}{io=0,kio=0,kro=1}
12:36:05.742 [qtp1970282393-21 - /__admin/mappings] DEBUG wiremock.org.eclipse.jetty.io.WriteFlusher - update WriteFlusher@5854cc1b{IDLE}:WRITING-->IDLE
12:36:05.743 [qtp1970282393-21 - /__admin/mappings] DEBUG wiremock.org.eclipse.jetty.server.HttpConnection - wiremock.org.eclipse.jetty.server.HttpConnection$SendCallback@4386937a[PROCESSING][i=null,cb=Blocker@1756a5a1{null}] generate: DONE (null,[p=0,l=0,c=0,r=0],true)@END
12:36:05.743 [qtp1970282393-21 - /__admin/mappings] DEBUG wiremock.org.eclipse.jetty.server.handler.ContextHandler - scope null||/__admin/mappings @ w.o.e.j.s.ServletContextHandler@4965998d{/,null,AVAILABLE}
12:36:05.744 [qtp1970282393-21 - /__admin/mappings] DEBUG wiremock.org.eclipse.jetty.server.Server - RESPONSE /__admin/mappings  201 handled=true
12:36:05.744 [qtp1970282393-21 - /__admin/mappings] DEBUG wiremock.org.eclipse.jetty.server.HttpChannelState - HttpChannelState@3f27305c{s=DISPATCHED i=true a=null} unhandle DISPATCHED
12:36:05.745 [qtp1970282393-21 - /__admin/mappings] DEBUG wiremock.org.eclipse.jetty.http.HttpParser - reset HttpParser{s=END,261 of 261}
12:36:05.745 [qtp1970282393-21 - /__admin/mappings] DEBUG wiremock.org.eclipse.jetty.http.HttpParser - END --> START
12:36:05.745 [qtp1970282393-21] DEBUG wiremock.org.eclipse.jetty.server.HttpChannel - HttpChannelOverHttp@2f8f4aeb{r=5,c=false,a=IDLE,uri=} handle exit, result COMPLETE
12:36:05.746 [qtp1970282393-21] DEBUG wiremock.org.eclipse.jetty.io.ChannelEndPoint - filled 626 NetworkTrafficSelectChannelEndPoint@246cb02e{/127.0.0.1:36120<->10829,Open,in,out,-,-,5/30000,HttpConnection}{io=0,kio=0,kro=1}
12:36:05.746 [qtp1970282393-21] DEBUG wiremock.org.eclipse.jetty.http.HttpParser - parseNext s=START HeapByteBuffer@88bcc3b[p=0,l=626,c=8192,r=626]={<<<POST /__admin/map...33c369fc3ef9"\n}>>>\x00\x00\x00\x00\x00\x00\x00\x00\x00\x00\x00\x00\x00\x00\x00\x00\x00...\x00\x00\x00\x00\x00\x00\x00\x00\x00\x00\x00\x00\x00\x00\x00}
12:36:05.747 [qtp1970282393-21] DEBUG wiremock.org.eclipse.jetty.http.HttpParser - START --> SPACE1
12:36:05.747 [qtp1970282393-21] DEBUG wiremock.org.eclipse.jetty.http.HttpParser - SPACE1 --> URI
12:36:05.747 [qtp1970282393-21] DEBUG wiremock.org.eclipse.jetty.http.HttpParser - URI --> SPACE2
12:36:05.747 [qtp1970282393-21] DEBUG wiremock.org.eclipse.jetty.http.HttpParser - SPACE2 --> REQUEST_VERSION
12:36:05.747 [qtp1970282393-21] DEBUG wiremock.org.eclipse.jetty.http.HttpParser - REQUEST_VERSION --> HEADER
12:36:05.748 [qtp1970282393-21] DEBUG wiremock.org.eclipse.jetty.http.HttpParser - HEADER --> HEADER_VALUE
12:36:05.748 [qtp1970282393-21] DEBUG wiremock.org.eclipse.jetty.http.HttpParser - HEADER_VALUE --> HEADER_IN_VALUE
12:36:05.748 [qtp1970282393-21] DEBUG wiremock.org.eclipse.jetty.http.HttpParser - HEADER_IN_VALUE --> HEADER
12:36:05.748 [qtp1970282393-21] DEBUG wiremock.org.eclipse.jetty.http.HttpParser - HEADER --> HEADER_IN_VALUE
12:36:05.748 [qtp1970282393-21] DEBUG wiremock.org.eclipse.jetty.http.HttpParser - HEADER_IN_VALUE --> HEADER
12:36:05.749 [qtp1970282393-21] DEBUG wiremock.org.eclipse.jetty.http.HttpParser - HEADER --> HEADER_IN_VALUE
12:36:05.749 [qtp1970282393-21] DEBUG wiremock.org.eclipse.jetty.http.HttpParser - HEADER_IN_VALUE --> HEADER
12:36:05.749 [qtp1970282393-21] DEBUG wiremock.org.eclipse.jetty.http.HttpParser - HEADER --> HEADER_IN_VALUE
12:36:05.749 [qtp1970282393-21] DEBUG wiremock.org.eclipse.jetty.http.HttpParser - HEADER_IN_VALUE --> HEADER
12:36:05.750 [qtp1970282393-21] DEBUG wiremock.org.eclipse.jetty.http.HttpParser - HEADER --> HEADER_IN_VALUE
12:36:05.750 [qtp1970282393-21] DEBUG wiremock.org.eclipse.jetty.http.HttpParser - HEADER_IN_VALUE --> HEADER
12:36:05.750 [qtp1970282393-21] DEBUG wiremock.org.eclipse.jetty.http.HttpParser - HEADER --> CONTENT
12:36:05.751 [qtp1970282393-21] DEBUG wiremock.org.eclipse.jetty.server.HttpChannel - HttpChannelOverHttp@2f8f4aeb{r=6,c=false,a=IDLE,uri=/__admin/mappings} handle enter
12:36:05.751 [qtp1970282393-21 - /__admin/mappings] DEBUG wiremock.org.eclipse.jetty.server.HttpChannelState - HttpChannelState@3f27305c{s=IDLE i=true a=null} handling IDLE
12:36:05.751 [qtp1970282393-21 - /__admin/mappings] DEBUG wiremock.org.eclipse.jetty.server.HttpChannel - HttpChannelOverHttp@2f8f4aeb{r=6,c=false,a=DISPATCHED,uri=/__admin/mappings} action REQUEST_DISPATCH
12:36:05.752 [qtp1970282393-21 - /__admin/mappings] DEBUG wiremock.org.eclipse.jetty.server.Server - REQUEST POST /__admin/mappings on HttpChannelOverHttp@2f8f4aeb{r=6,c=false,a=DISPATCHED,uri=/__admin/mappings}
12:36:05.752 [qtp1970282393-21 - /__admin/mappings] DEBUG wiremock.org.eclipse.jetty.server.handler.ContextHandler - scope null||/__admin/mappings @ w.o.e.j.s.ServletContextHandler@19b0481f{/__admin,null,AVAILABLE}
12:36:05.752 [qtp1970282393-21 - /__admin/mappings] DEBUG wiremock.org.eclipse.jetty.server.handler.ContextHandler - context=/__admin||/mappings @ w.o.e.j.s.ServletContextHandler@19b0481f{/__admin,null,AVAILABLE}
12:36:05.753 [qtp1970282393-21 - /__admin/mappings] DEBUG wiremock.org.eclipse.jetty.servlet.ServletHandler - servlet /__admin|/mappings|null -> com.github.tomakehurst.wiremock.servlet.WireMockHandlerDispatchingServlet-7e3b647b@eb2577b4==com.github.tomakehurst.wiremock.servlet.WireMockHandlerDispatchingServlet,-1,true
12:36:05.753 [qtp1970282393-21 - /__admin/mappings] DEBUG wiremock.org.eclipse.jetty.servlet.ServletHandler - chain=wiremock.org.eclipse.jetty.servlets.CrossOriginFilter-523d648d->com.github.tomakehurst.wiremock.servlet.WireMockHandlerDispatchingServlet-7e3b647b@eb2577b4==com.github.tomakehurst.wiremock.servlet.WireMockHandlerDispatchingServlet,-1,true
12:36:05.753 [qtp1970282393-21 - /__admin/mappings] DEBUG wiremock.org.eclipse.jetty.servlet.ServletHandler - call filter wiremock.org.eclipse.jetty.servlets.CrossOriginFilter-523d648d
12:36:05.754 [qtp1970282393-21 - /__admin/mappings] DEBUG wiremock.org.eclipse.jetty.servlet.ServletHandler - call servlet com.github.tomakehurst.wiremock.servlet.WireMockHandlerDispatchingServlet-7e3b647b@eb2577b4==com.github.tomakehurst.wiremock.servlet.WireMockHandlerDispatchingServlet,-1,true
12:36:05.754 [qtp1970282393-21 - /__admin/mappings] DEBUG wiremock.org.eclipse.jetty.http.HttpParser - parseNext s=CONTENT HeapByteBuffer@88bcc3b[p=198,l=626,c=8192,r=428]={POST /__admin/map.../1.8.0_151)\r\n\r\n<<<{\n  "id" : "f6a32...33c369fc3ef9"\n}>>>\x00\x00\x00\x00\x00\x00\x00\x00\x00\x00\x00\x00\x00\x00\x00\x00\x00...\x00\x00\x00\x00\x00\x00\x00\x00\x00\x00\x00\x00\x00\x00\x00}
12:36:05.755 [qtp1970282393-21 - /__admin/mappings] DEBUG wiremock.org.eclipse.jetty.server.HttpChannel - HttpChannelOverHttp@2f8f4aeb{r=6,c=false,a=DISPATCHED,uri=/__admin/mappings} content java.nio.HeapByteBufferR[pos=198 lim=626 cap=8192]
12:36:05.755 [qtp1970282393-21 - /__admin/mappings] DEBUG wiremock.org.eclipse.jetty.http.HttpParser - parseNext s=CONTENT HeapByteBuffer@88bcc3b[p=626,l=626,c=8192,r=0]={POST /__admin/map...33c369fc3ef9"\n}<<<>>>\x00\x00\x00\x00\x00\x00\x00\x00\x00\x00\x00\x00\x00\x00\x00\x00\x00...\x00\x00\x00\x00\x00\x00\x00\x00\x00\x00\x00\x00\x00\x00\x00}
12:36:05.755 [qtp1970282393-21 - /__admin/mappings] DEBUG wiremock.org.eclipse.jetty.http.HttpParser - CONTENT --> END
12:36:05.755 [qtp1970282393-21 - /__admin/mappings] DEBUG wiremock.org.eclipse.jetty.server.HttpChannel - HttpChannelOverHttp@2f8f4aeb{r=6,c=false,a=DISPATCHED,uri=/__admin/mappings} messageComplete
12:36:05.756 [qtp1970282393-21 - /__admin/mappings] DEBUG wiremock.org.eclipse.jetty.server.HttpInput - HttpInputOverHTTP@26bed306 EOF
12:36:05.756 [qtp1970282393-21 - /__admin/mappings] DEBUG wiremock.org.eclipse.jetty.io.ChannelEndPoint - filled 0 NetworkTrafficSelectChannelEndPoint@246cb02e{/127.0.0.1:36120<->10829,Open,in,out,-,-,10/30000,HttpConnection}{io=0,kio=0,kro=1}
12:36:05.757 [qtp1970282393-21 - /__admin/mappings] DEBUG wiremock.org.eclipse.jetty.server.HttpConnection - HttpConnection@17963f1[FILLING,NetworkTrafficSelectChannelEndPoint@246cb02e{/127.0.0.1:36120<->10829,Open,in,out,-,-,11/30000,HttpConnection}{io=0,kio=0,kro=1}][p=HttpParser{s=END,428 of 428},g=HttpGenerator{s=START},c=HttpChannelOverHttp@2f8f4aeb{r=6,c=false,a=DISPATCHED,uri=/__admin/mappings}] filled 0
12:36:05.757 [qtp1970282393-21 - /__admin/mappings] DEBUG wiremock.org.eclipse.jetty.server.HttpInput - HttpInputOverHTTP@26bed306 eof EOF
12:36:05.758 [qtp1970282393-21 - /__admin/mappings] DEBUG wiremock.org.eclipse.jetty.server.HttpInput - HttpInputOverHTTP@26bed306 eof EOF
12:36:05.759 [qtp1970282393-21 - /__admin/mappings] INFO WireMock - Received request to /mappings with body {
  "id" : "f6a328ca-cd3a-41de-a16a-33c369fc3ef9",
  "request" : {
    "urlPath" : "/users/123",
    "method" : "DELETE",
    "headers" : {
      "Content-Type" : {
        "equalTo" : "application/json"
      }
    }
  },
  "response" : {
    "status" : 204,
    "headers" : {
      "Content-Type" : "application/json"
    },
    "transformers" : [ "response-template" ]
  },
  "uuid" : "f6a328ca-cd3a-41de-a16a-33c369fc3ef9"
}
12:36:05.765 [qtp1970282393-21 - /__admin/mappings] DEBUG wiremock.org.eclipse.jetty.server.HttpConnection - wiremock.org.eclipse.jetty.server.HttpConnection$SendCallback@4386937a[PROCESSING][i=ResponseInfo{HTTP/1.1 201 null,-1,false},cb=wiremock.org.eclipse.jetty.server.HttpChannel$CommitCallback@12e3cb70] generate: NEED_HEADER (null,[p=0,l=428,c=32768,r=428],false)@START
12:36:05.766 [qtp1970282393-21 - /__admin/mappings] DEBUG wiremock.org.eclipse.jetty.server.HttpConnection - wiremock.org.eclipse.jetty.server.HttpConnection$SendCallback@4386937a[PROCESSING][i=ResponseInfo{HTTP/1.1 201 null,-1,false},cb=wiremock.org.eclipse.jetty.server.HttpChannel$CommitCallback@12e3cb70] generate: FLUSH ([p=0,l=120,c=8192,r=120],[p=0,l=428,c=32768,r=428],false)@COMMITTED
12:36:05.767 [qtp1970282393-21 - /__admin/mappings] DEBUG wiremock.org.eclipse.jetty.io.WriteFlusher - write: WriteFlusher@5854cc1b{IDLE} [HeapByteBuffer@2d6956a1[p=0,l=120,c=8192,r=120]={<<<HTTP/1.1 201 Crea...PSHOT)\r\n\r\n1AC\r\n>>>nnection: Keep-Al...\x00\x00\x00\x00\x00\x00\x00\x00\x00\x00\x00\x00\x00\x00\x00},HeapByteBuffer@18d7497[p=0,l=428,c=32768,r=428]={<<<{\n  "id" : "f6a32...33c369fc3ef9"\n}>>>cation/json"\n    ...\x00\x00\x00\x00\x00\x00\x00\x00\x00\x00\x00\x00\x00\x00\x00}]
12:36:05.767 [qtp1970282393-21 - /__admin/mappings] DEBUG wiremock.org.eclipse.jetty.io.WriteFlusher - update WriteFlusher@5854cc1b{WRITING}:IDLE-->WRITING
12:36:05.768 [qtp1970282393-21 - /__admin/mappings] DEBUG wiremock.org.eclipse.jetty.io.ChannelEndPoint - flushed 120 NetworkTrafficSelectChannelEndPoint@246cb02e{/127.0.0.1:36120<->10829,Open,in,out,-,W,22/30000,HttpConnection}{io=0,kio=0,kro=1}
12:36:05.769 [qtp1970282393-21 - /__admin/mappings] DEBUG wiremock.org.eclipse.jetty.io.ChannelEndPoint - flushed 428 NetworkTrafficSelectChannelEndPoint@246cb02e{/127.0.0.1:36120<->10829,Open,in,out,-,W,0/30000,HttpConnection}{io=0,kio=0,kro=1}
12:36:05.770 [qtp1970282393-21 - /__admin/mappings] DEBUG wiremock.org.eclipse.jetty.io.WriteFlusher - update WriteFlusher@5854cc1b{IDLE}:WRITING-->IDLE
12:36:05.770 [qtp1970282393-21 - /__admin/mappings] DEBUG wiremock.org.eclipse.jetty.server.HttpConnection - wiremock.org.eclipse.jetty.server.HttpConnection$SendCallback@4386937a[PROCESSING][i=ResponseInfo{HTTP/1.1 201 null,-1,false},cb=wiremock.org.eclipse.jetty.server.HttpChannel$CommitCallback@12e3cb70] generate: DONE ([p=120,l=120,c=8192,r=0],[p=428,l=428,c=32768,r=0],false)@COMMITTED
12:36:05.771 [qtp1970282393-21 - /__admin/mappings] DEBUG wiremock.org.eclipse.jetty.server.HttpConnection - wiremock.org.eclipse.jetty.server.HttpConnection$SendCallback@4386937a[PROCESSING][i=null,cb=Blocker@1756a5a1{null}] generate: CONTINUE (null,[p=0,l=0,c=0,r=0],true)@COMPLETING
12:36:05.771 [qtp1970282393-21 - /__admin/mappings] DEBUG wiremock.org.eclipse.jetty.server.HttpConnection - wiremock.org.eclipse.jetty.server.HttpConnection$SendCallback@4386937a[PROCESSING][i=null,cb=Blocker@1756a5a1{null}] generate: NEED_CHUNK (null,[p=0,l=0,c=0,r=0],true)@COMPLETING
12:36:05.771 [qtp1970282393-21 - /__admin/mappings] DEBUG wiremock.org.eclipse.jetty.server.HttpConnection - wiremock.org.eclipse.jetty.server.HttpConnection$SendCallback@4386937a[PROCESSING][i=null,cb=Blocker@1756a5a1{null}] generate: FLUSH (null,[p=0,l=0,c=0,r=0],true)@COMPLETING
12:36:05.771 [qtp1970282393-21 - /__admin/mappings] DEBUG wiremock.org.eclipse.jetty.io.WriteFlusher - write: WriteFlusher@5854cc1b{IDLE} [HeapByteBuffer@699c8744[p=0,l=7,c=1024,r=7]={<<<\r\n0\r\n\r\n>>>\x00\x00\x00\x00\x00\x00\x00\x00\x00\x00\x00\x00\x00\x00\x00\x00\x00...\x00\x00\x00\x00\x00\x00\x00\x00\x00\x00\x00\x00\x00\x00\x00}]
12:36:05.772 [qtp1970282393-21 - /__admin/mappings] DEBUG wiremock.org.eclipse.jetty.io.WriteFlusher - update WriteFlusher@5854cc1b{WRITING}:IDLE-->WRITING
12:36:05.772 [Test worker] DEBUG org.springframework.cloud.contract.stubrunner.provider.wiremock.WireMockHttpServerStub - Registered stub mappings from [/tmp/1513078562150-0/pl.jerckov.cdc/user-service/1.0.0/mappings/provider/delete a user.json]
12:36:05.773 [qtp1970282393-21 - /__admin/mappings] DEBUG wiremock.org.eclipse.jetty.io.ChannelEndPoint - flushed 7 NetworkTrafficSelectChannelEndPoint@246cb02e{/127.0.0.1:36120<->10829,Open,in,out,-,W,3/30000,HttpConnection}{io=0,kio=0,kro=1}
12:36:05.774 [qtp1970282393-21 - /__admin/mappings] DEBUG wiremock.org.eclipse.jetty.io.WriteFlusher - update WriteFlusher@5854cc1b{IDLE}:WRITING-->IDLE
12:36:05.774 [Test worker] INFO org.springframework.cloud.contract.stubrunner.StubRunnerExecutor - All stubs are now running RunningStubs [namesAndPorts={pl.jerckov.cdc:user-service:+:stubs=10829}]
12:36:05.774 [qtp1970282393-21 - /__admin/mappings] DEBUG wiremock.org.eclipse.jetty.server.HttpConnection - wiremock.org.eclipse.jetty.server.HttpConnection$SendCallback@4386937a[PROCESSING][i=null,cb=Blocker@1756a5a1{null}] generate: DONE (null,[p=0,l=0,c=0,r=0],true)@END
12:36:05.775 [qtp1970282393-21 - /__admin/mappings] DEBUG wiremock.org.eclipse.jetty.server.handler.ContextHandler - scope null||/__admin/mappings @ w.o.e.j.s.ServletContextHandler@4965998d{/,null,AVAILABLE}
12:36:05.775 [qtp1970282393-21 - /__admin/mappings] DEBUG wiremock.org.eclipse.jetty.server.Server - RESPONSE /__admin/mappings  201 handled=true
12:36:05.775 [qtp1970282393-21 - /__admin/mappings] DEBUG wiremock.org.eclipse.jetty.server.HttpChannelState - HttpChannelState@3f27305c{s=DISPATCHED i=true a=null} unhandle DISPATCHED
12:36:05.776 [qtp1970282393-21 - /__admin/mappings] DEBUG wiremock.org.eclipse.jetty.http.HttpParser - reset HttpParser{s=END,428 of 428}
12:36:05.776 [qtp1970282393-21 - /__admin/mappings] DEBUG wiremock.org.eclipse.jetty.http.HttpParser - END --> START
12:36:05.776 [qtp1970282393-21] DEBUG wiremock.org.eclipse.jetty.server.HttpChannel - HttpChannelOverHttp@2f8f4aeb{r=6,c=false,a=IDLE,uri=} handle exit, result COMPLETE
12:36:05.777 [qtp1970282393-21] DEBUG wiremock.org.eclipse.jetty.io.ChannelEndPoint - filled 0 NetworkTrafficSelectChannelEndPoint@246cb02e{/127.0.0.1:36120<->10829,Open,in,out,-,-,3/30000,HttpConnection}{io=0,kio=0,kro=1}
12:36:05.777 [qtp1970282393-21] DEBUG wiremock.org.eclipse.jetty.io.ChannelEndPoint - filled 0 NetworkTrafficSelectChannelEndPoint@246cb02e{/127.0.0.1:36120<->10829,Open,in,out,-,-,3/30000,HttpConnection}{io=0,kio=0,kro=1}
12:36:05.778 [qtp1970282393-21] DEBUG wiremock.org.eclipse.jetty.http.HttpParser - parseNext s=START HeapByteBuffer@2d6956a1[p=0,l=0,c=8192,r=0]={<<<>>>HTTP/1.1 201 Crea...\x00\x00\x00\x00\x00\x00\x00\x00\x00\x00\x00\x00\x00\x00\x00}
12:36:05.778 [qtp1970282393-21] DEBUG wiremock.org.eclipse.jetty.io.AbstractConnection - fillInterested HttpConnection@17963f1[FILLING,NetworkTrafficSelectChannelEndPoint@246cb02e{/127.0.0.1:36120<->10829,Open,in,out,-,-,4/30000,HttpConnection}{io=0,kio=0,kro=1}][p=HttpParser{s=START,0 of -1},g=HttpGenerator{s=START},c=HttpChannelOverHttp@2f8f4aeb{r=6,c=false,a=IDLE,uri=}]
12:36:05.779 [qtp1970282393-21] DEBUG wiremock.org.eclipse.jetty.io.AbstractConnection - FILLING-->FILLING_FILL_INTERESTED HttpConnection@17963f1[FILLING_FILL_INTERESTED,NetworkTrafficSelectChannelEndPoint@246cb02e{/127.0.0.1:36120<->10829,Open,in,out,-,-,5/30000,HttpConnection}{io=0,kio=0,kro=1}][p=HttpParser{s=START,0 of -1},g=HttpGenerator{s=START},c=HttpChannelOverHttp@2f8f4aeb{r=6,c=false,a=IDLE,uri=}]
12:36:05.780 [qtp1970282393-21] DEBUG wiremock.org.eclipse.jetty.io.AbstractConnection - FILLING_FILL_INTERESTED-->FILL_INTERESTED HttpConnection@17963f1[FILL_INTERESTED,NetworkTrafficSelectChannelEndPoint@246cb02e{/127.0.0.1:36120<->10829,Open,in,out,-,-,6/30000,HttpConnection}{io=0,kio=0,kro=1}][p=HttpParser{s=START,0 of -1},g=HttpGenerator{s=START},c=HttpChannelOverHttp@2f8f4aeb{r=6,c=false,a=IDLE,uri=}]
12:36:05.781 [qtp1970282393-21] DEBUG wiremock.org.eclipse.jetty.io.SelectChannelEndPoint - Local interests updating 0 -> 1 for NetworkTrafficSelectChannelEndPoint@246cb02e{/127.0.0.1:36120<->10829,Open,in,out,R,-,0/30000,HttpConnection}{io=1,kio=0,kro=1}
12:36:05.781 [qtp1970282393-21] DEBUG wiremock.org.eclipse.jetty.io.SelectorManager - Queued change wiremock.org.eclipse.jetty.io.SelectChannelEndPoint$1@694bd2d4
12:36:05.782 [qtp1970282393-15-selector-ServerConnectorManager@71465bd2/0] DEBUG wiremock.org.eclipse.jetty.io.SelectorManager - Selector loop woken up from select, 0/1 selected
12:36:05.782 [qtp1970282393-15-selector-ServerConnectorManager@71465bd2/0] DEBUG wiremock.org.eclipse.jetty.io.SelectorManager - Running change wiremock.org.eclipse.jetty.io.SelectChannelEndPoint$1@694bd2d4
12:36:05.782 [qtp1970282393-15-selector-ServerConnectorManager@71465bd2/0] DEBUG wiremock.org.eclipse.jetty.io.SelectChannelEndPoint - Key interests updated 0 -> 1 on NetworkTrafficSelectChannelEndPoint@246cb02e{/127.0.0.1:36120<->10829,Open,in,out,R,-,1/30000,HttpConnection}{io=1,kio=1,kro=1}
12:36:05.782 [qtp1970282393-15-selector-ServerConnectorManager@71465bd2/0] DEBUG wiremock.org.eclipse.jetty.io.SelectorManager - Selector loop waiting on select
12:36:05.847 [Test worker] DEBUG org.springframework.web.client.RestTemplate - Created GET request for "http://localhost:10829/users/456"
12:36:05.922 [Test worker] DEBUG org.springframework.web.client.RestTemplate - Setting request Accept header to [application/json, application/*+json]
12:36:05.927 [qtp1970282393-18-acceptor-1@587d2273-NetworkTrafficServerConnector@48c99580{HTTP/1.1}{0.0.0.0:10829}] DEBUG wiremock.org.eclipse.jetty.io.SelectorManager - Queued change wiremock.org.eclipse.jetty.io.SelectorManager$ManagedSelector$Accept@3ee8761d
12:36:05.949 [qtp1970282393-17-selector-ServerConnectorManager@71465bd2/1] DEBUG wiremock.org.eclipse.jetty.io.SelectorManager - Selector loop woken up from select, 0/0 selected
12:36:05.949 [qtp1970282393-17-selector-ServerConnectorManager@71465bd2/1] DEBUG wiremock.org.eclipse.jetty.io.SelectorManager - Running change wiremock.org.eclipse.jetty.io.SelectorManager$ManagedSelector$Accept@3ee8761d
12:36:05.950 [qtp1970282393-17-selector-ServerConnectorManager@71465bd2/1] DEBUG wiremock.org.eclipse.jetty.io.AbstractEndPoint - onOpen NetworkTrafficSelectChannelEndPoint@5b8a5edb{/127.0.0.1:36122<->10829,Open,in,out,-,-,0/30000,null}{io=0,kio=0,kro=0}
12:36:05.951 [qtp1970282393-17-selector-ServerConnectorManager@71465bd2/1] DEBUG wiremock.org.eclipse.jetty.io.IdleTimeout - NetworkTrafficSelectChannelEndPoint@5b8a5edb{/127.0.0.1:36122<->10829,Open,in,out,-,-,1/30000,null}{io=0,kio=0,kro=0} idle timeout check, elapsed: 1 ms, remaining: 29999 ms
12:36:05.952 [qtp1970282393-17-selector-ServerConnectorManager@71465bd2/1] DEBUG wiremock.org.eclipse.jetty.server.HttpChannel - new HttpChannelOverHttp@5fb5d172{r=0,c=false,a=IDLE,uri=} -> NetworkTrafficSelectChannelEndPoint@5b8a5edb{/127.0.0.1:36122<->10829,Open,in,out,-,-,2/30000,null}{io=0,kio=0,kro=0},null,HttpChannelState@1ab754e0{s=IDLE i=true a=null}
12:36:05.963 [qtp1970282393-17-selector-ServerConnectorManager@71465bd2/1] DEBUG wiremock.org.eclipse.jetty.server.HttpConnection - New HTTP Connection HttpConnection@2292601e[IDLE,NetworkTrafficSelectChannelEndPoint@5b8a5edb{/127.0.0.1:36122<->10829,Open,in,out,-,-,2/30000,null}{io=0,kio=0,kro=0}][p=HttpParser{s=START,0 of 0},g=HttpGenerator{s=START},c=HttpChannelOverHttp@5fb5d172{r=0,c=false,a=IDLE,uri=}]
12:36:05.964 [qtp1970282393-17-selector-ServerConnectorManager@71465bd2/1] DEBUG wiremock.org.eclipse.jetty.io.AbstractConnection - onOpen HttpConnection@2292601e[IDLE,NetworkTrafficSelectChannelEndPoint@5b8a5edb{/127.0.0.1:36122<->10829,Open,in,out,-,-,14/30000,HttpConnection}{io=0,kio=0,kro=0}][p=HttpParser{s=START,0 of 0},g=HttpGenerator{s=START},c=HttpChannelOverHttp@5fb5d172{r=0,c=false,a=IDLE,uri=}]
12:36:05.965 [qtp1970282393-17-selector-ServerConnectorManager@71465bd2/1] DEBUG wiremock.org.eclipse.jetty.io.AbstractConnection - fillInterested HttpConnection@2292601e[IDLE,NetworkTrafficSelectChannelEndPoint@5b8a5edb{/127.0.0.1:36122<->10829,Open,in,out,-,-,15/30000,HttpConnection}{io=0,kio=0,kro=0}][p=HttpParser{s=START,0 of 0},g=HttpGenerator{s=START},c=HttpChannelOverHttp@5fb5d172{r=0,c=false,a=IDLE,uri=}]
12:36:05.967 [qtp1970282393-17-selector-ServerConnectorManager@71465bd2/1] DEBUG wiremock.org.eclipse.jetty.io.AbstractConnection - IDLE-->FILL_INTERESTED HttpConnection@2292601e[FILL_INTERESTED,NetworkTrafficSelectChannelEndPoint@5b8a5edb{/127.0.0.1:36122<->10829,Open,in,out,-,-,17/30000,HttpConnection}{io=0,kio=0,kro=0}][p=HttpParser{s=START,0 of 0},g=HttpGenerator{s=START},c=HttpChannelOverHttp@5fb5d172{r=0,c=false,a=IDLE,uri=}]
12:36:05.967 [qtp1970282393-17-selector-ServerConnectorManager@71465bd2/1] DEBUG wiremock.org.eclipse.jetty.io.SelectChannelEndPoint - Local interests updating 0 -> 1 for NetworkTrafficSelectChannelEndPoint@5b8a5edb{/127.0.0.1:36122<->10829,Open,in,out,R,-,0/30000,HttpConnection}{io=1,kio=0,kro=0}
12:36:05.968 [qtp1970282393-17-selector-ServerConnectorManager@71465bd2/1] DEBUG wiremock.org.eclipse.jetty.io.SelectorManager - Queued change wiremock.org.eclipse.jetty.io.SelectChannelEndPoint$1@2be78e11
12:36:05.969 [qtp1970282393-17-selector-ServerConnectorManager@71465bd2/1] DEBUG wiremock.org.eclipse.jetty.io.SelectorManager - Created NetworkTrafficSelectChannelEndPoint@5b8a5edb{/127.0.0.1:36122<->10829,Open,in,out,R,-,2/30000,HttpConnection}{io=1,kio=0,kro=0}
12:36:05.969 [qtp1970282393-17-selector-ServerConnectorManager@71465bd2/1] DEBUG wiremock.org.eclipse.jetty.io.SelectorManager - Running change wiremock.org.eclipse.jetty.io.SelectChannelEndPoint$1@2be78e11
12:36:05.970 [qtp1970282393-17-selector-ServerConnectorManager@71465bd2/1] DEBUG wiremock.org.eclipse.jetty.io.SelectChannelEndPoint - Key interests updated 0 -> 1 on NetworkTrafficSelectChannelEndPoint@5b8a5edb{/127.0.0.1:36122<->10829,Open,in,out,R,-,3/30000,HttpConnection}{io=1,kio=1,kro=0}
12:36:05.971 [qtp1970282393-17-selector-ServerConnectorManager@71465bd2/1] DEBUG wiremock.org.eclipse.jetty.io.SelectorManager - Selector loop waiting on select
12:36:05.971 [qtp1970282393-17-selector-ServerConnectorManager@71465bd2/1] DEBUG wiremock.org.eclipse.jetty.io.SelectorManager - Selector loop woken up from select, 1/1 selected
12:36:05.972 [qtp1970282393-17-selector-ServerConnectorManager@71465bd2/1] DEBUG wiremock.org.eclipse.jetty.io.SelectChannelEndPoint - Key interests updated 1 -> 0 on NetworkTrafficSelectChannelEndPoint@5b8a5edb{/127.0.0.1:36122<->10829,Open,in,out,R,-,5/30000,HttpConnection}{io=1,kio=0,kro=1}
12:36:05.973 [qtp1970282393-17-selector-ServerConnectorManager@71465bd2/1] DEBUG wiremock.org.eclipse.jetty.io.SelectChannelEndPoint - Local interests updating 1 -> 0 for NetworkTrafficSelectChannelEndPoint@5b8a5edb{/127.0.0.1:36122<->10829,Open,in,out,R,-,6/30000,HttpConnection}{io=0,kio=0,kro=1}
12:36:05.974 [qtp1970282393-17-selector-ServerConnectorManager@71465bd2/1] DEBUG wiremock.org.eclipse.jetty.io.SelectorManager - Queued change wiremock.org.eclipse.jetty.io.SelectChannelEndPoint$1@2be78e11
12:36:05.975 [qtp1970282393-17-selector-ServerConnectorManager@71465bd2/1] DEBUG wiremock.org.eclipse.jetty.io.AbstractConnection - FILL_INTERESTED-->FILLING HttpConnection@2292601e[FILLING,NetworkTrafficSelectChannelEndPoint@5b8a5edb{/127.0.0.1:36122<->10829,Open,in,out,-,-,7/30000,HttpConnection}{io=0,kio=0,kro=1}][p=HttpParser{s=START,0 of 0},g=HttpGenerator{s=START},c=HttpChannelOverHttp@5fb5d172{r=0,c=false,a=IDLE,uri=}]
12:36:05.976 [qtp1970282393-17-selector-ServerConnectorManager@71465bd2/1] DEBUG wiremock.org.eclipse.jetty.io.SelectorManager - Running change wiremock.org.eclipse.jetty.io.SelectChannelEndPoint$1@2be78e11
12:36:05.976 [qtp1970282393-17-selector-ServerConnectorManager@71465bd2/1] DEBUG wiremock.org.eclipse.jetty.io.SelectorManager - Selector loop waiting on select
12:36:05.976 [qtp1970282393-22] DEBUG wiremock.org.eclipse.jetty.server.HttpConnection - HttpConnection@2292601e[FILLING,NetworkTrafficSelectChannelEndPoint@5b8a5edb{/127.0.0.1:36122<->10829,Open,in,out,-,-,9/30000,HttpConnection}{io=0,kio=0,kro=1}][p=HttpParser{s=START,0 of 0},g=HttpGenerator{s=START},c=HttpChannelOverHttp@5fb5d172{r=0,c=false,a=IDLE,uri=}] onFillable HttpChannelState@1ab754e0{s=IDLE i=true a=null}
12:36:05.977 [qtp1970282393-22] DEBUG wiremock.org.eclipse.jetty.io.ChannelEndPoint - filled 148 NetworkTrafficSelectChannelEndPoint@5b8a5edb{/127.0.0.1:36122<->10829,Open,in,out,-,-,10/30000,HttpConnection}{io=0,kio=0,kro=1}
12:36:05.977 [qtp1970282393-22] DEBUG wiremock.org.eclipse.jetty.http.HttpParser - parseNext s=START HeapByteBuffer@88bcc3b[p=0,l=148,c=8192,r=148]={<<<GET /users/456 HT... keep-alive\r\n\r\n>>>gent: Apache-Http...\x00\x00\x00\x00\x00\x00\x00\x00\x00\x00\x00\x00\x00\x00\x00}
12:36:05.977 [qtp1970282393-22] DEBUG wiremock.org.eclipse.jetty.http.HttpParser - START --> SPACE1
12:36:05.977 [qtp1970282393-22] DEBUG wiremock.org.eclipse.jetty.http.HttpParser - SPACE1 --> URI
12:36:05.977 [qtp1970282393-22] DEBUG wiremock.org.eclipse.jetty.http.HttpParser - URI --> SPACE2
12:36:05.977 [qtp1970282393-22] DEBUG wiremock.org.eclipse.jetty.http.HttpParser - SPACE2 --> REQUEST_VERSION
12:36:05.977 [qtp1970282393-22] DEBUG wiremock.org.eclipse.jetty.http.HttpParser - REQUEST_VERSION --> HEADER
12:36:05.977 [qtp1970282393-22] DEBUG wiremock.org.eclipse.jetty.http.HttpParser - HEADER --> HEADER_VALUE
12:36:05.977 [qtp1970282393-22] DEBUG wiremock.org.eclipse.jetty.http.HttpParser - HEADER_VALUE --> HEADER_IN_VALUE
12:36:05.977 [qtp1970282393-22] DEBUG wiremock.org.eclipse.jetty.http.HttpParser - HEADER_IN_VALUE --> HEADER
12:36:05.977 [qtp1970282393-22] DEBUG wiremock.org.eclipse.jetty.http.HttpParser - HEADER --> HEADER_VALUE
12:36:05.977 [qtp1970282393-22] DEBUG wiremock.org.eclipse.jetty.http.HttpParser - HEADER_VALUE --> HEADER_IN_VALUE
12:36:05.977 [qtp1970282393-22] DEBUG wiremock.org.eclipse.jetty.http.HttpParser - HEADER_IN_VALUE --> HEADER
12:36:05.978 [qtp1970282393-22] DEBUG wiremock.org.eclipse.jetty.http.HttpParser - HEADER --> HEADER_VALUE
12:36:05.978 [qtp1970282393-22] DEBUG wiremock.org.eclipse.jetty.http.HttpParser - HEADER_VALUE --> HEADER_IN_VALUE
12:36:05.978 [qtp1970282393-22] DEBUG wiremock.org.eclipse.jetty.http.HttpParser - HEADER_IN_VALUE --> HEADER
12:36:05.978 [qtp1970282393-22] DEBUG wiremock.org.eclipse.jetty.http.HttpParser - HEADER --> HEADER_IN_VALUE
12:36:05.978 [qtp1970282393-22] DEBUG wiremock.org.eclipse.jetty.http.HttpParser - HEADER_IN_VALUE --> HEADER
12:36:05.978 [qtp1970282393-22] DEBUG wiremock.org.eclipse.jetty.http.HttpParser - HEADER --> END
12:36:05.978 [qtp1970282393-22] DEBUG wiremock.org.eclipse.jetty.server.HttpChannel - HttpChannelOverHttp@5fb5d172{r=1,c=false,a=IDLE,uri=/users/456} messageComplete
12:36:05.978 [qtp1970282393-22] DEBUG wiremock.org.eclipse.jetty.server.HttpInput - HttpInputOverHTTP@536f9ad5 EOF
12:36:05.979 [qtp1970282393-22] DEBUG wiremock.org.eclipse.jetty.server.HttpChannel - HttpChannelOverHttp@5fb5d172{r=1,c=false,a=IDLE,uri=/users/456} handle enter
12:36:05.979 [qtp1970282393-22 - /users/456] DEBUG wiremock.org.eclipse.jetty.server.HttpChannelState - HttpChannelState@1ab754e0{s=IDLE i=true a=null} handling IDLE
12:36:05.979 [qtp1970282393-22 - /users/456] DEBUG wiremock.org.eclipse.jetty.server.HttpChannel - HttpChannelOverHttp@5fb5d172{r=1,c=false,a=DISPATCHED,uri=/users/456} action REQUEST_DISPATCH
12:36:05.979 [qtp1970282393-22 - /users/456] DEBUG wiremock.org.eclipse.jetty.server.Server - REQUEST GET /users/456 on HttpChannelOverHttp@5fb5d172{r=1,c=false,a=DISPATCHED,uri=/users/456}
12:36:05.979 [qtp1970282393-22 - /users/456] DEBUG wiremock.org.eclipse.jetty.server.handler.ContextHandler - scope null||/users/456 @ w.o.e.j.s.ServletContextHandler@19b0481f{/__admin,null,AVAILABLE}
12:36:05.979 [qtp1970282393-22 - /users/456] DEBUG wiremock.org.eclipse.jetty.server.handler.ContextHandler - scope null||/users/456 @ w.o.e.j.s.ServletContextHandler@4965998d{/,null,AVAILABLE}
12:36:05.979 [qtp1970282393-22 - /users/456] DEBUG wiremock.org.eclipse.jetty.server.handler.ContextHandler - context=||/users/456 @ w.o.e.j.s.ServletContextHandler@4965998d{/,null,AVAILABLE}
12:36:05.979 [qtp1970282393-22 - /users/456] DEBUG wiremock.org.eclipse.jetty.servlet.ServletHandler - servlet |/users/456|null -> com.github.tomakehurst.wiremock.servlet.WireMockHandlerDispatchingServlet-46777ac0@1b3a267==com.github.tomakehurst.wiremock.servlet.WireMockHandlerDispatchingServlet,-1,false
12:36:05.979 [qtp1970282393-22 - /users/456] DEBUG wiremock.org.eclipse.jetty.servlet.ServletHandler - chain=wiremock.org.eclipse.jetty.servlets.GzipFilter-79fd616c->com.github.tomakehurst.wiremock.servlet.WireMockHandlerDispatchingServlet-46777ac0@1b3a267==com.github.tomakehurst.wiremock.servlet.WireMockHandlerDispatchingServlet,-1,false
12:36:05.979 [qtp1970282393-22 - /users/456] DEBUG wiremock.org.eclipse.jetty.servlet.ServletHolder - Servlet.init com.github.tomakehurst.wiremock.servlet.WireMockHandlerDispatchingServlet@5da87ec8 for com.github.tomakehurst.wiremock.servlet.WireMockHandlerDispatchingServlet-46777ac0
12:36:05.979 [qtp1970282393-22 - /users/456] INFO / - RequestHandlerClass from context returned com.github.tomakehurst.wiremock.http.StubRequestHandler. Normalized mapped under returned 'null'
12:36:05.979 [qtp1970282393-22 - /users/456] DEBUG wiremock.org.eclipse.jetty.servlet.ServletHandler - call filter wiremock.org.eclipse.jetty.servlets.GzipFilter-79fd616c
12:36:05.998 [qtp1970282393-22 - /users/456] DEBUG wiremock.org.eclipse.jetty.servlet.ServletHandler - call servlet com.github.tomakehurst.wiremock.servlet.WireMockHandlerDispatchingServlet-46777ac0@1b3a267==com.github.tomakehurst.wiremock.servlet.WireMockHandlerDispatchingServlet,-1,true
12:36:06.063 [qtp1970282393-22 - /users/456] DEBUG wiremock.org.eclipse.jetty.server.HttpInput - HttpInputOverHTTP@536f9ad5 eof EOF
12:36:06.065 [qtp1970282393-22 - /users/456] DEBUG wiremock.org.eclipse.jetty.server.HttpInput - HttpInputOverHTTP@536f9ad5 eof EOF
12:36:06.066 [qtp1970282393-22 - /users/456] DEBUG wiremock.org.eclipse.jetty.server.HttpInput - HttpInputOverHTTP@536f9ad5 eof EOF
12:36:06.086 [qtp1970282393-22 - /users/456] INFO WireMock - Request received:
127.0.0.1 - GET /users/456

User-Agent: [Java/1.8.0_151]
Connection: [keep-alive]
Host: [localhost:10829]
Accept: [application/json, application/*+json]



Matched response definition:
{
  "status" : 404,
  "transformers" : [ "response-template" ]
}

Response:
HTTP/1.1 404
(no headers)



12:36:06.089 [qtp1970282393-22 - /users/456] DEBUG wiremock.org.eclipse.jetty.server.HttpConnection - wiremock.org.eclipse.jetty.server.HttpConnection$SendCallback@2db30856[PROCESSING][i=ResponseInfo{HTTP/1.1 404 null,-1,false},cb=wiremock.org.eclipse.jetty.server.HttpChannel$CommitCallback@31e513b1] generate: NEED_HEADER (null,[p=0,l=0,c=0,r=0],false)@START
12:36:06.090 [qtp1970282393-22 - /users/456] DEBUG wiremock.org.eclipse.jetty.server.HttpConnection - wiremock.org.eclipse.jetty.server.HttpConnection$SendCallback@2db30856[PROCESSING][i=ResponseInfo{HTTP/1.1 404 null,-1,false},cb=wiremock.org.eclipse.jetty.server.HttpChannel$CommitCallback@31e513b1] generate: FLUSH ([p=0,l=85,c=8192,r=85],[p=0,l=0,c=0,r=0],false)@COMMITTED
12:36:06.091 [qtp1970282393-22 - /users/456] DEBUG wiremock.org.eclipse.jetty.io.WriteFlusher - write: WriteFlusher@7a5e73a7{IDLE} [HeapByteBuffer@2d6956a1[p=0,l=85,c=8192,r=85]={<<<HTTP/1.1 404 Not ...z-SNAPSHOT)\r\n\r\n>>>ver: Jetty(9.2.z-...\x00\x00\x00\x00\x00\x00\x00\x00\x00\x00\x00\x00\x00\x00\x00}]
12:36:06.091 [qtp1970282393-22 - /users/456] DEBUG wiremock.org.eclipse.jetty.io.WriteFlusher - update WriteFlusher@7a5e73a7{WRITING}:IDLE-->WRITING
12:36:06.094 [qtp1970282393-22 - /users/456] DEBUG wiremock.org.eclipse.jetty.io.ChannelEndPoint - flushed 85 NetworkTrafficSelectChannelEndPoint@5b8a5edb{/127.0.0.1:36122<->10829,Open,in,out,-,W,116/30000,HttpConnection}{io=0,kio=0,kro=1}
12:36:06.094 [qtp1970282393-22 - /users/456] DEBUG wiremock.org.eclipse.jetty.io.WriteFlusher - update WriteFlusher@7a5e73a7{IDLE}:WRITING-->IDLE
12:36:06.094 [qtp1970282393-22 - /users/456] DEBUG wiremock.org.eclipse.jetty.server.HttpConnection - wiremock.org.eclipse.jetty.server.HttpConnection$SendCallback@2db30856[PROCESSING][i=ResponseInfo{HTTP/1.1 404 null,-1,false},cb=wiremock.org.eclipse.jetty.server.HttpChannel$CommitCallback@31e513b1] generate: DONE ([p=85,l=85,c=8192,r=0],[p=0,l=0,c=0,r=0],false)@COMMITTED
12:36:06.095 [qtp1970282393-22 - /users/456] DEBUG wiremock.org.eclipse.jetty.server.HttpConnection - wiremock.org.eclipse.jetty.server.HttpConnection$SendCallback@2db30856[PROCESSING][i=null,cb=Blocker@3e4b9102{null}] generate: CONTINUE (null,[p=0,l=0,c=0,r=0],true)@COMPLETING
12:36:06.095 [Test worker] DEBUG org.springframework.web.client.RestTemplate - GET request for "http://localhost:10829/users/456" resulted in 404 (Not Found); invoking error handler
12:36:06.095 [qtp1970282393-22 - /users/456] DEBUG wiremock.org.eclipse.jetty.server.HttpConnection - wiremock.org.eclipse.jetty.server.HttpConnection$SendCallback@2db30856[PROCESSING][i=null,cb=Blocker@3e4b9102{null}] generate: NEED_CHUNK (null,[p=0,l=0,c=0,r=0],true)@COMPLETING
12:36:06.096 [qtp1970282393-22 - /users/456] DEBUG wiremock.org.eclipse.jetty.server.HttpConnection - wiremock.org.eclipse.jetty.server.HttpConnection$SendCallback@2db30856[PROCESSING][i=null,cb=Blocker@3e4b9102{null}] generate: FLUSH (null,[p=0,l=0,c=0,r=0],true)@COMPLETING
12:36:06.096 [qtp1970282393-22 - /users/456] DEBUG wiremock.org.eclipse.jetty.io.WriteFlusher - write: WriteFlusher@7a5e73a7{IDLE} [HeapByteBuffer@699c8744[p=0,l=5,c=1024,r=5]={<<<0\r\n\r\n>>>\r\n\x00\x00\x00\x00\x00\x00\x00\x00\x00\x00\x00\x00\x00\x00\x00...\x00\x00\x00\x00\x00\x00\x00\x00\x00\x00\x00\x00\x00\x00\x00}]
12:36:06.096 [qtp1970282393-22 - /users/456] DEBUG wiremock.org.eclipse.jetty.io.WriteFlusher - update WriteFlusher@7a5e73a7{WRITING}:IDLE-->WRITING
12:36:06.096 [qtp1970282393-22 - /users/456] DEBUG wiremock.org.eclipse.jetty.io.ChannelEndPoint - flushed 5 NetworkTrafficSelectChannelEndPoint@5b8a5edb{/127.0.0.1:36122<->10829,Open,in,out,-,W,2/30000,HttpConnection}{io=0,kio=0,kro=1}
12:36:06.096 [qtp1970282393-22 - /users/456] DEBUG wiremock.org.eclipse.jetty.io.WriteFlusher - update WriteFlusher@7a5e73a7{IDLE}:WRITING-->IDLE
12:36:06.097 [qtp1970282393-22 - /users/456] DEBUG wiremock.org.eclipse.jetty.server.HttpConnection - wiremock.org.eclipse.jetty.server.HttpConnection$SendCallback@2db30856[PROCESSING][i=null,cb=Blocker@3e4b9102{null}] generate: DONE (null,[p=0,l=0,c=0,r=0],true)@END
12:36:06.097 [qtp1970282393-22 - /users/456] DEBUG wiremock.org.eclipse.jetty.server.Server - RESPONSE /users/456  404 handled=true
12:36:06.097 [qtp1970282393-22 - /users/456] DEBUG wiremock.org.eclipse.jetty.server.HttpChannelState - HttpChannelState@1ab754e0{s=DISPATCHED i=true a=null} unhandle DISPATCHED
12:36:06.097 [qtp1970282393-22 - /users/456] DEBUG wiremock.org.eclipse.jetty.http.HttpParser - reset HttpParser{s=END,0 of 0}
12:36:06.097 [qtp1970282393-22 - /users/456] DEBUG wiremock.org.eclipse.jetty.http.HttpParser - END --> START
12:36:06.097 [qtp1970282393-22] DEBUG wiremock.org.eclipse.jetty.server.HttpChannel - HttpChannelOverHttp@5fb5d172{r=1,c=false,a=IDLE,uri=} handle exit, result COMPLETE
12:36:06.098 [qtp1970282393-22] DEBUG wiremock.org.eclipse.jetty.io.ChannelEndPoint - filled 0 NetworkTrafficSelectChannelEndPoint@5b8a5edb{/127.0.0.1:36122<->10829,Open,in,out,-,-,1/30000,HttpConnection}{io=0,kio=0,kro=1}
12:36:06.098 [qtp1970282393-22] DEBUG wiremock.org.eclipse.jetty.io.ChannelEndPoint - filled 0 NetworkTrafficSelectChannelEndPoint@5b8a5edb{/127.0.0.1:36122<->10829,Open,in,out,-,-,2/30000,HttpConnection}{io=0,kio=0,kro=1}
12:36:06.098 [qtp1970282393-22] DEBUG wiremock.org.eclipse.jetty.http.HttpParser - parseNext s=START HeapByteBuffer@2d6956a1[p=0,l=0,c=8192,r=0]={<<<>>>HTTP/1.1 404 Not ...\x00\x00\x00\x00\x00\x00\x00\x00\x00\x00\x00\x00\x00\x00\x00}
12:36:06.098 [qtp1970282393-22] DEBUG wiremock.org.eclipse.jetty.io.AbstractConnection - fillInterested HttpConnection@2292601e[FILLING,NetworkTrafficSelectChannelEndPoint@5b8a5edb{/127.0.0.1:36122<->10829,Open,in,out,-,-,2/30000,HttpConnection}{io=0,kio=0,kro=1}][p=HttpParser{s=START,0 of -1},g=HttpGenerator{s=START},c=HttpChannelOverHttp@5fb5d172{r=1,c=false,a=IDLE,uri=}]
12:36:06.099 [qtp1970282393-22] DEBUG wiremock.org.eclipse.jetty.io.AbstractConnection - FILLING-->FILLING_FILL_INTERESTED HttpConnection@2292601e[FILLING_FILL_INTERESTED,NetworkTrafficSelectChannelEndPoint@5b8a5edb{/127.0.0.1:36122<->10829,Open,in,out,-,-,2/30000,HttpConnection}{io=0,kio=0,kro=1}][p=HttpParser{s=START,0 of -1},g=HttpGenerator{s=START},c=HttpChannelOverHttp@5fb5d172{r=1,c=false,a=IDLE,uri=}]
12:36:06.099 [qtp1970282393-22] DEBUG wiremock.org.eclipse.jetty.io.AbstractConnection - FILLING_FILL_INTERESTED-->FILL_INTERESTED HttpConnection@2292601e[FILL_INTERESTED,NetworkTrafficSelectChannelEndPoint@5b8a5edb{/127.0.0.1:36122<->10829,Open,in,out,-,-,3/30000,HttpConnection}{io=0,kio=0,kro=1}][p=HttpParser{s=START,0 of -1},g=HttpGenerator{s=START},c=HttpChannelOverHttp@5fb5d172{r=1,c=false,a=IDLE,uri=}]
12:36:06.099 [qtp1970282393-22] DEBUG wiremock.org.eclipse.jetty.io.SelectChannelEndPoint - Local interests updating 0 -> 1 for NetworkTrafficSelectChannelEndPoint@5b8a5edb{/127.0.0.1:36122<->10829,Open,in,out,R,-,0/30000,HttpConnection}{io=1,kio=0,kro=1}
12:36:06.100 [qtp1970282393-22] DEBUG wiremock.org.eclipse.jetty.io.SelectorManager - Queued change wiremock.org.eclipse.jetty.io.SelectChannelEndPoint$1@2be78e11
12:36:06.100 [qtp1970282393-17-selector-ServerConnectorManager@71465bd2/1] DEBUG wiremock.org.eclipse.jetty.io.SelectorManager - Selector loop woken up from select, 0/1 selected
12:36:06.100 [qtp1970282393-17-selector-ServerConnectorManager@71465bd2/1] DEBUG wiremock.org.eclipse.jetty.io.SelectorManager - Running change wiremock.org.eclipse.jetty.io.SelectChannelEndPoint$1@2be78e11
12:36:06.100 [qtp1970282393-17-selector-ServerConnectorManager@71465bd2/1] DEBUG wiremock.org.eclipse.jetty.io.SelectChannelEndPoint - Key interests updated 0 -> 1 on NetworkTrafficSelectChannelEndPoint@5b8a5edb{/127.0.0.1:36122<->10829,Open,in,out,R,-,1/30000,HttpConnection}{io=1,kio=1,kro=1}
12:36:06.100 [qtp1970282393-17-selector-ServerConnectorManager@71465bd2/1] DEBUG wiremock.org.eclipse.jetty.io.SelectorManager - Selector loop waiting on select
12:36:06.123 [Test worker] DEBUG org.springframework.web.client.RestTemplate - Created GET request for "http://localhost:10829/users/123"
12:36:06.125 [Test worker] DEBUG org.springframework.web.client.RestTemplate - Setting request Accept header to [application/json, application/*+json]
12:36:06.126 [qtp1970282393-17-selector-ServerConnectorManager@71465bd2/1] DEBUG wiremock.org.eclipse.jetty.io.SelectorManager - Selector loop woken up from select, 1/1 selected
12:36:06.126 [qtp1970282393-17-selector-ServerConnectorManager@71465bd2/1] DEBUG wiremock.org.eclipse.jetty.io.SelectChannelEndPoint - Key interests updated 1 -> 0 on NetworkTrafficSelectChannelEndPoint@5b8a5edb{/127.0.0.1:36122<->10829,Open,in,out,R,-,27/30000,HttpConnection}{io=1,kio=0,kro=1}
12:36:06.127 [qtp1970282393-17-selector-ServerConnectorManager@71465bd2/1] DEBUG wiremock.org.eclipse.jetty.io.SelectChannelEndPoint - Local interests updating 1 -> 0 for NetworkTrafficSelectChannelEndPoint@5b8a5edb{/127.0.0.1:36122<->10829,Open,in,out,R,-,27/30000,HttpConnection}{io=0,kio=0,kro=1}
12:36:06.127 [qtp1970282393-17-selector-ServerConnectorManager@71465bd2/1] DEBUG wiremock.org.eclipse.jetty.io.SelectorManager - Queued change wiremock.org.eclipse.jetty.io.SelectChannelEndPoint$1@2be78e11
12:36:06.127 [qtp1970282393-17-selector-ServerConnectorManager@71465bd2/1] DEBUG wiremock.org.eclipse.jetty.io.AbstractConnection - FILL_INTERESTED-->FILLING HttpConnection@2292601e[FILLING,NetworkTrafficSelectChannelEndPoint@5b8a5edb{/127.0.0.1:36122<->10829,Open,in,out,-,-,28/30000,HttpConnection}{io=0,kio=0,kro=1}][p=HttpParser{s=START,0 of -1},g=HttpGenerator{s=START},c=HttpChannelOverHttp@5fb5d172{r=1,c=false,a=IDLE,uri=}]
12:36:06.127 [qtp1970282393-17-selector-ServerConnectorManager@71465bd2/1] DEBUG wiremock.org.eclipse.jetty.io.SelectorManager - Running change wiremock.org.eclipse.jetty.io.SelectChannelEndPoint$1@2be78e11
12:36:06.127 [qtp1970282393-17-selector-ServerConnectorManager@71465bd2/1] DEBUG wiremock.org.eclipse.jetty.io.SelectorManager - Selector loop waiting on select
12:36:06.128 [qtp1970282393-19] DEBUG wiremock.org.eclipse.jetty.server.HttpConnection - HttpConnection@2292601e[FILLING,NetworkTrafficSelectChannelEndPoint@5b8a5edb{/127.0.0.1:36122<->10829,Open,in,out,-,-,29/30000,HttpConnection}{io=0,kio=0,kro=1}][p=HttpParser{s=START,0 of -1},g=HttpGenerator{s=START},c=HttpChannelOverHttp@5fb5d172{r=1,c=false,a=IDLE,uri=}] onFillable HttpChannelState@1ab754e0{s=IDLE i=true a=null}
12:36:06.128 [qtp1970282393-19] DEBUG wiremock.org.eclipse.jetty.io.ChannelEndPoint - filled 148 NetworkTrafficSelectChannelEndPoint@5b8a5edb{/127.0.0.1:36122<->10829,Open,in,out,-,-,29/30000,HttpConnection}{io=0,kio=0,kro=1}
12:36:06.128 [qtp1970282393-19] DEBUG wiremock.org.eclipse.jetty.http.HttpParser - parseNext s=START HeapByteBuffer@88bcc3b[p=0,l=148,c=8192,r=148]={<<<GET /users/123 HT... keep-alive\r\n\r\n>>>gent: Apache-Http...\x00\x00\x00\x00\x00\x00\x00\x00\x00\x00\x00\x00\x00\x00\x00}
12:36:06.129 [qtp1970282393-19] DEBUG wiremock.org.eclipse.jetty.http.HttpParser - START --> SPACE1
12:36:06.129 [qtp1970282393-19] DEBUG wiremock.org.eclipse.jetty.http.HttpParser - SPACE1 --> URI
12:36:06.129 [qtp1970282393-19] DEBUG wiremock.org.eclipse.jetty.http.HttpParser - URI --> SPACE2
12:36:06.129 [qtp1970282393-19] DEBUG wiremock.org.eclipse.jetty.http.HttpParser - SPACE2 --> REQUEST_VERSION
12:36:06.129 [qtp1970282393-19] DEBUG wiremock.org.eclipse.jetty.http.HttpParser - REQUEST_VERSION --> HEADER
12:36:06.129 [qtp1970282393-19] DEBUG wiremock.org.eclipse.jetty.http.HttpParser - HEADER --> HEADER_IN_VALUE
12:36:06.129 [qtp1970282393-19] DEBUG wiremock.org.eclipse.jetty.http.HttpParser - HEADER_IN_VALUE --> HEADER
12:36:06.129 [qtp1970282393-19] DEBUG wiremock.org.eclipse.jetty.http.HttpParser - HEADER --> HEADER_IN_VALUE
12:36:06.129 [qtp1970282393-19] DEBUG wiremock.org.eclipse.jetty.http.HttpParser - HEADER_IN_VALUE --> HEADER
12:36:06.129 [qtp1970282393-19] DEBUG wiremock.org.eclipse.jetty.http.HttpParser - HEADER --> HEADER_IN_VALUE
12:36:06.129 [qtp1970282393-19] DEBUG wiremock.org.eclipse.jetty.http.HttpParser - HEADER_IN_VALUE --> HEADER
12:36:06.129 [qtp1970282393-19] DEBUG wiremock.org.eclipse.jetty.http.HttpParser - HEADER --> HEADER_IN_VALUE
12:36:06.129 [qtp1970282393-19] DEBUG wiremock.org.eclipse.jetty.http.HttpParser - HEADER_IN_VALUE --> HEADER
12:36:06.129 [qtp1970282393-19] DEBUG wiremock.org.eclipse.jetty.http.HttpParser - HEADER --> END
12:36:06.129 [qtp1970282393-19] DEBUG wiremock.org.eclipse.jetty.server.HttpChannel - HttpChannelOverHttp@5fb5d172{r=2,c=false,a=IDLE,uri=/users/123} messageComplete
12:36:06.129 [qtp1970282393-19] DEBUG wiremock.org.eclipse.jetty.server.HttpInput - HttpInputOverHTTP@536f9ad5 EOF
12:36:06.129 [qtp1970282393-19] DEBUG wiremock.org.eclipse.jetty.server.HttpChannel - HttpChannelOverHttp@5fb5d172{r=2,c=false,a=IDLE,uri=/users/123} handle enter
12:36:06.129 [qtp1970282393-19 - /users/123] DEBUG wiremock.org.eclipse.jetty.server.HttpChannelState - HttpChannelState@1ab754e0{s=IDLE i=true a=null} handling IDLE
12:36:06.129 [qtp1970282393-19 - /users/123] DEBUG wiremock.org.eclipse.jetty.server.HttpChannel - HttpChannelOverHttp@5fb5d172{r=2,c=false,a=DISPATCHED,uri=/users/123} action REQUEST_DISPATCH
12:36:06.129 [qtp1970282393-19 - /users/123] DEBUG wiremock.org.eclipse.jetty.server.Server - REQUEST GET /users/123 on HttpChannelOverHttp@5fb5d172{r=2,c=false,a=DISPATCHED,uri=/users/123}
12:36:06.130 [qtp1970282393-19 - /users/123] DEBUG wiremock.org.eclipse.jetty.server.handler.ContextHandler - scope null||/users/123 @ w.o.e.j.s.ServletContextHandler@19b0481f{/__admin,null,AVAILABLE}
12:36:06.130 [qtp1970282393-19 - /users/123] DEBUG wiremock.org.eclipse.jetty.server.handler.ContextHandler - scope null||/users/123 @ w.o.e.j.s.ServletContextHandler@4965998d{/,null,AVAILABLE}
12:36:06.130 [qtp1970282393-19 - /users/123] DEBUG wiremock.org.eclipse.jetty.server.handler.ContextHandler - context=||/users/123 @ w.o.e.j.s.ServletContextHandler@4965998d{/,null,AVAILABLE}
12:36:06.130 [qtp1970282393-19 - /users/123] DEBUG wiremock.org.eclipse.jetty.servlet.ServletHandler - servlet |/users/123|null -> com.github.tomakehurst.wiremock.servlet.WireMockHandlerDispatchingServlet-46777ac0@1b3a267==com.github.tomakehurst.wiremock.servlet.WireMockHandlerDispatchingServlet,-1,true
12:36:06.130 [qtp1970282393-19 - /users/123] DEBUG wiremock.org.eclipse.jetty.servlet.ServletHandler - chain=wiremock.org.eclipse.jetty.servlets.GzipFilter-79fd616c->com.github.tomakehurst.wiremock.servlet.WireMockHandlerDispatchingServlet-46777ac0@1b3a267==com.github.tomakehurst.wiremock.servlet.WireMockHandlerDispatchingServlet,-1,true
12:36:06.130 [qtp1970282393-19 - /users/123] DEBUG wiremock.org.eclipse.jetty.servlet.ServletHandler - call filter wiremock.org.eclipse.jetty.servlets.GzipFilter-79fd616c
12:36:06.130 [qtp1970282393-19 - /users/123] DEBUG wiremock.org.eclipse.jetty.servlet.ServletHandler - call servlet com.github.tomakehurst.wiremock.servlet.WireMockHandlerDispatchingServlet-46777ac0@1b3a267==com.github.tomakehurst.wiremock.servlet.WireMockHandlerDispatchingServlet,-1,true
12:36:06.131 [qtp1970282393-19 - /users/123] DEBUG wiremock.org.eclipse.jetty.server.HttpInput - HttpInputOverHTTP@536f9ad5 eof EOF
12:36:06.131 [qtp1970282393-19 - /users/123] DEBUG wiremock.org.eclipse.jetty.server.HttpInput - HttpInputOverHTTP@536f9ad5 eof EOF
12:36:06.131 [qtp1970282393-19 - /users/123] DEBUG wiremock.org.eclipse.jetty.server.HttpInput - HttpInputOverHTTP@536f9ad5 eof EOF
12:36:06.148 [qtp1970282393-19 - /users/123] DEBUG wiremock.com.github.jknack.handlebars.internal.HbsParserFactory - About to parse: inline@72a2f53a
12:36:06.226 [qtp1970282393-19 - /users/123] DEBUG wiremock.com.github.jknack.handlebars.internal.HbsParserFactory - Building AST
12:36:06.239 [qtp1970282393-19 - /users/123] DEBUG wiremock.com.github.jknack.handlebars.internal.HbsParserFactory - Creating templates
12:36:06.380 [qtp1970282393-15-selector-ServerConnectorManager@71465bd2/0] DEBUG wiremock.org.eclipse.jetty.io.SelectorManager - Selector loop woken up from select, 1/1 selected
12:36:06.381 [qtp1970282393-15-selector-ServerConnectorManager@71465bd2/0] DEBUG wiremock.org.eclipse.jetty.io.SelectChannelEndPoint - Key interests updated 1 -> 0 on NetworkTrafficSelectChannelEndPoint@246cb02e{/127.0.0.1:36120<->10829,Open,in,out,R,-,600/30000,HttpConnection}{io=1,kio=0,kro=1}
12:36:06.381 [qtp1970282393-15-selector-ServerConnectorManager@71465bd2/0] DEBUG wiremock.org.eclipse.jetty.io.SelectChannelEndPoint - Local interests updating 1 -> 0 for NetworkTrafficSelectChannelEndPoint@246cb02e{/127.0.0.1:36120<->10829,Open,in,out,R,-,600/30000,HttpConnection}{io=0,kio=0,kro=1}
12:36:06.381 [qtp1970282393-15-selector-ServerConnectorManager@71465bd2/0] DEBUG wiremock.org.eclipse.jetty.io.SelectorManager - Queued change wiremock.org.eclipse.jetty.io.SelectChannelEndPoint$1@694bd2d4
12:36:06.381 [qtp1970282393-15-selector-ServerConnectorManager@71465bd2/0] DEBUG wiremock.org.eclipse.jetty.io.AbstractConnection - FILL_INTERESTED-->FILLING HttpConnection@17963f1[FILLING,NetworkTrafficSelectChannelEndPoint@246cb02e{/127.0.0.1:36120<->10829,Open,in,out,-,-,600/30000,HttpConnection}{io=0,kio=0,kro=1}][p=HttpParser{s=START,0 of -1},g=HttpGenerator{s=START},c=HttpChannelOverHttp@2f8f4aeb{r=6,c=false,a=IDLE,uri=}]
12:36:06.381 [qtp1970282393-15-selector-ServerConnectorManager@71465bd2/0] DEBUG wiremock.org.eclipse.jetty.io.SelectorManager - Running change wiremock.org.eclipse.jetty.io.SelectChannelEndPoint$1@694bd2d4
12:36:06.381 [qtp1970282393-15-selector-ServerConnectorManager@71465bd2/0] DEBUG wiremock.org.eclipse.jetty.io.SelectorManager - Selector loop waiting on select
12:36:06.382 [qtp1970282393-20] DEBUG wiremock.org.eclipse.jetty.server.HttpConnection - HttpConnection@17963f1[FILLING,NetworkTrafficSelectChannelEndPoint@246cb02e{/127.0.0.1:36120<->10829,Open,in,out,-,-,601/30000,HttpConnection}{io=0,kio=0,kro=1}][p=HttpParser{s=START,0 of -1},g=HttpGenerator{s=START},c=HttpChannelOverHttp@2f8f4aeb{r=6,c=false,a=IDLE,uri=}] onFillable HttpChannelState@3f27305c{s=IDLE i=true a=null}
12:36:06.382 [qtp1970282393-20] DEBUG wiremock.org.eclipse.jetty.io.ChannelEndPoint - filled -1 NetworkTrafficSelectChannelEndPoint@246cb02e{/127.0.0.1:36120<->10829,Open,in,out,-,-,601/30000,HttpConnection}{io=0,kio=0,kro=1}
12:36:06.382 [qtp1970282393-20] DEBUG wiremock.org.eclipse.jetty.io.ChannelEndPoint - ishut NetworkTrafficSelectChannelEndPoint@246cb02e{/127.0.0.1:36120<->10829,Open,in,out,-,-,601/30000,HttpConnection}{io=0,kio=0,kro=1}
12:36:06.382 [qtp1970282393-20] DEBUG wiremock.org.eclipse.jetty.http.HttpParser - atEOF HttpParser{s=START,0 of -1}
12:36:06.384 [qtp1970282393-20] DEBUG wiremock.org.eclipse.jetty.http.HttpParser - parseNext s=START HeapByteBuffer@2d6956a1[p=0,l=0,c=8192,r=0]={<<<>>>HTTP/1.1 404 Not ...\x00\x00\x00\x00\x00\x00\x00\x00\x00\x00\x00\x00\x00\x00\x00}
12:36:06.384 [qtp1970282393-20] DEBUG wiremock.org.eclipse.jetty.http.HttpParser - START --> CLOSED
12:36:06.384 [qtp1970282393-20] DEBUG wiremock.org.eclipse.jetty.io.AbstractEndPoint - onClose NetworkTrafficSelectChannelEndPoint@246cb02e{/127.0.0.1:36120<->10829,CLOSED,ISHUT,out,-,-,603/30000,HttpConnection}{io=0,kio=0,kro=1}
12:36:06.385 [qtp1970282393-20] DEBUG wiremock.org.eclipse.jetty.io.ChannelEndPoint - close NetworkTrafficSelectChannelEndPoint@246cb02e{/127.0.0.1:36120<->10829,CLOSED,ISHUT,out,-,-,603/30000,HttpConnection}{io=0,kio=0,kro=1}
12:36:06.385 [qtp1970282393-20] DEBUG wiremock.org.eclipse.jetty.io.SelectorManager - Destroyed NetworkTrafficSelectChannelEndPoint@246cb02e{/127.0.0.1:36120<->10829,CLOSED,ISHUT,OSHUT,-,-,604/30000,HttpConnection}{io=0,kio=-1,kro=-1}
12:36:06.386 [qtp1970282393-20] DEBUG wiremock.org.eclipse.jetty.io.AbstractConnection - onClose HttpConnection@17963f1[FILLING,NetworkTrafficSelectChannelEndPoint@246cb02e{/127.0.0.1:36120<->10829,CLOSED,ISHUT,OSHUT,-,-,605/30000,HttpConnection}{io=0,kio=-1,kro=-1}][p=HttpParser{s=CLOSED,0 of -1},g=HttpGenerator{s=START},c=HttpChannelOverHttp@2f8f4aeb{r=6,c=false,a=IDLE,uri=}]
12:36:06.386 [qtp1970282393-20] DEBUG wiremock.org.eclipse.jetty.io.AbstractEndPoint - onClose NetworkTrafficSelectChannelEndPoint@246cb02e{/127.0.0.1:36120<->10829,CLOSED,ISHUT,OSHUT,-,-,605/30000,HttpConnection}{io=0,kio=-1,kro=-1}
12:36:06.387 [qtp1970282393-20] DEBUG wiremock.org.eclipse.jetty.io.AbstractConnection - FILLING-->IDLE HttpConnection@17963f1[IDLE,NetworkTrafficSelectChannelEndPoint@246cb02e{/127.0.0.1:36120<->10829,CLOSED,ISHUT,OSHUT,-,-,605/30000,HttpConnection}{io=0,kio=-1,kro=-1}][p=HttpParser{s=CLOSED,0 of -1},g=HttpGenerator{s=START},c=HttpChannelOverHttp@2f8f4aeb{r=6,c=false,a=IDLE,uri=}]
12:36:06.399 [qtp1970282393-19 - /users/123] DEBUG wiremock.com.github.jknack.handlebars.internal.HbsParserFactory - About to parse: inline@29cf5b9
12:36:06.399 [qtp1970282393-19 - /users/123] DEBUG wiremock.com.github.jknack.handlebars.internal.HbsParserFactory - Building AST
12:36:06.400 [qtp1970282393-19 - /users/123] DEBUG wiremock.com.github.jknack.handlebars.internal.HbsParserFactory - Creating templates
12:36:06.403 [qtp1970282393-19 - /users/123] INFO WireMock - Request received:
127.0.0.1 - GET /users/123

User-Agent: [Java/1.8.0_151]
Connection: [keep-alive]
Host: [localhost:10829]
Accept: [application/json, application/*+json]



Matched response definition:
{
  "status" : 200,
  "body" : "{\"name\":\"Kowalski\"}",
  "headers" : {
    "Content-Type" : "application/json"
  },
  "transformers" : [ "response-template" ]
}

Response:
HTTP/1.1 200
Content-Type: [application/json]

{"name":"Kowalski"}

12:36:06.407 [qtp1970282393-19 - /users/123] DEBUG wiremock.org.eclipse.jetty.server.HttpConnection - wiremock.org.eclipse.jetty.server.HttpConnection$SendCallback@2db30856[PROCESSING][i=ResponseInfo{HTTP/1.1 200 null,-1,false},cb=wiremock.org.eclipse.jetty.server.HttpChannel$CommitCallback@11a89f71] generate: NEED_HEADER (null,[p=0,l=19,c=32768,r=19],false)@START
12:36:06.407 [qtp1970282393-19 - /users/123] DEBUG wiremock.org.eclipse.jetty.server.HttpConnection - wiremock.org.eclipse.jetty.server.HttpConnection$SendCallback@2db30856[PROCESSING][i=ResponseInfo{HTTP/1.1 200 null,-1,false},cb=wiremock.org.eclipse.jetty.server.HttpChannel$CommitCallback@11a89f71] generate: FLUSH ([p=0,l=149,c=8192,r=149],[p=0,l=19,c=32768,r=19],false)@COMMITTED
12:36:06.407 [qtp1970282393-19 - /users/123] DEBUG wiremock.org.eclipse.jetty.io.WriteFlusher - write: WriteFlusher@7a5e73a7{IDLE} [HeapByteBuffer@2d6956a1[p=0,l=149,c=8192,r=149]={<<<HTTP/1.1 200 OK\r\n...APSHOT)\r\n\r\n13\r\n>>>ent: Apache-HttpC...\x00\x00\x00\x00\x00\x00\x00\x00\x00\x00\x00\x00\x00\x00\x00},HeapByteBuffer@18d7497[p=0,l=19,c=32768,r=19]={<<<{"name":"Kowalski"}>>>a-cd3a-41de-a16a-...\x00\x00\x00\x00\x00\x00\x00\x00\x00\x00\x00\x00\x00\x00\x00}]
12:36:06.407 [qtp1970282393-19 - /users/123] DEBUG wiremock.org.eclipse.jetty.io.WriteFlusher - update WriteFlusher@7a5e73a7{WRITING}:IDLE-->WRITING
12:36:06.408 [Test worker] DEBUG org.springframework.web.client.RestTemplate - GET request for "http://localhost:10829/users/123" resulted in 200 (OK)
12:36:06.408 [qtp1970282393-19 - /users/123] DEBUG wiremock.org.eclipse.jetty.io.ChannelEndPoint - flushed 149 NetworkTrafficSelectChannelEndPoint@5b8a5edb{/127.0.0.1:36122<->10829,Open,in,out,-,W,280/30000,HttpConnection}{io=0,kio=0,kro=1}
12:36:06.408 [qtp1970282393-19 - /users/123] DEBUG wiremock.org.eclipse.jetty.io.ChannelEndPoint - flushed 19 NetworkTrafficSelectChannelEndPoint@5b8a5edb{/127.0.0.1:36122<->10829,Open,in,out,-,W,0/30000,HttpConnection}{io=0,kio=0,kro=1}
12:36:06.409 [qtp1970282393-19 - /users/123] DEBUG wiremock.org.eclipse.jetty.io.WriteFlusher - update WriteFlusher@7a5e73a7{IDLE}:WRITING-->IDLE
12:36:06.409 [qtp1970282393-19 - /users/123] DEBUG wiremock.org.eclipse.jetty.server.HttpConnection - wiremock.org.eclipse.jetty.server.HttpConnection$SendCallback@2db30856[PROCESSING][i=ResponseInfo{HTTP/1.1 200 null,-1,false},cb=wiremock.org.eclipse.jetty.server.HttpChannel$CommitCallback@11a89f71] generate: DONE ([p=149,l=149,c=8192,r=0],[p=19,l=19,c=32768,r=0],false)@COMMITTED
12:36:06.409 [Test worker] DEBUG org.springframework.web.client.RestTemplate - Reading [class pl.jerckov.cdc.crm.services.UserResponse] as "application/json" using [org.springframework.http.converter.json.MappingJackson2HttpMessageConverter@791c1b55]
12:36:06.411 [qtp1970282393-19 - /users/123] DEBUG wiremock.org.eclipse.jetty.server.HttpConnection - wiremock.org.eclipse.jetty.server.HttpConnection$SendCallback@2db30856[PROCESSING][i=null,cb=Blocker@3e4b9102{null}] generate: CONTINUE (null,[p=0,l=0,c=0,r=0],true)@COMPLETING
12:36:06.412 [qtp1970282393-19 - /users/123] DEBUG wiremock.org.eclipse.jetty.server.HttpConnection - wiremock.org.eclipse.jetty.server.HttpConnection$SendCallback@2db30856[PROCESSING][i=null,cb=Blocker@3e4b9102{null}] generate: NEED_CHUNK (null,[p=0,l=0,c=0,r=0],true)@COMPLETING
12:36:06.412 [qtp1970282393-19 - /users/123] DEBUG wiremock.org.eclipse.jetty.server.HttpConnection - wiremock.org.eclipse.jetty.server.HttpConnection$SendCallback@2db30856[PROCESSING][i=null,cb=Blocker@3e4b9102{null}] generate: FLUSH (null,[p=0,l=0,c=0,r=0],true)@COMPLETING
12:36:06.414 [qtp1970282393-19 - /users/123] DEBUG wiremock.org.eclipse.jetty.io.WriteFlusher - write: WriteFlusher@7a5e73a7{IDLE} [HeapByteBuffer@699c8744[p=0,l=7,c=1024,r=7]={<<<\r\n0\r\n\r\n>>>\x00\x00\x00\x00\x00\x00\x00\x00\x00\x00\x00\x00\x00\x00\x00\x00\x00...\x00\x00\x00\x00\x00\x00\x00\x00\x00\x00\x00\x00\x00\x00\x00}]
12:36:06.415 [qtp1970282393-19 - /users/123] DEBUG wiremock.org.eclipse.jetty.io.WriteFlusher - update WriteFlusher@7a5e73a7{WRITING}:IDLE-->WRITING
12:36:06.415 [qtp1970282393-19 - /users/123] DEBUG wiremock.org.eclipse.jetty.io.ChannelEndPoint - flushed 7 NetworkTrafficSelectChannelEndPoint@5b8a5edb{/127.0.0.1:36122<->10829,Open,in,out,-,W,6/30000,HttpConnection}{io=0,kio=0,kro=1}
12:36:06.415 [qtp1970282393-19 - /users/123] DEBUG wiremock.org.eclipse.jetty.io.WriteFlusher - update WriteFlusher@7a5e73a7{IDLE}:WRITING-->IDLE
12:36:06.416 [qtp1970282393-19 - /users/123] DEBUG wiremock.org.eclipse.jetty.server.HttpConnection - wiremock.org.eclipse.jetty.server.HttpConnection$SendCallback@2db30856[PROCESSING][i=null,cb=Blocker@3e4b9102{null}] generate: DONE (null,[p=0,l=0,c=0,r=0],true)@END
12:36:06.416 [qtp1970282393-19 - /users/123] DEBUG wiremock.org.eclipse.jetty.server.Server - RESPONSE /users/123  200 handled=true
12:36:06.417 [qtp1970282393-19 - /users/123] DEBUG wiremock.org.eclipse.jetty.server.HttpChannelState - HttpChannelState@1ab754e0{s=DISPATCHED i=true a=null} unhandle DISPATCHED
12:36:06.417 [qtp1970282393-19 - /users/123] DEBUG wiremock.org.eclipse.jetty.http.HttpParser - reset HttpParser{s=END,0 of -1}
12:36:06.417 [qtp1970282393-19 - /users/123] DEBUG wiremock.org.eclipse.jetty.http.HttpParser - END --> START
12:36:06.417 [qtp1970282393-19] DEBUG wiremock.org.eclipse.jetty.server.HttpChannel - HttpChannelOverHttp@5fb5d172{r=2,c=false,a=IDLE,uri=} handle exit, result COMPLETE
12:36:06.419 [qtp1970282393-19] DEBUG wiremock.org.eclipse.jetty.io.ChannelEndPoint - filled 0 NetworkTrafficSelectChannelEndPoint@5b8a5edb{/127.0.0.1:36122<->10829,Open,in,out,-,-,4/30000,HttpConnection}{io=0,kio=0,kro=1}
12:36:06.420 [qtp1970282393-19] DEBUG wiremock.org.eclipse.jetty.io.ChannelEndPoint - filled 0 NetworkTrafficSelectChannelEndPoint@5b8a5edb{/127.0.0.1:36122<->10829,Open,in,out,-,-,5/30000,HttpConnection}{io=0,kio=0,kro=1}
12:36:06.420 [qtp1970282393-19] DEBUG wiremock.org.eclipse.jetty.http.HttpParser - parseNext s=START HeapByteBuffer@2d6956a1[p=0,l=0,c=8192,r=0]={<<<>>>HTTP/1.1 200 OK\r\n...\x00\x00\x00\x00\x00\x00\x00\x00\x00\x00\x00\x00\x00\x00\x00}
12:36:06.421 [qtp1970282393-19] DEBUG wiremock.org.eclipse.jetty.io.AbstractConnection - fillInterested HttpConnection@2292601e[FILLING,NetworkTrafficSelectChannelEndPoint@5b8a5edb{/127.0.0.1:36122<->10829,Open,in,out,-,-,5/30000,HttpConnection}{io=0,kio=0,kro=1}][p=HttpParser{s=START,0 of -1},g=HttpGenerator{s=START},c=HttpChannelOverHttp@5fb5d172{r=2,c=false,a=IDLE,uri=}]
12:36:06.421 [qtp1970282393-19] DEBUG wiremock.org.eclipse.jetty.io.AbstractConnection - FILLING-->FILLING_FILL_INTERESTED HttpConnection@2292601e[FILLING_FILL_INTERESTED,NetworkTrafficSelectChannelEndPoint@5b8a5edb{/127.0.0.1:36122<->10829,Open,in,out,-,-,6/30000,HttpConnection}{io=0,kio=0,kro=1}][p=HttpParser{s=START,0 of -1},g=HttpGenerator{s=START},c=HttpChannelOverHttp@5fb5d172{r=2,c=false,a=IDLE,uri=}]
12:36:06.421 [qtp1970282393-19] DEBUG wiremock.org.eclipse.jetty.io.AbstractConnection - FILLING_FILL_INTERESTED-->FILL_INTERESTED HttpConnection@2292601e[FILL_INTERESTED,NetworkTrafficSelectChannelEndPoint@5b8a5edb{/127.0.0.1:36122<->10829,Open,in,out,-,-,6/30000,HttpConnection}{io=0,kio=0,kro=1}][p=HttpParser{s=START,0 of -1},g=HttpGenerator{s=START},c=HttpChannelOverHttp@5fb5d172{r=2,c=false,a=IDLE,uri=}]
12:36:06.422 [qtp1970282393-19] DEBUG wiremock.org.eclipse.jetty.io.SelectChannelEndPoint - Local interests updating 0 -> 1 for NetworkTrafficSelectChannelEndPoint@5b8a5edb{/127.0.0.1:36122<->10829,Open,in,out,R,-,0/30000,HttpConnection}{io=1,kio=0,kro=1}
12:36:06.422 [qtp1970282393-19] DEBUG wiremock.org.eclipse.jetty.io.SelectorManager - Queued change wiremock.org.eclipse.jetty.io.SelectChannelEndPoint$1@2be78e11
12:36:06.422 [qtp1970282393-17-selector-ServerConnectorManager@71465bd2/1] DEBUG wiremock.org.eclipse.jetty.io.SelectorManager - Selector loop woken up from select, 0/1 selected
12:36:06.422 [qtp1970282393-17-selector-ServerConnectorManager@71465bd2/1] DEBUG wiremock.org.eclipse.jetty.io.SelectorManager - Running change wiremock.org.eclipse.jetty.io.SelectChannelEndPoint$1@2be78e11
12:36:06.422 [qtp1970282393-17-selector-ServerConnectorManager@71465bd2/1] DEBUG wiremock.org.eclipse.jetty.io.SelectChannelEndPoint - Key interests updated 0 -> 1 on NetworkTrafficSelectChannelEndPoint@5b8a5edb{/127.0.0.1:36122<->10829,Open,in,out,R,-,1/30000,HttpConnection}{io=1,kio=1,kro=1}
12:36:06.422 [qtp1970282393-17-selector-ServerConnectorManager@71465bd2/1] DEBUG wiremock.org.eclipse.jetty.io.SelectorManager - Selector loop waiting on select
12:36:06.447 [Test worker] DEBUG wiremock.org.eclipse.jetty.util.component.AbstractLifeCycle - stopping wiremock.org.eclipse.jetty.server.Server@77fd386a
12:36:06.449 [Test worker] DEBUG wiremock.org.eclipse.jetty.util.component.AbstractLifeCycle - stopping NetworkTrafficServerConnector@48c99580{HTTP/1.1}{0.0.0.0:10829}
12:36:06.450 [Test worker] DEBUG wiremock.org.eclipse.jetty.util.component.AbstractLifeCycle - stopping wiremock.org.eclipse.jetty.server.ServerConnector$ServerConnectorManager@71465bd2
12:36:06.450 [Test worker] DEBUG wiremock.org.eclipse.jetty.util.component.AbstractLifeCycle - stopping wiremock.org.eclipse.jetty.io.SelectorManager$ManagedSelector@5a63532c keys=1 selected=0
12:36:06.450 [Test worker] DEBUG wiremock.org.eclipse.jetty.io.SelectorManager - Stopping wiremock.org.eclipse.jetty.io.SelectorManager$ManagedSelector@5a63532c keys=1 selected=0
12:36:06.451 [Test worker] DEBUG wiremock.org.eclipse.jetty.io.SelectorManager - Queued change wiremock.org.eclipse.jetty.io.SelectorManager$ManagedSelector$Stop@62d39b1e
12:36:06.451 [qtp1970282393-15-selector-ServerConnectorManager@71465bd2/0] DEBUG wiremock.org.eclipse.jetty.io.SelectorManager - Selector loop woken up from select, 0/0 selected
12:36:06.451 [qtp1970282393-15-selector-ServerConnectorManager@71465bd2/0] DEBUG wiremock.org.eclipse.jetty.io.SelectorManager - Running change wiremock.org.eclipse.jetty.io.SelectorManager$ManagedSelector$Stop@62d39b1e
12:36:06.452 [Test worker] DEBUG wiremock.org.eclipse.jetty.io.SelectorManager - Stopped wiremock.org.eclipse.jetty.io.SelectorManager$ManagedSelector@5a63532c keys=-1 selected=-1
12:36:06.452 [qtp1970282393-15-selector-ServerConnectorManager@71465bd2/0] DEBUG wiremock.org.eclipse.jetty.io.SelectorManager - Stopped Thread[qtp1970282393-15-selector-ServerConnectorManager@71465bd2/0,5,main] on wiremock.org.eclipse.jetty.io.SelectorManager$ManagedSelector@5a63532c keys=-1 selected=-1
12:36:06.452 [Test worker] DEBUG wiremock.org.eclipse.jetty.util.component.AbstractLifeCycle - STOPPED wiremock.org.eclipse.jetty.io.SelectorManager$ManagedSelector@5a63532c keys=-1 selected=-1
12:36:06.452 [Test worker] DEBUG wiremock.org.eclipse.jetty.util.component.AbstractLifeCycle - stopping wiremock.org.eclipse.jetty.io.SelectorManager$ManagedSelector@2fbed8f4 keys=1 selected=0
12:36:06.452 [Test worker] DEBUG wiremock.org.eclipse.jetty.io.SelectorManager - Stopping wiremock.org.eclipse.jetty.io.SelectorManager$ManagedSelector@2fbed8f4 keys=1 selected=0
12:36:06.452 [Test worker] DEBUG wiremock.org.eclipse.jetty.io.SelectorManager - Queued change wiremock.org.eclipse.jetty.io.SelectorManager$ManagedSelector$Stop@6b942352
12:36:06.452 [qtp1970282393-17-selector-ServerConnectorManager@71465bd2/1] DEBUG wiremock.org.eclipse.jetty.io.SelectorManager - Selector loop woken up from select, 0/1 selected
12:36:06.452 [qtp1970282393-17-selector-ServerConnectorManager@71465bd2/1] DEBUG wiremock.org.eclipse.jetty.io.SelectorManager - Running change wiremock.org.eclipse.jetty.io.SelectorManager$ManagedSelector$Stop@6b942352
12:36:06.453 [qtp1970282393-21] DEBUG wiremock.org.eclipse.jetty.io.AbstractEndPoint - onClose NetworkTrafficSelectChannelEndPoint@5b8a5edb{/127.0.0.1:36122<->10829,CLOSED,in,out,R,-,32/30000,HttpConnection}{io=1,kio=1,kro=1}
12:36:06.454 [qtp1970282393-21] DEBUG wiremock.org.eclipse.jetty.io.ChannelEndPoint - close NetworkTrafficSelectChannelEndPoint@5b8a5edb{/127.0.0.1:36122<->10829,CLOSED,in,out,-,-,33/30000,HttpConnection}{io=1,kio=1,kro=1}
12:36:06.454 [qtp1970282393-22] DEBUG wiremock.org.eclipse.jetty.io.AbstractConnection - FILL_INTERESTED-->IDLE HttpConnection@2292601e[IDLE,NetworkTrafficSelectChannelEndPoint@5b8a5edb{/127.0.0.1:36122<->10829,CLOSED,in,out,-,-,33/30000,HttpConnection}{io=1,kio=1,kro=1}][p=HttpParser{s=START,0 of -1},g=HttpGenerator{s=START},c=HttpChannelOverHttp@5fb5d172{r=2,c=false,a=IDLE,uri=}]
12:36:06.454 [qtp1970282393-22] DEBUG wiremock.org.eclipse.jetty.http.HttpParser - close HttpParser{s=START,0 of -1}
12:36:06.454 [qtp1970282393-22] DEBUG wiremock.org.eclipse.jetty.http.HttpParser - START --> CLOSED
12:36:06.455 [qtp1970282393-21] DEBUG wiremock.org.eclipse.jetty.io.SelectorManager - Destroyed NetworkTrafficSelectChannelEndPoint@5b8a5edb{/127.0.0.1:36122<->10829,CLOSED,ISHUT,OSHUT,-,-,34/30000,HttpConnection}{io=1,kio=-1,kro=-1}
12:36:06.455 [qtp1970282393-21] DEBUG wiremock.org.eclipse.jetty.io.AbstractConnection - onClose HttpConnection@2292601e[IDLE,NetworkTrafficSelectChannelEndPoint@5b8a5edb{/127.0.0.1:36122<->10829,CLOSED,ISHUT,OSHUT,-,-,34/30000,HttpConnection}{io=1,kio=-1,kro=-1}][p=HttpParser{s=CLOSED,0 of -1},g=HttpGenerator{s=START},c=HttpChannelOverHttp@5fb5d172{r=2,c=false,a=IDLE,uri=}]
12:36:06.455 [qtp1970282393-21] DEBUG wiremock.org.eclipse.jetty.io.AbstractEndPoint - onClose NetworkTrafficSelectChannelEndPoint@5b8a5edb{/127.0.0.1:36122<->10829,CLOSED,ISHUT,OSHUT,-,-,34/30000,HttpConnection}{io=1,kio=-1,kro=-1}
12:36:06.455 [Test worker] DEBUG wiremock.org.eclipse.jetty.io.SelectorManager - Stopped wiremock.org.eclipse.jetty.io.SelectorManager$ManagedSelector@2fbed8f4 keys=-1 selected=-1
12:36:06.455 [Test worker] DEBUG wiremock.org.eclipse.jetty.util.component.AbstractLifeCycle - STOPPED wiremock.org.eclipse.jetty.io.SelectorManager$ManagedSelector@2fbed8f4 keys=-1 selected=-1
12:36:06.455 [qtp1970282393-17-selector-ServerConnectorManager@71465bd2/1] DEBUG wiremock.org.eclipse.jetty.io.SelectorManager - Stopped Thread[qtp1970282393-17-selector-ServerConnectorManager@71465bd2/1,5,main] on wiremock.org.eclipse.jetty.io.SelectorManager$ManagedSelector@2fbed8f4 keys=-1 selected=-1
12:36:06.455 [Test worker] DEBUG wiremock.org.eclipse.jetty.util.component.AbstractLifeCycle - STOPPED wiremock.org.eclipse.jetty.server.ServerConnector$ServerConnectorManager@71465bd2
12:36:06.455 [Test worker] DEBUG wiremock.org.eclipse.jetty.util.component.AbstractLifeCycle - stopping HttpConnectionFactory@691fc316{HTTP/1.1}
12:36:06.455 [Test worker] DEBUG wiremock.org.eclipse.jetty.util.component.AbstractLifeCycle - STOPPED HttpConnectionFactory@691fc316{HTTP/1.1}
12:36:06.456 [Test worker] DEBUG wiremock.org.eclipse.jetty.util.component.AbstractLifeCycle - stopping wiremock.org.eclipse.jetty.util.thread.ScheduledExecutorScheduler@1293e9ea
12:36:06.456 [Test worker] DEBUG wiremock.org.eclipse.jetty.util.component.AbstractLifeCycle - STOPPED wiremock.org.eclipse.jetty.util.thread.ScheduledExecutorScheduler@1293e9ea
12:36:06.456 [qtp1970282393-22] DEBUG wiremock.org.eclipse.jetty.io.AbstractConnection - HttpConnection@2292601e[IDLE,NetworkTrafficSelectChannelEndPoint@5b8a5edb{/127.0.0.1:36122<->10829,CLOSED,ISHUT,OSHUT,-,-,35/30000,HttpConnection}{io=1,kio=-1,kro=-1}][p=HttpParser{s=CLOSED,0 of -1},g=HttpGenerator{s=START},c=HttpChannelOverHttp@5fb5d172{r=2,c=false,a=IDLE,uri=}] onFillInterestedFailed {}
12:36:06.456 [Test worker] INFO wiremock.org.eclipse.jetty.server.NetworkTrafficServerConnector - Stopped NetworkTrafficServerConnector@48c99580{HTTP/1.1}{0.0.0.0:10829}
12:36:06.456 [Test worker] DEBUG wiremock.org.eclipse.jetty.util.component.AbstractLifeCycle - STOPPED NetworkTrafficServerConnector@48c99580{HTTP/1.1}{0.0.0.0:10829}
12:36:06.456 [Test worker] DEBUG wiremock.org.eclipse.jetty.server.handler.AbstractHandler - stopping wiremock.org.eclipse.jetty.server.Server@77fd386a
12:36:06.456 [Test worker] DEBUG wiremock.org.eclipse.jetty.util.component.AbstractLifeCycle - stopping wiremock.org.eclipse.jetty.server.handler.HandlerCollection@56f2f615[w.o.e.j.s.ServletContextHandler@19b0481f{/__admin,null,SHUTDOWN}, w.o.e.j.s.ServletContextHandler@4965998d{/,null,SHUTDOWN}]
12:36:06.456 [Test worker] DEBUG wiremock.org.eclipse.jetty.server.handler.AbstractHandler - stopping wiremock.org.eclipse.jetty.server.handler.HandlerCollection@56f2f615[w.o.e.j.s.ServletContextHandler@19b0481f{/__admin,null,SHUTDOWN}, w.o.e.j.s.ServletContextHandler@4965998d{/,null,SHUTDOWN}]
12:36:06.456 [Test worker] DEBUG wiremock.org.eclipse.jetty.util.component.AbstractLifeCycle - stopping w.o.e.j.s.ServletContextHandler@4965998d{/,null,SHUTDOWN}
12:36:06.456 [Test worker] DEBUG wiremock.org.eclipse.jetty.server.handler.AbstractHandler - stopping w.o.e.j.s.ServletContextHandler@4965998d{/,null,UNAVAILABLE}
12:36:06.456 [Test worker] DEBUG wiremock.org.eclipse.jetty.util.component.AbstractLifeCycle - stopping com.github.tomakehurst.wiremock.jetty9.NotFoundHandler@203e2e37
12:36:06.456 [Test worker] DEBUG wiremock.org.eclipse.jetty.server.handler.AbstractHandler - stopping com.github.tomakehurst.wiremock.jetty9.NotFoundHandler@203e2e37
12:36:06.456 [Test worker] DEBUG wiremock.org.eclipse.jetty.util.component.AbstractLifeCycle - STOPPED com.github.tomakehurst.wiremock.jetty9.NotFoundHandler@203e2e37
12:36:06.456 [Test worker] DEBUG wiremock.org.eclipse.jetty.util.component.AbstractLifeCycle - stopping wiremock.org.eclipse.jetty.servlet.ServletHandler@64da97de
12:36:06.456 [Test worker] DEBUG wiremock.org.eclipse.jetty.server.handler.AbstractHandler - stopping wiremock.org.eclipse.jetty.servlet.ServletHandler@64da97de
12:36:06.456 [Test worker] DEBUG wiremock.org.eclipse.jetty.util.component.AbstractLifeCycle - stopping com.github.tomakehurst.wiremock.servlet.TrailingSlashFilter-1c53edcc
12:36:06.456 [Test worker] DEBUG wiremock.org.eclipse.jetty.util.component.AbstractLifeCycle - STOPPED com.github.tomakehurst.wiremock.servlet.TrailingSlashFilter-1c53edcc
12:36:06.457 [Test worker] DEBUG wiremock.org.eclipse.jetty.util.component.AbstractLifeCycle - stopping com.github.tomakehurst.wiremock.servlet.ContentTypeSettingFilter-483dae81
12:36:06.457 [Test worker] DEBUG wiremock.org.eclipse.jetty.util.component.AbstractLifeCycle - STOPPED com.github.tomakehurst.wiremock.servlet.ContentTypeSettingFilter-483dae81
12:36:06.457 [Test worker] DEBUG wiremock.org.eclipse.jetty.util.component.AbstractLifeCycle - stopping wiremock.org.eclipse.jetty.servlets.GzipFilter-79fd616c
12:36:06.457 [Test worker] DEBUG wiremock.org.eclipse.jetty.util.component.AbstractLifeCycle - STOPPED wiremock.org.eclipse.jetty.servlets.GzipFilter-79fd616c
12:36:06.457 [Test worker] DEBUG wiremock.org.eclipse.jetty.util.component.AbstractLifeCycle - stopping com.github.tomakehurst.wiremock.servlet.WireMockHandlerDispatchingServlet-46777ac0@1b3a267==com.github.tomakehurst.wiremock.servlet.WireMockHandlerDispatchingServlet,-1,true
12:36:06.457 [Test worker] DEBUG wiremock.org.eclipse.jetty.util.component.AbstractLifeCycle - STOPPED com.github.tomakehurst.wiremock.servlet.WireMockHandlerDispatchingServlet-46777ac0@1b3a267==com.github.tomakehurst.wiremock.servlet.WireMockHandlerDispatchingServlet,-1,false
12:36:06.457 [Test worker] DEBUG wiremock.org.eclipse.jetty.util.component.AbstractLifeCycle - stopping wiremock.org.eclipse.jetty.servlet.DefaultServlet-70b74e75@6893057d==wiremock.org.eclipse.jetty.servlet.DefaultServlet,-1,false
12:36:06.457 [Test worker] DEBUG wiremock.org.eclipse.jetty.util.component.AbstractLifeCycle - STOPPED wiremock.org.eclipse.jetty.servlet.DefaultServlet-70b74e75@6893057d==wiremock.org.eclipse.jetty.servlet.DefaultServlet,-1,false
12:36:06.459 [Test worker] DEBUG wiremock.org.eclipse.jetty.util.component.AbstractLifeCycle - STOPPED wiremock.org.eclipse.jetty.servlet.ServletHandler@64da97de
12:36:06.459 [Test worker] INFO wiremock.org.eclipse.jetty.server.handler.ContextHandler - Stopped w.o.e.j.s.ServletContextHandler@4965998d{/,null,UNAVAILABLE}
12:36:06.459 [Test worker] DEBUG wiremock.org.eclipse.jetty.util.component.AbstractLifeCycle - STOPPED w.o.e.j.s.ServletContextHandler@4965998d{/,null,UNAVAILABLE}
12:36:06.460 [Test worker] DEBUG wiremock.org.eclipse.jetty.util.component.AbstractLifeCycle - stopping w.o.e.j.s.ServletContextHandler@19b0481f{/__admin,null,SHUTDOWN}
12:36:06.460 [Test worker] DEBUG wiremock.org.eclipse.jetty.server.handler.AbstractHandler - stopping w.o.e.j.s.ServletContextHandler@19b0481f{/__admin,null,UNAVAILABLE}
12:36:06.460 [Test worker] DEBUG wiremock.org.eclipse.jetty.util.component.AbstractLifeCycle - stopping wiremock.org.eclipse.jetty.servlet.ServletHandler@3da7ed58
12:36:06.460 [Test worker] DEBUG wiremock.org.eclipse.jetty.server.handler.AbstractHandler - stopping wiremock.org.eclipse.jetty.servlet.ServletHandler@3da7ed58
12:36:06.460 [Test worker] DEBUG wiremock.org.eclipse.jetty.util.component.AbstractLifeCycle - stopping wiremock.org.eclipse.jetty.servlets.CrossOriginFilter-523d648d
12:36:06.460 [Test worker] DEBUG wiremock.org.eclipse.jetty.util.component.AbstractLifeCycle - STOPPED wiremock.org.eclipse.jetty.servlets.CrossOriginFilter-523d648d
12:36:06.460 [Test worker] DEBUG wiremock.org.eclipse.jetty.util.component.AbstractLifeCycle - stopping com.github.tomakehurst.wiremock.servlet.WireMockHandlerDispatchingServlet-7e3b647b@eb2577b4==com.github.tomakehurst.wiremock.servlet.WireMockHandlerDispatchingServlet,-1,true
12:36:06.460 [Test worker] DEBUG wiremock.org.eclipse.jetty.util.component.AbstractLifeCycle - STOPPED com.github.tomakehurst.wiremock.servlet.WireMockHandlerDispatchingServlet-7e3b647b@eb2577b4==com.github.tomakehurst.wiremock.servlet.WireMockHandlerDispatchingServlet,-1,false
12:36:06.460 [Test worker] DEBUG wiremock.org.eclipse.jetty.util.component.AbstractLifeCycle - stopping wiremock.org.eclipse.jetty.servlet.DefaultServlet-41a09d1b@63c07e88==wiremock.org.eclipse.jetty.servlet.DefaultServlet,-1,false
12:36:06.460 [Test worker] DEBUG wiremock.org.eclipse.jetty.util.component.AbstractLifeCycle - STOPPED wiremock.org.eclipse.jetty.servlet.DefaultServlet-41a09d1b@63c07e88==wiremock.org.eclipse.jetty.servlet.DefaultServlet,-1,false
12:36:06.460 [Test worker] DEBUG wiremock.org.eclipse.jetty.util.component.AbstractLifeCycle - stopping wiremock.org.eclipse.jetty.servlet.DefaultServlet-65e21cb4@e07b5d0==wiremock.org.eclipse.jetty.servlet.DefaultServlet,-1,false
12:36:06.461 [Test worker] DEBUG wiremock.org.eclipse.jetty.util.component.AbstractLifeCycle - STOPPED wiremock.org.eclipse.jetty.servlet.DefaultServlet-65e21cb4@e07b5d0==wiremock.org.eclipse.jetty.servlet.DefaultServlet,-1,false
12:36:06.461 [Test worker] DEBUG wiremock.org.eclipse.jetty.util.component.AbstractLifeCycle - STOPPED wiremock.org.eclipse.jetty.servlet.ServletHandler@3da7ed58
12:36:06.461 [Test worker] INFO wiremock.org.eclipse.jetty.server.handler.ContextHandler - Stopped w.o.e.j.s.ServletContextHandler@19b0481f{/__admin,null,UNAVAILABLE}
12:36:06.461 [Test worker] DEBUG wiremock.org.eclipse.jetty.util.component.AbstractLifeCycle - STOPPED w.o.e.j.s.ServletContextHandler@19b0481f{/__admin,null,UNAVAILABLE}
12:36:06.461 [Test worker] DEBUG wiremock.org.eclipse.jetty.util.component.AbstractLifeCycle - STOPPED wiremock.org.eclipse.jetty.server.handler.HandlerCollection@56f2f615[w.o.e.j.s.ServletContextHandler@19b0481f{/__admin,null,UNAVAILABLE}, w.o.e.j.s.ServletContextHandler@4965998d{/,null,UNAVAILABLE}]
12:36:06.461 [Test worker] DEBUG wiremock.org.eclipse.jetty.util.component.AbstractLifeCycle - stopping qtp1970282393{STARTED,8<=8<=10,i=8,q=0}
12:36:06.462 [Test worker] WARN wiremock.org.eclipse.jetty.util.thread.QueuedThreadPool - Couldn't stop Thread[qtp1970282393-16,5,]
	at java.util.concurrent.locks.AbstractQueuedSynchronizer$ConditionObject.awaitNanos(AbstractQueuedSynchronizer.java:2088)
	at wiremock.org.eclipse.jetty.util.BlockingArrayQueue.poll(BlockingArrayQueue.java:389)
	at wiremock.org.eclipse.jetty.util.thread.QueuedThreadPool.idleJobPoll(QueuedThreadPool.java:531)
	at wiremock.org.eclipse.jetty.util.thread.QueuedThreadPool.access$700(QueuedThreadPool.java:47)
	at wiremock.org.eclipse.jetty.util.thread.QueuedThreadPool$3.run(QueuedThreadPool.java:590)
	at java.lang.Thread.run(Thread.java:748)
12:36:06.463 [Test worker] WARN wiremock.org.eclipse.jetty.util.thread.QueuedThreadPool - Couldn't stop Thread[qtp1970282393-17,5,]
12:36:06.463 [Test worker] DEBUG wiremock.org.eclipse.jetty.util.component.AbstractLifeCycle - STOPPED qtp1970282393{STOPPED,8<=8<=10,i=0,q=6}
12:36:06.463 [Test worker] DEBUG wiremock.org.eclipse.jetty.util.component.AbstractLifeCycle - STOPPED wiremock.org.eclipse.jetty.server.Server@77fd386a
]]></system-out>
  <system-err><![CDATA[]]></system-err>
</testsuite>
